gain	0	1	-87.39
gain	1	0	-90.74
gain	0	2	-95.30
gain	2	0	-96.64
gain	0	3	-105.13
gain	3	0	-105.85
gain	0	4	-106.74
gain	4	0	-108.13
gain	0	5	-108.11
gain	5	0	-110.09
gain	0	6	-111.64
gain	6	0	-112.52
gain	0	7	-82.87
gain	7	0	-89.20
gain	0	8	-87.41
gain	8	0	-88.51
gain	0	9	-99.13
gain	9	0	-101.76
gain	0	10	-101.14
gain	10	0	-106.51
gain	0	11	-105.52
gain	11	0	-108.42
gain	0	12	-108.36
gain	12	0	-111.24
gain	0	13	-108.60
gain	13	0	-112.97
gain	0	14	-88.33
gain	14	0	-89.91
gain	0	15	-93.79
gain	15	0	-96.80
gain	0	16	-96.71
gain	16	0	-97.32
gain	0	17	-102.45
gain	17	0	-103.15
gain	0	18	-102.96
gain	18	0	-108.16
gain	0	19	-109.74
gain	19	0	-107.42
gain	0	20	-113.57
gain	20	0	-114.74
gain	0	21	-98.48
gain	21	0	-102.44
gain	0	22	-99.94
gain	22	0	-105.45
gain	0	23	-103.27
gain	23	0	-105.96
gain	0	24	-102.06
gain	24	0	-106.19
gain	0	25	-102.56
gain	25	0	-108.57
gain	0	26	-112.02
gain	26	0	-114.54
gain	0	27	-106.80
gain	27	0	-112.03
gain	0	28	-101.86
gain	28	0	-101.33
gain	0	29	-109.12
gain	29	0	-108.31
gain	0	30	-108.19
gain	30	0	-112.22
gain	0	31	-106.43
gain	31	0	-109.90
gain	0	32	-106.59
gain	32	0	-109.53
gain	0	33	-111.39
gain	33	0	-113.15
gain	0	34	-112.56
gain	34	0	-115.09
gain	0	35	-106.84
gain	35	0	-113.30
gain	0	36	-113.28
gain	36	0	-116.38
gain	0	37	-109.54
gain	37	0	-107.56
gain	0	38	-103.34
gain	38	0	-103.23
gain	0	39	-108.63
gain	39	0	-112.92
gain	0	40	-117.01
gain	40	0	-122.61
gain	0	41	-111.97
gain	41	0	-116.70
gain	0	42	-106.72
gain	42	0	-109.98
gain	0	43	-112.06
gain	43	0	-113.80
gain	0	44	-112.62
gain	44	0	-114.33
gain	0	45	-111.00
gain	45	0	-113.95
gain	0	46	-114.09
gain	46	0	-115.05
gain	0	47	-111.76
gain	47	0	-117.13
gain	0	48	-112.47
gain	48	0	-114.26
gain	1	2	-87.09
gain	2	1	-85.08
gain	1	3	-91.03
gain	3	1	-88.41
gain	1	4	-102.54
gain	4	1	-100.58
gain	1	5	-113.83
gain	5	1	-112.46
gain	1	6	-110.18
gain	6	1	-107.72
gain	1	7	-94.77
gain	7	1	-97.75
gain	1	8	-91.45
gain	8	1	-89.20
gain	1	9	-95.34
gain	9	1	-94.61
gain	1	10	-99.59
gain	10	1	-101.61
gain	1	11	-101.77
gain	11	1	-101.32
gain	1	12	-106.53
gain	12	1	-106.06
gain	1	13	-109.53
gain	13	1	-110.54
gain	1	14	-96.01
gain	14	1	-94.24
gain	1	15	-91.50
gain	15	1	-91.15
gain	1	16	-107.43
gain	16	1	-104.69
gain	1	17	-103.88
gain	17	1	-101.22
gain	1	18	-105.51
gain	18	1	-107.35
gain	1	19	-111.02
gain	19	1	-105.34
gain	1	20	-114.39
gain	20	1	-112.21
gain	1	21	-102.92
gain	21	1	-103.53
gain	1	22	-107.00
gain	22	1	-109.16
gain	1	23	-107.16
gain	23	1	-106.50
gain	1	24	-102.60
gain	24	1	-103.38
gain	1	25	-108.98
gain	25	1	-111.64
gain	1	26	-111.18
gain	26	1	-110.35
gain	1	27	-115.35
gain	27	1	-117.22
gain	1	28	-106.88
gain	28	1	-103.00
gain	1	29	-112.66
gain	29	1	-108.49
gain	1	30	-110.39
gain	30	1	-111.07
gain	1	31	-110.80
gain	31	1	-110.92
gain	1	32	-110.76
gain	32	1	-110.35
gain	1	33	-112.66
gain	33	1	-111.06
gain	1	34	-112.79
gain	34	1	-111.97
gain	1	35	-109.32
gain	35	1	-112.43
gain	1	36	-113.71
gain	36	1	-113.45
gain	1	37	-109.30
gain	37	1	-103.97
gain	1	38	-115.88
gain	38	1	-112.43
gain	1	39	-111.47
gain	39	1	-112.40
gain	1	40	-111.75
gain	40	1	-114.00
gain	1	41	-112.95
gain	41	1	-114.33
gain	1	42	-114.46
gain	42	1	-114.37
gain	1	43	-113.40
gain	43	1	-111.79
gain	1	44	-118.18
gain	44	1	-116.54
gain	1	45	-118.42
gain	45	1	-118.01
gain	1	46	-120.29
gain	46	1	-117.91
gain	1	47	-116.19
gain	47	1	-118.21
gain	1	48	-114.89
gain	48	1	-113.32
gain	2	3	-81.03
gain	3	2	-80.41
gain	2	4	-98.58
gain	4	2	-98.63
gain	2	5	-102.47
gain	5	2	-103.11
gain	2	6	-102.40
gain	6	2	-101.94
gain	2	7	-103.74
gain	7	2	-108.73
gain	2	8	-98.59
gain	8	2	-98.36
gain	2	9	-85.96
gain	9	2	-87.24
gain	2	10	-87.31
gain	10	2	-91.34
gain	2	11	-94.83
gain	11	2	-96.39
gain	2	12	-99.00
gain	12	2	-100.55
gain	2	13	-105.84
gain	13	2	-108.86
gain	2	14	-98.28
gain	14	2	-98.51
gain	2	15	-98.07
gain	15	2	-99.75
gain	2	16	-101.50
gain	16	2	-100.77
gain	2	17	-101.73
gain	17	2	-101.08
gain	2	18	-99.36
gain	18	2	-103.22
gain	2	19	-106.97
gain	19	2	-103.31
gain	2	20	-105.73
gain	20	2	-105.56
gain	2	21	-99.40
gain	21	2	-102.03
gain	2	22	-98.53
gain	22	2	-102.70
gain	2	23	-104.46
gain	23	2	-105.82
gain	2	24	-102.82
gain	24	2	-105.61
gain	2	25	-99.77
gain	25	2	-104.44
gain	2	26	-107.00
gain	26	2	-108.18
gain	2	27	-104.84
gain	27	2	-108.73
gain	2	28	-111.16
gain	28	2	-109.30
gain	2	29	-111.05
gain	29	2	-108.89
gain	2	30	-103.31
gain	30	2	-106.00
gain	2	31	-107.35
gain	31	2	-109.49
gain	2	32	-109.00
gain	32	2	-110.61
gain	2	33	-102.19
gain	33	2	-102.61
gain	2	34	-107.40
gain	34	2	-108.59
gain	2	35	-109.39
gain	35	2	-114.51
gain	2	36	-107.95
gain	36	2	-109.70
gain	2	37	-113.76
gain	37	2	-110.44
gain	2	38	-109.16
gain	38	2	-107.72
gain	2	39	-114.13
gain	39	2	-117.07
gain	2	40	-108.88
gain	40	2	-113.14
gain	2	41	-113.91
gain	41	2	-117.30
gain	2	42	-112.64
gain	42	2	-114.56
gain	2	43	-108.11
gain	43	2	-108.51
gain	2	44	-111.20
gain	44	2	-111.57
gain	2	45	-105.38
gain	45	2	-106.99
gain	2	46	-111.65
gain	46	2	-111.28
gain	2	47	-112.25
gain	47	2	-116.29
gain	2	48	-113.80
gain	48	2	-114.25
gain	3	4	-86.84
gain	4	3	-87.51
gain	3	5	-96.72
gain	5	3	-97.97
gain	3	6	-94.94
gain	6	3	-95.10
gain	3	7	-99.06
gain	7	3	-104.67
gain	3	8	-105.91
gain	8	3	-106.29
gain	3	9	-90.23
gain	9	3	-92.13
gain	3	10	-88.01
gain	10	3	-92.66
gain	3	11	-89.20
gain	11	3	-91.37
gain	3	12	-99.27
gain	12	3	-101.43
gain	3	13	-101.86
gain	13	3	-105.49
gain	3	14	-99.41
gain	14	3	-100.26
gain	3	15	-101.76
gain	15	3	-104.04
gain	3	16	-104.83
gain	16	3	-104.72
gain	3	17	-102.24
gain	17	3	-102.21
gain	3	18	-98.48
gain	18	3	-102.95
gain	3	19	-98.33
gain	19	3	-95.29
gain	3	20	-100.94
gain	20	3	-101.39
gain	3	21	-104.03
gain	21	3	-107.27
gain	3	22	-103.96
gain	22	3	-108.74
gain	3	23	-103.23
gain	23	3	-105.20
gain	3	24	-95.72
gain	24	3	-99.13
gain	3	25	-100.42
gain	25	3	-105.70
gain	3	26	-104.23
gain	26	3	-106.02
gain	3	27	-105.41
gain	27	3	-109.92
gain	3	28	-104.02
gain	28	3	-102.76
gain	3	29	-106.77
gain	29	3	-105.23
gain	3	30	-107.17
gain	30	3	-110.48
gain	3	31	-107.50
gain	31	3	-110.25
gain	3	32	-107.81
gain	32	3	-110.03
gain	3	33	-105.01
gain	33	3	-106.03
gain	3	34	-104.64
gain	34	3	-106.45
gain	3	35	-102.81
gain	35	3	-108.54
gain	3	36	-110.21
gain	36	3	-112.58
gain	3	37	-110.81
gain	37	3	-108.11
gain	3	38	-113.70
gain	38	3	-112.87
gain	3	39	-106.19
gain	39	3	-109.74
gain	3	40	-104.37
gain	40	3	-109.25
gain	3	41	-110.19
gain	41	3	-114.19
gain	3	42	-110.96
gain	42	3	-113.50
gain	3	43	-112.16
gain	43	3	-113.17
gain	3	44	-115.03
gain	44	3	-116.01
gain	3	45	-119.41
gain	45	3	-121.63
gain	3	46	-111.09
gain	46	3	-111.34
gain	3	47	-109.73
gain	47	3	-114.38
gain	3	48	-109.50
gain	48	3	-110.56
gain	4	5	-89.17
gain	5	4	-89.76
gain	4	6	-93.72
gain	6	4	-93.21
gain	4	7	-108.07
gain	7	4	-113.01
gain	4	8	-101.14
gain	8	4	-100.86
gain	4	9	-97.06
gain	9	4	-98.29
gain	4	10	-88.11
gain	10	4	-92.09
gain	4	11	-81.30
gain	11	4	-82.81
gain	4	12	-91.97
gain	12	4	-93.46
gain	4	13	-95.37
gain	13	4	-98.34
gain	4	14	-109.00
gain	14	4	-109.18
gain	4	15	-101.09
gain	15	4	-102.71
gain	4	16	-104.36
gain	16	4	-103.58
gain	4	17	-102.27
gain	17	4	-101.57
gain	4	18	-99.42
gain	18	4	-103.21
gain	4	19	-99.11
gain	19	4	-95.39
gain	4	20	-104.87
gain	20	4	-104.64
gain	4	21	-108.58
gain	21	4	-111.16
gain	4	22	-106.37
gain	22	4	-110.49
gain	4	23	-108.15
gain	23	4	-109.46
gain	4	24	-105.61
gain	24	4	-108.35
gain	4	25	-102.05
gain	25	4	-106.67
gain	4	26	-100.63
gain	26	4	-101.76
gain	4	27	-103.14
gain	27	4	-106.98
gain	4	28	-108.45
gain	28	4	-106.53
gain	4	29	-108.75
gain	29	4	-106.54
gain	4	30	-105.24
gain	30	4	-107.88
gain	4	31	-105.93
gain	31	4	-108.01
gain	4	32	-102.26
gain	32	4	-103.81
gain	4	33	-110.00
gain	33	4	-110.36
gain	4	34	-110.31
gain	34	4	-111.45
gain	4	35	-113.74
gain	35	4	-118.81
gain	4	36	-106.58
gain	36	4	-108.29
gain	4	37	-109.66
gain	37	4	-106.29
gain	4	38	-113.39
gain	38	4	-111.90
gain	4	39	-109.69
gain	39	4	-112.58
gain	4	40	-113.21
gain	40	4	-117.42
gain	4	41	-109.40
gain	41	4	-112.74
gain	4	42	-116.67
gain	42	4	-118.53
gain	4	43	-113.74
gain	43	4	-114.09
gain	4	44	-114.39
gain	44	4	-114.70
gain	4	45	-109.90
gain	45	4	-111.45
gain	4	46	-114.25
gain	46	4	-113.82
gain	4	47	-110.03
gain	47	4	-114.01
gain	4	48	-114.97
gain	48	4	-115.36
gain	5	6	-83.74
gain	6	5	-82.65
gain	5	7	-108.52
gain	7	5	-112.87
gain	5	8	-117.48
gain	8	5	-116.60
gain	5	9	-103.33
gain	9	5	-103.97
gain	5	10	-98.02
gain	10	5	-101.41
gain	5	11	-91.28
gain	11	5	-92.20
gain	5	12	-94.69
gain	12	5	-95.59
gain	5	13	-92.61
gain	13	5	-95.00
gain	5	14	-112.22
gain	14	5	-111.82
gain	5	15	-109.56
gain	15	5	-110.60
gain	5	16	-108.36
gain	16	5	-106.99
gain	5	17	-104.41
gain	17	5	-103.13
gain	5	18	-101.41
gain	18	5	-104.62
gain	5	19	-96.41
gain	19	5	-92.11
gain	5	20	-102.90
gain	20	5	-102.09
gain	5	21	-111.23
gain	21	5	-113.21
gain	5	22	-100.10
gain	22	5	-103.63
gain	5	23	-113.19
gain	23	5	-113.91
gain	5	24	-106.88
gain	24	5	-109.03
gain	5	25	-101.48
gain	25	5	-105.51
gain	5	26	-97.27
gain	26	5	-97.82
gain	5	27	-107.51
gain	27	5	-110.76
gain	5	28	-104.56
gain	28	5	-102.05
gain	5	29	-116.25
gain	29	5	-113.45
gain	5	30	-112.40
gain	30	5	-114.45
gain	5	31	-109.42
gain	31	5	-110.91
gain	5	32	-108.39
gain	32	5	-109.36
gain	5	33	-104.98
gain	33	5	-104.75
gain	5	34	-107.99
gain	34	5	-108.54
gain	5	35	-112.39
gain	35	5	-116.87
gain	5	36	-109.37
gain	36	5	-110.48
gain	5	37	-114.01
gain	37	5	-110.06
gain	5	38	-113.05
gain	38	5	-110.96
gain	5	39	-111.44
gain	39	5	-113.74
gain	5	40	-111.63
gain	40	5	-115.26
gain	5	41	-109.13
gain	41	5	-111.88
gain	5	42	-117.50
gain	42	5	-118.77
gain	5	43	-109.65
gain	43	5	-109.41
gain	5	44	-114.92
gain	44	5	-114.65
gain	5	45	-117.86
gain	45	5	-118.82
gain	5	46	-111.69
gain	46	5	-110.68
gain	5	47	-110.04
gain	47	5	-113.43
gain	5	48	-109.65
gain	48	5	-109.45
gain	6	7	-112.52
gain	7	6	-117.97
gain	6	8	-112.89
gain	8	6	-113.11
gain	6	9	-102.64
gain	9	6	-104.38
gain	6	10	-97.16
gain	10	6	-101.65
gain	6	11	-97.76
gain	11	6	-99.78
gain	6	12	-100.90
gain	12	6	-102.90
gain	6	13	-93.18
gain	13	6	-96.65
gain	6	14	-109.11
gain	14	6	-109.80
gain	6	15	-110.58
gain	15	6	-112.70
gain	6	16	-102.66
gain	16	6	-102.38
gain	6	17	-104.73
gain	17	6	-104.54
gain	6	18	-101.29
gain	18	6	-105.60
gain	6	19	-97.30
gain	19	6	-94.10
gain	6	20	-103.64
gain	20	6	-103.92
gain	6	21	-111.79
gain	21	6	-114.87
gain	6	22	-113.20
gain	22	6	-117.82
gain	6	23	-103.48
gain	23	6	-105.29
gain	6	24	-102.96
gain	24	6	-106.21
gain	6	25	-104.39
gain	25	6	-109.51
gain	6	26	-98.25
gain	26	6	-99.89
gain	6	27	-106.59
gain	27	6	-110.93
gain	6	28	-112.82
gain	28	6	-111.41
gain	6	29	-109.72
gain	29	6	-108.02
gain	6	30	-110.70
gain	30	6	-113.84
gain	6	31	-110.27
gain	31	6	-112.86
gain	6	32	-112.86
gain	32	6	-114.92
gain	6	33	-113.43
gain	33	6	-114.30
gain	6	34	-107.90
gain	34	6	-109.55
gain	6	35	-115.11
gain	35	6	-120.69
gain	6	36	-115.28
gain	36	6	-117.49
gain	6	37	-108.18
gain	37	6	-105.32
gain	6	38	-105.28
gain	38	6	-104.29
gain	6	39	-105.53
gain	39	6	-108.92
gain	6	40	-107.15
gain	40	6	-111.87
gain	6	41	-112.49
gain	41	6	-116.33
gain	6	42	-115.33
gain	42	6	-117.71
gain	6	43	-110.10
gain	43	6	-110.95
gain	6	44	-112.24
gain	44	6	-113.06
gain	6	45	-112.50
gain	45	6	-114.56
gain	6	46	-111.13
gain	46	6	-111.21
gain	6	47	-110.57
gain	47	6	-115.06
gain	6	48	-108.04
gain	48	6	-108.94
gain	7	8	-85.27
gain	8	7	-80.04
gain	7	9	-103.17
gain	9	7	-99.46
gain	7	10	-109.06
gain	10	7	-108.11
gain	7	11	-112.85
gain	11	7	-109.42
gain	7	12	-111.20
gain	12	7	-107.75
gain	7	13	-112.54
gain	13	7	-110.58
gain	7	14	-93.64
gain	14	7	-88.89
gain	7	15	-96.81
gain	15	7	-93.49
gain	7	16	-100.77
gain	16	7	-95.06
gain	7	17	-106.08
gain	17	7	-100.45
gain	7	18	-112.16
gain	18	7	-111.02
gain	7	19	-121.21
gain	19	7	-112.56
gain	7	20	-123.33
gain	20	7	-118.17
gain	7	21	-98.95
gain	21	7	-96.59
gain	7	22	-106.54
gain	22	7	-105.72
gain	7	23	-105.42
gain	23	7	-101.79
gain	7	24	-111.29
gain	24	7	-109.09
gain	7	25	-112.62
gain	25	7	-112.29
gain	7	26	-115.00
gain	26	7	-111.19
gain	7	27	-118.67
gain	27	7	-117.57
gain	7	28	-104.94
gain	28	7	-98.08
gain	7	29	-110.09
gain	29	7	-102.95
gain	7	30	-109.86
gain	30	7	-107.57
gain	7	31	-112.70
gain	31	7	-109.85
gain	7	32	-113.21
gain	32	7	-109.83
gain	7	33	-116.59
gain	33	7	-112.02
gain	7	34	-118.13
gain	34	7	-114.33
gain	7	35	-104.77
gain	35	7	-104.90
gain	7	36	-116.82
gain	36	7	-113.58
gain	7	37	-114.29
gain	37	7	-105.98
gain	7	38	-117.78
gain	38	7	-111.35
gain	7	39	-114.19
gain	39	7	-112.14
gain	7	40	-120.23
gain	40	7	-119.51
gain	7	41	-120.86
gain	41	7	-119.26
gain	7	42	-116.64
gain	42	7	-113.56
gain	7	43	-114.10
gain	43	7	-109.50
gain	7	44	-118.15
gain	44	7	-113.53
gain	7	45	-118.51
gain	45	7	-115.13
gain	7	46	-121.48
gain	46	7	-116.12
gain	7	47	-117.83
gain	47	7	-116.87
gain	7	48	-118.95
gain	48	7	-114.40
gain	8	9	-92.50
gain	9	8	-94.02
gain	8	10	-97.19
gain	10	8	-101.45
gain	8	11	-99.37
gain	11	8	-101.16
gain	8	12	-105.22
gain	12	8	-107.00
gain	8	13	-114.14
gain	13	8	-117.40
gain	8	14	-81.75
gain	14	8	-82.22
gain	8	15	-80.40
gain	15	8	-82.31
gain	8	16	-87.99
gain	16	8	-87.49
gain	8	17	-101.55
gain	17	8	-101.14
gain	8	18	-107.76
gain	18	8	-111.85
gain	8	19	-108.75
gain	19	8	-105.32
gain	8	20	-107.53
gain	20	8	-107.60
gain	8	21	-95.34
gain	21	8	-98.20
gain	8	22	-90.34
gain	22	8	-94.75
gain	8	23	-97.80
gain	23	8	-99.39
gain	8	24	-107.65
gain	24	8	-110.68
gain	8	25	-100.34
gain	25	8	-105.25
gain	8	26	-104.65
gain	26	8	-106.07
gain	8	27	-110.63
gain	27	8	-114.75
gain	8	28	-101.56
gain	28	8	-99.93
gain	8	29	-98.74
gain	29	8	-96.82
gain	8	30	-99.20
gain	30	8	-102.13
gain	8	31	-102.57
gain	31	8	-104.94
gain	8	32	-107.88
gain	32	8	-109.71
gain	8	33	-108.71
gain	33	8	-109.36
gain	8	34	-115.11
gain	34	8	-116.54
gain	8	35	-98.22
gain	35	8	-103.58
gain	8	36	-105.18
gain	36	8	-107.17
gain	8	37	-103.97
gain	37	8	-100.89
gain	8	38	-107.32
gain	38	8	-106.11
gain	8	39	-106.55
gain	39	8	-109.73
gain	8	40	-115.59
gain	40	8	-120.09
gain	8	41	-110.32
gain	41	8	-113.94
gain	8	42	-107.61
gain	42	8	-109.76
gain	8	43	-113.25
gain	43	8	-113.88
gain	8	44	-111.91
gain	44	8	-112.51
gain	8	45	-110.14
gain	45	8	-111.98
gain	8	46	-111.11
gain	46	8	-110.97
gain	8	47	-112.63
gain	47	8	-116.89
gain	8	48	-111.67
gain	48	8	-112.35
gain	9	10	-89.53
gain	10	9	-92.28
gain	9	11	-91.53
gain	11	9	-91.81
gain	9	12	-99.27
gain	12	9	-99.53
gain	9	13	-105.38
gain	13	9	-107.12
gain	9	14	-97.34
gain	14	9	-96.30
gain	9	15	-100.50
gain	15	9	-100.89
gain	9	16	-96.43
gain	16	9	-94.43
gain	9	17	-99.34
gain	17	9	-97.41
gain	9	18	-98.98
gain	18	9	-101.55
gain	9	19	-104.25
gain	19	9	-99.31
gain	9	20	-104.54
gain	20	9	-103.09
gain	9	21	-104.63
gain	21	9	-105.98
gain	9	22	-101.77
gain	22	9	-104.66
gain	9	23	-97.64
gain	23	9	-97.71
gain	9	24	-98.55
gain	24	9	-100.06
gain	9	25	-97.03
gain	25	9	-100.42
gain	9	26	-105.14
gain	26	9	-105.04
gain	9	27	-111.01
gain	27	9	-113.62
gain	9	28	-105.30
gain	28	9	-102.15
gain	9	29	-106.57
gain	29	9	-103.13
gain	9	30	-104.32
gain	30	9	-105.73
gain	9	31	-105.25
gain	31	9	-106.11
gain	9	32	-110.87
gain	32	9	-111.19
gain	9	33	-106.44
gain	33	9	-105.57
gain	9	34	-109.67
gain	34	9	-109.58
gain	9	35	-112.85
gain	35	9	-116.69
gain	9	36	-104.19
gain	36	9	-104.67
gain	9	37	-106.13
gain	37	9	-101.53
gain	9	38	-107.14
gain	38	9	-104.41
gain	9	39	-110.49
gain	39	9	-112.15
gain	9	40	-108.34
gain	40	9	-111.33
gain	9	41	-107.05
gain	41	9	-109.16
gain	9	42	-106.04
gain	42	9	-106.68
gain	9	43	-113.05
gain	43	9	-112.17
gain	9	44	-115.16
gain	44	9	-114.25
gain	9	45	-111.25
gain	45	9	-111.58
gain	9	46	-119.01
gain	46	9	-117.36
gain	9	47	-110.35
gain	47	9	-113.10
gain	9	48	-114.49
gain	48	9	-113.66
gain	10	11	-85.67
gain	11	10	-83.20
gain	10	12	-91.74
gain	12	10	-89.25
gain	10	13	-100.39
gain	13	10	-99.38
gain	10	14	-109.71
gain	14	10	-105.91
gain	10	15	-108.27
gain	15	10	-105.90
gain	10	16	-96.49
gain	16	10	-91.73
gain	10	17	-105.40
gain	17	10	-100.73
gain	10	18	-96.48
gain	18	10	-96.30
gain	10	19	-101.38
gain	19	10	-93.69
gain	10	20	-108.92
gain	20	10	-104.72
gain	10	21	-114.44
gain	21	10	-113.03
gain	10	22	-105.40
gain	22	10	-105.54
gain	10	23	-106.11
gain	23	10	-103.43
gain	10	24	-103.37
gain	24	10	-102.13
gain	10	25	-98.73
gain	25	10	-99.36
gain	10	26	-103.18
gain	26	10	-100.33
gain	10	27	-112.59
gain	27	10	-112.45
gain	10	28	-109.31
gain	28	10	-103.41
gain	10	29	-113.43
gain	29	10	-107.24
gain	10	30	-110.28
gain	30	10	-108.94
gain	10	31	-109.86
gain	31	10	-107.96
gain	10	32	-110.43
gain	32	10	-108.00
gain	10	33	-116.56
gain	33	10	-112.94
gain	10	34	-114.30
gain	34	10	-111.46
gain	10	35	-115.98
gain	35	10	-117.06
gain	10	36	-112.66
gain	36	10	-110.38
gain	10	37	-115.23
gain	37	10	-107.88
gain	10	38	-105.01
gain	38	10	-99.54
gain	10	39	-113.01
gain	39	10	-111.92
gain	10	40	-113.74
gain	40	10	-113.97
gain	10	41	-110.32
gain	41	10	-109.68
gain	10	42	-115.57
gain	42	10	-113.46
gain	10	43	-116.54
gain	43	10	-112.91
gain	10	44	-114.78
gain	44	10	-111.11
gain	10	45	-111.92
gain	45	10	-109.49
gain	10	46	-117.70
gain	46	10	-113.30
gain	10	47	-115.30
gain	47	10	-115.30
gain	10	48	-111.80
gain	48	10	-108.21
gain	11	12	-98.45
gain	12	11	-98.44
gain	11	13	-95.64
gain	13	11	-97.10
gain	11	14	-104.89
gain	14	11	-103.57
gain	11	15	-105.47
gain	15	11	-105.58
gain	11	16	-101.47
gain	16	11	-99.19
gain	11	17	-99.46
gain	17	11	-97.26
gain	11	18	-92.54
gain	18	11	-94.83
gain	11	19	-102.67
gain	19	11	-97.45
gain	11	20	-98.01
gain	20	11	-96.28
gain	11	21	-105.54
gain	21	11	-106.61
gain	11	22	-105.75
gain	22	11	-108.36
gain	11	23	-102.83
gain	23	11	-102.63
gain	11	24	-103.26
gain	24	11	-104.50
gain	11	25	-96.65
gain	25	11	-99.76
gain	11	26	-106.17
gain	26	11	-105.79
gain	11	27	-107.18
gain	27	11	-109.51
gain	11	28	-109.97
gain	28	11	-106.55
gain	11	29	-109.56
gain	29	11	-105.85
gain	11	30	-103.10
gain	30	11	-104.23
gain	11	31	-106.34
gain	31	11	-106.91
gain	11	32	-107.60
gain	32	11	-107.65
gain	11	33	-105.69
gain	33	11	-104.55
gain	11	34	-109.43
gain	34	11	-109.06
gain	11	35	-107.28
gain	35	11	-110.84
gain	11	36	-110.52
gain	36	11	-110.72
gain	11	37	-110.95
gain	37	11	-106.07
gain	11	38	-108.72
gain	38	11	-105.71
gain	11	39	-112.88
gain	39	11	-114.26
gain	11	40	-109.04
gain	40	11	-111.75
gain	11	41	-105.01
gain	41	11	-106.84
gain	11	42	-116.47
gain	42	11	-116.83
gain	11	43	-110.25
gain	43	11	-109.08
gain	11	44	-114.90
gain	44	11	-113.71
gain	11	45	-112.22
gain	45	11	-112.27
gain	11	46	-111.97
gain	46	11	-110.04
gain	11	47	-115.15
gain	47	11	-117.62
gain	11	48	-119.95
gain	48	11	-118.84
gain	12	13	-78.80
gain	13	12	-80.28
gain	12	14	-109.94
gain	14	12	-108.64
gain	12	15	-109.58
gain	15	12	-109.71
gain	12	16	-98.98
gain	16	12	-96.71
gain	12	17	-91.89
gain	17	12	-89.70
gain	12	18	-91.86
gain	18	12	-94.16
gain	12	19	-90.53
gain	19	12	-85.33
gain	12	20	-92.01
gain	20	12	-90.29
gain	12	21	-110.04
gain	21	12	-111.12
gain	12	22	-111.89
gain	22	12	-114.52
gain	12	23	-106.51
gain	23	12	-106.33
gain	12	24	-94.69
gain	24	12	-95.94
gain	12	25	-95.66
gain	25	12	-98.79
gain	12	26	-94.33
gain	26	12	-93.96
gain	12	27	-96.13
gain	27	12	-98.48
gain	12	28	-114.54
gain	28	12	-111.13
gain	12	29	-108.16
gain	29	12	-104.46
gain	12	30	-108.73
gain	30	12	-109.88
gain	12	31	-108.80
gain	31	12	-109.39
gain	12	32	-100.26
gain	32	12	-100.32
gain	12	33	-109.87
gain	33	12	-108.74
gain	12	34	-104.68
gain	34	12	-104.33
gain	12	35	-107.16
gain	35	12	-110.73
gain	12	36	-109.94
gain	36	12	-110.16
gain	12	37	-108.38
gain	37	12	-103.52
gain	12	38	-109.32
gain	38	12	-106.33
gain	12	39	-105.90
gain	39	12	-107.29
gain	12	40	-108.61
gain	40	12	-111.34
gain	12	41	-107.83
gain	41	12	-109.68
gain	12	42	-112.54
gain	42	12	-112.92
gain	12	43	-110.99
gain	43	12	-109.85
gain	12	44	-115.58
gain	44	12	-114.40
gain	12	45	-111.93
gain	45	12	-111.99
gain	12	46	-108.09
gain	46	12	-106.17
gain	12	47	-111.95
gain	47	12	-114.44
gain	12	48	-116.04
gain	48	12	-114.94
gain	13	14	-116.17
gain	14	13	-113.38
gain	13	15	-107.75
gain	15	13	-106.39
gain	13	16	-106.93
gain	16	13	-103.18
gain	13	17	-104.76
gain	17	13	-101.09
gain	13	18	-96.16
gain	18	13	-96.99
gain	13	19	-91.24
gain	19	13	-84.55
gain	13	20	-85.45
gain	20	13	-82.26
gain	13	21	-116.10
gain	21	13	-115.70
gain	13	22	-110.49
gain	22	13	-111.63
gain	13	23	-110.41
gain	23	13	-108.74
gain	13	24	-102.01
gain	24	13	-101.78
gain	13	25	-96.65
gain	25	13	-98.29
gain	13	26	-92.48
gain	26	13	-90.64
gain	13	27	-99.12
gain	27	13	-99.99
gain	13	28	-117.66
gain	28	13	-112.77
gain	13	29	-111.07
gain	29	13	-105.88
gain	13	30	-111.61
gain	30	13	-111.28
gain	13	31	-107.02
gain	31	13	-106.14
gain	13	32	-99.98
gain	32	13	-98.56
gain	13	33	-106.43
gain	33	13	-103.82
gain	13	34	-98.44
gain	34	13	-96.61
gain	13	35	-112.65
gain	35	13	-114.74
gain	13	36	-113.46
gain	36	13	-112.19
gain	13	37	-116.01
gain	37	13	-109.67
gain	13	38	-107.67
gain	38	13	-103.20
gain	13	39	-110.46
gain	39	13	-110.38
gain	13	40	-109.81
gain	40	13	-111.06
gain	13	41	-106.20
gain	41	13	-106.56
gain	13	42	-120.52
gain	42	13	-119.41
gain	13	43	-115.45
gain	43	13	-112.83
gain	13	44	-112.17
gain	44	13	-109.51
gain	13	45	-112.05
gain	45	13	-110.63
gain	13	46	-107.04
gain	46	13	-103.64
gain	13	47	-112.57
gain	47	13	-113.58
gain	13	48	-112.28
gain	48	13	-109.71
gain	14	15	-78.64
gain	15	14	-80.08
gain	14	16	-92.87
gain	16	14	-91.91
gain	14	17	-99.13
gain	17	14	-98.25
gain	14	18	-109.07
gain	18	14	-112.68
gain	14	19	-105.81
gain	19	14	-101.91
gain	14	20	-108.73
gain	20	14	-108.32
gain	14	21	-85.73
gain	21	14	-88.11
gain	14	22	-87.59
gain	22	14	-91.52
gain	14	23	-99.96
gain	23	14	-101.07
gain	14	24	-104.92
gain	24	14	-107.47
gain	14	25	-106.18
gain	25	14	-110.61
gain	14	26	-106.01
gain	26	14	-106.95
gain	14	27	-110.17
gain	27	14	-113.82
gain	14	28	-95.80
gain	28	14	-93.69
gain	14	29	-98.94
gain	29	14	-96.54
gain	14	30	-97.45
gain	30	14	-99.91
gain	14	31	-110.24
gain	31	14	-112.14
gain	14	32	-102.94
gain	32	14	-104.30
gain	14	33	-106.16
gain	33	14	-106.33
gain	14	34	-114.64
gain	34	14	-115.60
gain	14	35	-99.85
gain	35	14	-104.73
gain	14	36	-101.73
gain	36	14	-103.25
gain	14	37	-106.57
gain	37	14	-103.02
gain	14	38	-104.24
gain	38	14	-102.56
gain	14	39	-102.35
gain	39	14	-105.05
gain	14	40	-109.85
gain	40	14	-113.88
gain	14	41	-113.67
gain	41	14	-116.82
gain	14	42	-106.75
gain	42	14	-108.43
gain	14	43	-107.04
gain	43	14	-107.20
gain	14	44	-109.64
gain	44	14	-109.77
gain	14	45	-110.92
gain	45	14	-112.29
gain	14	46	-115.64
gain	46	14	-115.03
gain	14	47	-117.79
gain	47	14	-121.58
gain	14	48	-116.48
gain	48	14	-116.69
gain	15	16	-95.72
gain	16	15	-93.32
gain	15	17	-97.60
gain	17	15	-95.28
gain	15	18	-104.65
gain	18	15	-106.83
gain	15	19	-111.60
gain	19	15	-106.27
gain	15	20	-110.82
gain	20	15	-108.97
gain	15	21	-96.76
gain	21	15	-97.71
gain	15	22	-88.22
gain	22	15	-90.72
gain	15	23	-98.32
gain	23	15	-98.01
gain	15	24	-102.58
gain	24	15	-103.70
gain	15	25	-102.09
gain	25	15	-105.08
gain	15	26	-108.82
gain	26	15	-108.33
gain	15	27	-109.59
gain	27	15	-111.81
gain	15	28	-97.10
gain	28	15	-93.56
gain	15	29	-102.84
gain	29	15	-99.01
gain	15	30	-99.27
gain	30	15	-100.29
gain	15	31	-106.44
gain	31	15	-106.91
gain	15	32	-112.16
gain	32	15	-112.09
gain	15	33	-111.69
gain	33	15	-110.43
gain	15	34	-111.17
gain	34	15	-110.69
gain	15	35	-110.82
gain	35	15	-114.27
gain	15	36	-111.19
gain	36	15	-111.28
gain	15	37	-114.15
gain	37	15	-109.16
gain	15	38	-108.18
gain	38	15	-105.07
gain	15	39	-100.63
gain	39	15	-101.90
gain	15	40	-115.16
gain	40	15	-117.76
gain	15	41	-109.36
gain	41	15	-111.07
gain	15	42	-109.98
gain	42	15	-110.22
gain	15	43	-107.58
gain	43	15	-106.30
gain	15	44	-114.69
gain	44	15	-113.38
gain	15	45	-110.48
gain	45	15	-110.41
gain	15	46	-116.26
gain	46	15	-114.21
gain	15	47	-116.92
gain	47	15	-119.28
gain	15	48	-108.59
gain	48	15	-107.37
gain	16	17	-89.00
gain	17	16	-89.09
gain	16	18	-90.84
gain	18	16	-95.42
gain	16	19	-101.03
gain	19	16	-98.09
gain	16	20	-103.00
gain	20	16	-103.56
gain	16	21	-95.42
gain	21	16	-98.78
gain	16	22	-92.04
gain	22	16	-96.93
gain	16	23	-92.01
gain	23	16	-94.09
gain	16	24	-89.00
gain	24	16	-92.52
gain	16	25	-96.84
gain	25	16	-102.24
gain	16	26	-101.53
gain	26	16	-103.44
gain	16	27	-102.98
gain	27	16	-107.60
gain	16	28	-100.58
gain	28	16	-99.44
gain	16	29	-100.23
gain	29	16	-98.80
gain	16	30	-98.74
gain	30	16	-102.16
gain	16	31	-99.18
gain	31	16	-102.05
gain	16	32	-101.01
gain	32	16	-103.34
gain	16	33	-104.09
gain	33	16	-105.23
gain	16	34	-106.39
gain	34	16	-108.31
gain	16	35	-100.50
gain	35	16	-106.35
gain	16	36	-97.79
gain	36	16	-100.27
gain	16	37	-102.78
gain	37	16	-100.19
gain	16	38	-104.21
gain	38	16	-103.49
gain	16	39	-102.79
gain	39	16	-106.46
gain	16	40	-105.93
gain	40	16	-110.93
gain	16	41	-107.64
gain	41	16	-111.76
gain	16	42	-102.67
gain	42	16	-105.31
gain	16	43	-109.19
gain	43	16	-110.31
gain	16	44	-106.38
gain	44	16	-107.47
gain	16	45	-109.97
gain	45	16	-112.30
gain	16	46	-107.11
gain	46	16	-107.46
gain	16	47	-106.21
gain	47	16	-110.97
gain	16	48	-114.62
gain	48	16	-115.80
gain	17	18	-91.19
gain	18	17	-95.69
gain	17	19	-98.78
gain	19	17	-95.76
gain	17	20	-102.26
gain	20	17	-102.74
gain	17	21	-110.17
gain	21	17	-113.44
gain	17	22	-93.33
gain	22	17	-98.15
gain	17	23	-90.84
gain	23	17	-92.84
gain	17	24	-71.18
gain	24	17	-74.61
gain	17	25	-83.37
gain	25	17	-88.68
gain	17	26	-98.44
gain	26	17	-100.26
gain	17	27	-99.20
gain	27	17	-103.74
gain	17	28	-104.47
gain	28	17	-103.25
gain	17	29	-105.13
gain	29	17	-103.62
gain	17	30	-92.35
gain	30	17	-95.69
gain	17	31	-99.01
gain	31	17	-101.79
gain	17	32	-93.41
gain	32	17	-95.66
gain	17	33	-95.51
gain	33	17	-96.57
gain	17	34	-103.86
gain	34	17	-105.70
gain	17	35	-104.45
gain	35	17	-110.22
gain	17	36	-103.03
gain	36	17	-105.43
gain	17	37	-104.22
gain	37	17	-101.55
gain	17	38	-99.21
gain	38	17	-98.41
gain	17	39	-105.40
gain	39	17	-108.98
gain	17	40	-104.05
gain	40	17	-108.96
gain	17	41	-103.00
gain	41	17	-107.03
gain	17	42	-112.04
gain	42	17	-114.60
gain	17	43	-103.75
gain	43	17	-104.79
gain	17	44	-107.40
gain	44	17	-108.41
gain	17	45	-108.29
gain	45	17	-110.54
gain	17	46	-105.33
gain	46	17	-105.61
gain	17	47	-106.25
gain	47	17	-110.93
gain	17	48	-101.63
gain	48	17	-102.72
gain	18	19	-90.07
gain	19	18	-82.56
gain	18	20	-98.13
gain	20	18	-94.10
gain	18	21	-104.87
gain	21	18	-103.64
gain	18	22	-104.18
gain	22	18	-104.50
gain	18	23	-93.85
gain	23	18	-91.35
gain	18	24	-93.46
gain	24	18	-92.40
gain	18	25	-83.99
gain	25	18	-84.81
gain	18	26	-89.32
gain	26	18	-86.65
gain	18	27	-104.64
gain	27	18	-104.68
gain	18	28	-106.98
gain	28	18	-101.26
gain	18	29	-105.33
gain	29	18	-99.32
gain	18	30	-104.12
gain	30	18	-102.96
gain	18	31	-108.66
gain	31	18	-106.94
gain	18	32	-101.31
gain	32	18	-99.06
gain	18	33	-103.82
gain	33	18	-100.38
gain	18	34	-102.34
gain	34	18	-99.68
gain	18	35	-111.54
gain	35	18	-112.81
gain	18	36	-108.50
gain	36	18	-106.40
gain	18	37	-112.81
gain	37	18	-105.64
gain	18	38	-111.12
gain	38	18	-105.82
gain	18	39	-108.77
gain	39	18	-107.86
gain	18	40	-109.30
gain	40	18	-109.71
gain	18	41	-106.54
gain	41	18	-106.08
gain	18	42	-118.70
gain	42	18	-116.76
gain	18	43	-113.95
gain	43	18	-110.50
gain	18	44	-113.99
gain	44	18	-110.51
gain	18	45	-111.28
gain	45	18	-109.04
gain	18	46	-112.22
gain	46	18	-108.00
gain	18	47	-109.00
gain	47	18	-109.18
gain	18	48	-113.53
gain	48	18	-110.12
gain	19	20	-86.81
gain	20	19	-90.30
gain	19	21	-101.06
gain	21	19	-107.35
gain	19	22	-102.31
gain	22	19	-110.14
gain	19	23	-96.70
gain	23	19	-101.71
gain	19	24	-95.90
gain	24	19	-102.35
gain	19	25	-92.12
gain	25	19	-100.45
gain	19	26	-66.94
gain	26	19	-71.78
gain	19	27	-83.46
gain	27	19	-91.01
gain	19	28	-106.95
gain	28	19	-108.75
gain	19	29	-103.57
gain	29	19	-105.07
gain	19	30	-103.83
gain	30	19	-110.19
gain	19	31	-96.36
gain	31	19	-102.15
gain	19	32	-87.68
gain	32	19	-92.94
gain	19	33	-90.46
gain	33	19	-94.54
gain	19	34	-92.40
gain	34	19	-97.25
gain	19	35	-110.43
gain	35	19	-119.21
gain	19	36	-104.32
gain	36	19	-109.73
gain	19	37	-102.03
gain	37	19	-102.37
gain	19	38	-96.84
gain	38	19	-99.06
gain	19	39	-98.61
gain	39	19	-105.21
gain	19	40	-89.49
gain	40	19	-97.41
gain	19	41	-97.00
gain	41	19	-104.05
gain	19	42	-103.59
gain	42	19	-109.16
gain	19	43	-104.49
gain	43	19	-108.55
gain	19	44	-102.34
gain	44	19	-106.37
gain	19	45	-101.61
gain	45	19	-106.88
gain	19	46	-101.30
gain	46	19	-104.59
gain	19	47	-99.50
gain	47	19	-107.19
gain	19	48	-93.92
gain	48	19	-98.03
gain	20	21	-118.52
gain	21	20	-121.32
gain	20	22	-108.14
gain	22	20	-112.48
gain	20	23	-107.56
gain	23	20	-109.08
gain	20	24	-106.60
gain	24	20	-109.56
gain	20	25	-96.22
gain	25	20	-101.06
gain	20	26	-94.27
gain	26	20	-95.62
gain	20	27	-86.97
gain	27	20	-91.03
gain	20	28	-109.29
gain	28	20	-107.60
gain	20	29	-113.87
gain	29	20	-111.88
gain	20	30	-110.91
gain	30	20	-113.78
gain	20	31	-102.16
gain	31	20	-104.47
gain	20	32	-105.96
gain	32	20	-107.74
gain	20	33	-95.30
gain	33	20	-95.89
gain	20	34	-91.07
gain	34	20	-92.43
gain	20	35	-108.81
gain	35	20	-114.10
gain	20	36	-112.15
gain	36	20	-114.08
gain	20	37	-108.71
gain	37	20	-105.57
gain	20	38	-107.90
gain	38	20	-106.63
gain	20	39	-104.86
gain	39	20	-107.97
gain	20	40	-101.85
gain	40	20	-106.28
gain	20	41	-101.06
gain	41	20	-104.62
gain	20	42	-111.06
gain	42	20	-113.14
gain	20	43	-109.28
gain	43	20	-109.84
gain	20	44	-106.38
gain	44	20	-106.92
gain	20	45	-109.50
gain	45	20	-111.28
gain	20	46	-104.78
gain	46	20	-104.58
gain	20	47	-104.16
gain	47	20	-108.36
gain	20	48	-103.60
gain	48	20	-104.22
gain	21	22	-82.19
gain	22	21	-83.73
gain	21	23	-96.75
gain	23	21	-95.48
gain	21	24	-104.35
gain	24	21	-104.52
gain	21	25	-110.59
gain	25	21	-112.64
gain	21	26	-111.38
gain	26	21	-109.94
gain	21	27	-115.39
gain	27	21	-116.65
gain	21	28	-89.07
gain	28	21	-84.57
gain	21	29	-95.81
gain	29	21	-91.03
gain	21	30	-98.74
gain	30	21	-98.80
gain	21	31	-110.97
gain	31	21	-110.48
gain	21	32	-108.15
gain	32	21	-107.12
gain	21	33	-114.25
gain	33	21	-112.03
gain	21	34	-116.98
gain	34	21	-115.55
gain	21	35	-96.29
gain	35	21	-98.78
gain	21	36	-104.97
gain	36	21	-104.10
gain	21	37	-106.83
gain	37	21	-100.89
gain	21	38	-104.83
gain	38	21	-100.76
gain	21	39	-106.77
gain	39	21	-107.09
gain	21	40	-114.13
gain	40	21	-115.77
gain	21	41	-111.57
gain	41	21	-112.33
gain	21	42	-100.84
gain	42	21	-100.13
gain	21	43	-112.39
gain	43	21	-110.16
gain	21	44	-107.54
gain	44	21	-105.28
gain	21	45	-110.44
gain	45	21	-109.42
gain	21	46	-113.82
gain	46	21	-110.82
gain	21	47	-113.00
gain	47	21	-114.40
gain	21	48	-120.12
gain	48	21	-117.94
gain	22	23	-93.63
gain	23	22	-90.81
gain	22	24	-101.61
gain	24	22	-100.23
gain	22	25	-105.15
gain	25	22	-105.64
gain	22	26	-113.31
gain	26	22	-110.32
gain	22	27	-113.29
gain	27	22	-113.01
gain	22	28	-99.06
gain	28	22	-93.02
gain	22	29	-100.49
gain	29	22	-94.16
gain	22	30	-102.70
gain	30	22	-101.22
gain	22	31	-103.15
gain	31	22	-101.12
gain	22	32	-111.56
gain	32	22	-108.99
gain	22	33	-109.20
gain	33	22	-105.45
gain	22	34	-114.68
gain	34	22	-111.70
gain	22	35	-101.71
gain	35	22	-102.66
gain	22	36	-104.60
gain	36	22	-102.18
gain	22	37	-105.77
gain	37	22	-98.28
gain	22	38	-106.15
gain	38	22	-100.53
gain	22	39	-114.03
gain	39	22	-112.81
gain	22	40	-111.35
gain	40	22	-111.45
gain	22	41	-115.34
gain	41	22	-114.56
gain	22	42	-105.66
gain	42	22	-103.41
gain	22	43	-105.43
gain	43	22	-101.66
gain	22	44	-111.06
gain	44	22	-107.25
gain	22	45	-105.26
gain	45	22	-102.70
gain	22	46	-110.45
gain	46	22	-105.91
gain	22	47	-108.69
gain	47	22	-108.55
gain	22	48	-114.73
gain	48	22	-111.01
gain	23	24	-95.16
gain	24	23	-96.60
gain	23	25	-105.44
gain	25	23	-108.76
gain	23	26	-106.84
gain	26	23	-106.66
gain	23	27	-109.53
gain	27	23	-112.07
gain	23	28	-99.15
gain	28	23	-95.93
gain	23	29	-97.34
gain	29	23	-93.83
gain	23	30	-89.09
gain	30	23	-90.42
gain	23	31	-90.61
gain	31	23	-91.39
gain	23	32	-105.23
gain	32	23	-105.47
gain	23	33	-96.01
gain	33	23	-95.07
gain	23	34	-108.29
gain	34	23	-108.13
gain	23	35	-99.05
gain	35	23	-102.81
gain	23	36	-94.40
gain	36	23	-94.80
gain	23	37	-100.22
gain	37	23	-95.55
gain	23	38	-100.75
gain	38	23	-97.95
gain	23	39	-107.30
gain	39	23	-108.89
gain	23	40	-103.94
gain	40	23	-106.85
gain	23	41	-107.78
gain	41	23	-109.81
gain	23	42	-103.32
gain	42	23	-103.88
gain	23	43	-100.10
gain	43	23	-99.15
gain	23	44	-101.07
gain	44	23	-100.08
gain	23	45	-107.33
gain	45	23	-107.58
gain	23	46	-104.92
gain	46	23	-103.19
gain	23	47	-104.07
gain	47	23	-106.75
gain	23	48	-111.02
gain	48	23	-110.11
gain	24	25	-93.63
gain	25	24	-95.50
gain	24	26	-100.49
gain	26	24	-98.88
gain	24	27	-104.98
gain	27	24	-106.08
gain	24	28	-101.80
gain	28	24	-97.14
gain	24	29	-109.82
gain	29	24	-104.87
gain	24	30	-95.01
gain	30	24	-94.91
gain	24	31	-99.88
gain	31	24	-99.22
gain	24	32	-96.97
gain	32	24	-95.78
gain	24	33	-103.14
gain	33	24	-100.76
gain	24	34	-105.85
gain	34	24	-104.25
gain	24	35	-107.77
gain	35	24	-110.10
gain	24	36	-106.94
gain	36	24	-105.91
gain	24	37	-112.46
gain	37	24	-106.35
gain	24	38	-104.46
gain	38	24	-100.22
gain	24	39	-103.80
gain	39	24	-103.95
gain	24	40	-106.84
gain	40	24	-108.32
gain	24	41	-109.58
gain	41	24	-110.18
gain	24	42	-107.65
gain	42	24	-106.77
gain	24	43	-110.69
gain	43	24	-108.29
gain	24	44	-103.18
gain	44	24	-100.76
gain	24	45	-107.29
gain	45	24	-106.11
gain	24	46	-109.49
gain	46	24	-106.33
gain	24	47	-107.83
gain	47	24	-109.07
gain	24	48	-110.96
gain	48	24	-108.61
gain	25	26	-93.82
gain	26	25	-90.33
gain	25	27	-104.28
gain	27	25	-103.50
gain	25	28	-111.30
gain	28	25	-104.77
gain	25	29	-105.30
gain	29	25	-98.48
gain	25	30	-110.50
gain	30	25	-108.52
gain	25	31	-101.91
gain	31	25	-99.37
gain	25	32	-101.15
gain	32	25	-98.09
gain	25	33	-102.79
gain	33	25	-98.54
gain	25	34	-105.03
gain	34	25	-101.55
gain	25	35	-109.58
gain	35	25	-110.03
gain	25	36	-109.71
gain	36	25	-106.80
gain	25	37	-107.84
gain	37	25	-99.86
gain	25	38	-104.83
gain	38	25	-98.72
gain	25	39	-105.67
gain	39	25	-103.95
gain	25	40	-110.24
gain	40	25	-109.83
gain	25	41	-107.26
gain	41	25	-105.98
gain	25	42	-109.41
gain	42	25	-106.66
gain	25	43	-113.51
gain	43	25	-109.24
gain	25	44	-110.02
gain	44	25	-105.72
gain	25	45	-107.46
gain	45	25	-104.40
gain	25	46	-110.68
gain	46	25	-105.64
gain	25	47	-101.79
gain	47	25	-101.15
gain	25	48	-108.54
gain	48	25	-104.32
gain	26	27	-88.03
gain	27	26	-90.74
gain	26	28	-117.24
gain	28	26	-114.19
gain	26	29	-107.63
gain	29	26	-104.29
gain	26	30	-108.89
gain	30	26	-110.40
gain	26	31	-99.63
gain	31	26	-100.59
gain	26	32	-95.02
gain	32	26	-95.44
gain	26	33	-92.26
gain	33	26	-91.49
gain	26	34	-96.99
gain	34	26	-97.00
gain	26	35	-113.76
gain	35	26	-117.70
gain	26	36	-112.21
gain	36	26	-112.79
gain	26	37	-104.59
gain	37	26	-100.09
gain	26	38	-108.20
gain	38	26	-105.57
gain	26	39	-105.81
gain	39	26	-107.57
gain	26	40	-104.42
gain	40	26	-107.51
gain	26	41	-101.65
gain	41	26	-103.85
gain	26	42	-117.56
gain	42	26	-118.30
gain	26	43	-114.05
gain	43	26	-113.27
gain	26	44	-110.79
gain	44	26	-109.97
gain	26	45	-106.65
gain	45	26	-107.07
gain	26	46	-106.41
gain	46	26	-104.85
gain	26	47	-107.10
gain	47	26	-109.95
gain	26	48	-101.70
gain	48	26	-100.96
gain	27	28	-114.56
gain	28	27	-108.80
gain	27	29	-112.27
gain	29	27	-106.23
gain	27	30	-119.86
gain	30	27	-118.66
gain	27	31	-102.83
gain	31	27	-101.07
gain	27	32	-98.95
gain	32	27	-96.66
gain	27	33	-99.99
gain	33	27	-96.51
gain	27	34	-79.98
gain	34	27	-77.28
gain	27	35	-114.69
gain	35	27	-115.92
gain	27	36	-110.81
gain	36	27	-108.67
gain	27	37	-106.39
gain	37	27	-99.19
gain	27	38	-113.47
gain	38	27	-108.13
gain	27	39	-109.42
gain	39	27	-108.47
gain	27	40	-106.35
gain	40	27	-106.73
gain	27	41	-95.98
gain	41	27	-95.48
gain	27	42	-111.86
gain	42	27	-109.88
gain	27	43	-117.58
gain	43	27	-114.09
gain	27	44	-112.56
gain	44	27	-109.04
gain	27	45	-108.68
gain	45	27	-106.40
gain	27	46	-107.83
gain	46	27	-103.57
gain	27	47	-107.38
gain	47	27	-107.52
gain	27	48	-107.66
gain	48	27	-104.21
gain	28	29	-89.36
gain	29	28	-89.07
gain	28	30	-99.07
gain	30	28	-103.63
gain	28	31	-105.46
gain	31	28	-109.46
gain	28	32	-104.49
gain	32	28	-107.96
gain	28	33	-109.62
gain	33	28	-111.90
gain	28	34	-111.47
gain	34	28	-114.52
gain	28	35	-84.96
gain	35	28	-91.95
gain	28	36	-97.53
gain	36	28	-101.15
gain	28	37	-104.79
gain	37	28	-103.34
gain	28	38	-107.24
gain	38	28	-107.66
gain	28	39	-107.52
gain	39	28	-112.33
gain	28	40	-107.79
gain	40	28	-113.92
gain	28	41	-110.04
gain	41	28	-115.29
gain	28	42	-95.40
gain	42	28	-99.18
gain	28	43	-95.88
gain	43	28	-98.14
gain	28	44	-101.14
gain	44	28	-103.37
gain	28	45	-102.49
gain	45	28	-105.97
gain	28	46	-103.53
gain	46	28	-105.02
gain	28	47	-108.38
gain	47	28	-114.28
gain	28	48	-111.47
gain	48	28	-113.78
gain	29	30	-87.14
gain	30	29	-91.99
gain	29	31	-97.24
gain	31	29	-101.53
gain	29	32	-106.33
gain	32	29	-110.08
gain	29	33	-103.79
gain	33	29	-106.36
gain	29	34	-105.67
gain	34	29	-109.02
gain	29	35	-89.68
gain	35	29	-96.96
gain	29	36	-90.68
gain	36	29	-94.59
gain	29	37	-95.23
gain	37	29	-94.07
gain	29	38	-94.35
gain	38	29	-95.06
gain	29	39	-94.40
gain	39	29	-99.50
gain	29	40	-106.64
gain	40	29	-113.06
gain	29	41	-108.67
gain	41	29	-114.21
gain	29	42	-93.13
gain	42	29	-97.20
gain	29	43	-95.18
gain	43	29	-97.73
gain	29	44	-100.31
gain	44	29	-102.84
gain	29	45	-104.59
gain	45	29	-108.35
gain	29	46	-100.12
gain	46	29	-101.90
gain	29	47	-103.61
gain	47	29	-109.80
gain	29	48	-108.33
gain	48	29	-110.93
gain	30	31	-91.38
gain	31	30	-90.82
gain	30	32	-105.85
gain	32	30	-104.76
gain	30	33	-101.27
gain	33	30	-98.99
gain	30	34	-105.23
gain	34	30	-103.73
gain	30	35	-103.42
gain	35	30	-105.85
gain	30	36	-88.91
gain	36	30	-87.97
gain	30	37	-97.90
gain	37	30	-91.89
gain	30	38	-94.56
gain	38	30	-90.42
gain	30	39	-101.28
gain	39	30	-101.53
gain	30	40	-104.91
gain	40	30	-106.49
gain	30	41	-116.81
gain	41	30	-117.51
gain	30	42	-102.81
gain	42	30	-102.03
gain	30	43	-98.70
gain	43	30	-96.40
gain	30	44	-102.34
gain	44	30	-100.01
gain	30	45	-99.90
gain	45	30	-98.81
gain	30	46	-103.42
gain	46	30	-100.36
gain	30	47	-104.35
gain	47	30	-105.69
gain	30	48	-108.63
gain	48	30	-106.39
gain	31	32	-90.45
gain	32	31	-89.92
gain	31	33	-99.50
gain	33	31	-97.78
gain	31	34	-98.53
gain	34	31	-97.59
gain	31	35	-104.73
gain	35	31	-107.72
gain	31	36	-100.59
gain	36	31	-100.21
gain	31	37	-94.20
gain	37	31	-88.75
gain	31	38	-86.80
gain	38	31	-83.22
gain	31	39	-92.50
gain	39	31	-93.31
gain	31	40	-104.12
gain	40	31	-106.25
gain	31	41	-105.37
gain	41	31	-106.63
gain	31	42	-99.06
gain	42	31	-98.85
gain	31	43	-96.44
gain	43	31	-94.70
gain	31	44	-93.98
gain	44	31	-92.21
gain	31	45	-104.08
gain	45	31	-103.55
gain	31	46	-103.78
gain	46	31	-101.28
gain	31	47	-101.52
gain	47	31	-103.42
gain	31	48	-107.01
gain	48	31	-105.32
gain	32	33	-79.01
gain	33	32	-77.82
gain	32	34	-98.12
gain	34	32	-97.70
gain	32	35	-115.05
gain	35	32	-118.57
gain	32	36	-107.46
gain	36	32	-107.61
gain	32	37	-101.61
gain	37	32	-96.69
gain	32	38	-102.38
gain	38	32	-99.34
gain	32	39	-95.69
gain	39	32	-97.03
gain	32	40	-91.28
gain	40	32	-93.94
gain	32	41	-95.78
gain	41	32	-97.56
gain	32	42	-112.60
gain	42	32	-112.92
gain	32	43	-108.25
gain	43	32	-107.04
gain	32	44	-100.01
gain	44	32	-98.78
gain	32	45	-103.89
gain	45	32	-103.89
gain	32	46	-100.37
gain	46	32	-98.40
gain	32	47	-100.25
gain	47	32	-102.68
gain	32	48	-106.94
gain	48	32	-105.78
gain	33	34	-90.62
gain	34	33	-91.40
gain	33	35	-107.99
gain	35	33	-112.69
gain	33	36	-104.88
gain	36	33	-106.22
gain	33	37	-106.79
gain	37	33	-103.06
gain	33	38	-98.14
gain	38	33	-96.28
gain	33	39	-88.46
gain	39	33	-90.99
gain	33	40	-89.30
gain	40	33	-93.15
gain	33	41	-82.90
gain	41	33	-85.88
gain	33	42	-106.79
gain	42	33	-108.30
gain	33	43	-103.88
gain	43	33	-103.87
gain	33	44	-100.67
gain	44	33	-100.62
gain	33	45	-95.71
gain	45	33	-96.90
gain	33	46	-99.76
gain	46	33	-98.98
gain	33	47	-90.30
gain	47	33	-93.92
gain	33	48	-98.88
gain	48	33	-98.92
gain	34	35	-112.06
gain	35	34	-115.99
gain	34	36	-108.18
gain	36	34	-108.74
gain	34	37	-106.48
gain	37	34	-101.98
gain	34	38	-105.48
gain	38	34	-102.84
gain	34	39	-102.17
gain	39	34	-103.92
gain	34	40	-96.98
gain	40	34	-100.06
gain	34	41	-87.25
gain	41	34	-89.45
gain	34	42	-108.02
gain	42	34	-108.75
gain	34	43	-115.07
gain	43	34	-114.28
gain	34	44	-108.30
gain	44	34	-107.48
gain	34	45	-104.64
gain	45	34	-105.06
gain	34	46	-105.64
gain	46	34	-104.08
gain	34	47	-105.28
gain	47	34	-108.12
gain	34	48	-97.80
gain	48	34	-97.05
gain	35	36	-99.79
gain	36	35	-96.43
gain	35	37	-98.90
gain	37	35	-90.46
gain	35	38	-114.59
gain	38	35	-108.02
gain	35	39	-115.31
gain	39	35	-113.14
gain	35	40	-111.09
gain	40	35	-110.23
gain	35	41	-122.73
gain	41	35	-121.00
gain	35	42	-96.75
gain	42	35	-93.54
gain	35	43	-103.69
gain	43	35	-98.97
gain	35	44	-103.38
gain	44	35	-98.63
gain	35	45	-112.99
gain	45	35	-109.48
gain	35	46	-111.11
gain	46	35	-105.62
gain	35	47	-113.71
gain	47	35	-112.62
gain	35	48	-112.62
gain	48	35	-107.95
gain	36	37	-89.50
gain	37	36	-84.43
gain	36	38	-93.61
gain	38	36	-90.41
gain	36	39	-101.40
gain	39	36	-102.59
gain	36	40	-105.29
gain	40	36	-107.80
gain	36	41	-108.66
gain	41	36	-110.29
gain	36	42	-91.26
gain	42	36	-91.42
gain	36	43	-81.51
gain	43	36	-80.15
gain	36	44	-95.91
gain	44	36	-94.53
gain	36	45	-94.18
gain	45	36	-94.03
gain	36	46	-102.01
gain	46	36	-99.88
gain	36	47	-103.79
gain	47	36	-106.06
gain	36	48	-103.81
gain	48	36	-102.50
gain	37	38	-79.60
gain	38	37	-81.48
gain	37	39	-88.65
gain	39	37	-94.91
gain	37	40	-101.67
gain	40	37	-109.25
gain	37	41	-102.64
gain	41	37	-109.35
gain	37	42	-94.24
gain	42	37	-99.47
gain	37	43	-85.72
gain	43	37	-89.43
gain	37	44	-84.45
gain	44	37	-88.13
gain	37	45	-86.99
gain	45	37	-91.91
gain	37	46	-99.83
gain	46	37	-102.78
gain	37	47	-96.94
gain	47	37	-104.29
gain	37	48	-103.38
gain	48	37	-107.15
gain	38	39	-89.33
gain	39	38	-93.72
gain	38	40	-99.35
gain	40	38	-105.06
gain	38	41	-103.03
gain	41	38	-107.87
gain	38	42	-93.38
gain	42	38	-96.74
gain	38	43	-92.25
gain	43	38	-94.09
gain	38	44	-86.92
gain	44	38	-88.73
gain	38	45	-89.01
gain	45	38	-92.06
gain	38	46	-98.46
gain	46	38	-99.54
gain	38	47	-103.47
gain	47	38	-108.95
gain	38	48	-99.26
gain	48	38	-101.15
gain	39	40	-97.84
gain	40	39	-99.16
gain	39	41	-101.51
gain	41	39	-101.96
gain	39	42	-106.86
gain	42	39	-105.84
gain	39	43	-97.97
gain	43	39	-95.42
gain	39	44	-99.56
gain	44	39	-96.99
gain	39	45	-93.10
gain	45	39	-91.77
gain	39	46	-98.53
gain	46	39	-95.22
gain	39	47	-98.60
gain	47	39	-99.69
gain	39	48	-100.06
gain	48	39	-97.56
gain	40	41	-91.32
gain	41	40	-90.44
gain	40	42	-117.33
gain	42	40	-114.98
gain	40	43	-110.47
gain	43	40	-106.60
gain	40	44	-112.06
gain	44	40	-108.16
gain	40	45	-105.70
gain	45	40	-103.04
gain	40	46	-102.16
gain	46	40	-97.52
gain	40	47	-97.02
gain	47	40	-96.78
gain	40	48	-93.12
gain	48	40	-89.30
gain	41	42	-111.04
gain	42	41	-109.57
gain	41	43	-117.37
gain	43	41	-114.38
gain	41	44	-110.70
gain	44	41	-107.68
gain	41	45	-105.79
gain	45	41	-104.01
gain	41	46	-97.70
gain	46	41	-93.94
gain	41	47	-99.46
gain	47	41	-100.10
gain	41	48	-98.62
gain	48	41	-95.68
gain	42	43	-94.58
gain	43	42	-93.06
gain	42	44	-97.26
gain	44	42	-95.71
gain	42	45	-100.74
gain	45	42	-100.43
gain	42	46	-108.31
gain	46	42	-106.02
gain	42	47	-110.26
gain	47	42	-112.37
gain	42	48	-114.58
gain	48	42	-113.11
gain	43	44	-82.77
gain	44	43	-82.74
gain	43	45	-98.43
gain	45	43	-99.64
gain	43	46	-102.41
gain	46	43	-101.64
gain	43	47	-104.29
gain	47	43	-107.93
gain	43	48	-110.41
gain	48	43	-110.46
gain	44	45	-84.83
gain	45	44	-86.07
gain	44	46	-98.89
gain	46	44	-98.15
gain	44	47	-100.44
gain	47	44	-104.11
gain	44	48	-109.04
gain	48	44	-109.12
gain	45	46	-98.96
gain	46	45	-96.98
gain	45	47	-103.72
gain	47	45	-106.15
gain	45	48	-107.33
gain	48	45	-106.17
gain	46	47	-85.55
gain	47	46	-89.95
gain	46	48	-93.65
gain	48	46	-94.47
gain	47	48	-97.70
gain	48	47	-94.12
noise	0	-108.73	4.00
noise	1	-103.32	4.00
noise	2	-104.23	4.00
noise	3	-107.84	4.00
noise	4	-105.81	4.00
noise	5	-107.31	4.00
noise	6	-106.80	4.00
noise	7	-104.54	4.00
noise	8	-106.91	4.00
noise	9	-108.02	4.00
noise	10	-105.01	4.00
noise	11	-105.07	4.00
noise	12	-104.78	4.00
noise	13	-104.59	4.00
noise	14	-104.70	4.00
noise	15	-101.27	4.00
noise	16	-104.74	4.00
noise	17	-102.50	4.00
noise	18	-103.93	4.00
noise	19	-107.27	4.00
noise	20	-106.45	4.00
noise	21	-105.39	4.00
noise	22	-102.18	4.00
noise	23	-104.39	4.00
noise	24	-103.90	4.00
noise	25	-102.15	4.00
noise	26	-104.48	4.00
noise	27	-105.07	4.00
noise	28	-107.37	4.00
noise	29	-109.25	4.00
noise	30	-102.85	4.00
noise	31	-105.38	4.00
noise	32	-105.17	4.00
noise	33	-108.43	4.00
noise	34	-105.04	4.00
noise	35	-102.49	4.00
noise	36	-105.65	4.00
noise	37	-107.10	4.00
noise	38	-104.86	4.00
noise	39	-103.71	4.00
noise	40	-104.46	4.00
noise	41	-105.07	4.00
noise	42	-104.84	4.00
noise	43	-106.40	4.00
noise	44	-107.15	4.00
noise	45	-104.89	4.00
noise	46	-106.70	4.00
noise	47	-105.78	4.00
noise	48	-105.74	4.00
