gain	0	1	-78.87
gain	1	0	-78.10
gain	0	2	-81.63
gain	2	0	-80.16
gain	0	3	-82.13
gain	3	0	-80.20
gain	0	4	-85.25
gain	4	0	-79.17
gain	0	5	-72.45
gain	5	0	-71.90
gain	0	6	-81.80
gain	6	0	-82.23
gain	0	7	-68.55
gain	7	0	-64.79
gain	0	8	-82.83
gain	8	0	-84.32
gain	0	9	-84.14
gain	9	0	-79.41
gain	0	10	-72.85
gain	10	0	-66.07
gain	0	11	-81.73
gain	11	0	-80.61
gain	0	12	-84.03
gain	12	0	-82.51
gain	0	13	-56.44
gain	13	0	-55.64
gain	0	14	-83.01
gain	14	0	-76.46
gain	0	15	-78.25
gain	15	0	-77.27
gain	0	16	-85.74
gain	16	0	-84.41
gain	0	17	-87.21
gain	17	0	-89.98
gain	0	18	-76.97
gain	18	0	-73.21
gain	0	19	-71.38
gain	19	0	-67.28
gain	0	20	-77.28
gain	20	0	-72.27
gain	0	21	-67.61
gain	21	0	-63.20
gain	0	22	-62.76
gain	22	0	-58.17
gain	0	23	-86.11
gain	23	0	-83.55
gain	0	24	-70.87
gain	24	0	-65.23
gain	0	25	-77.15
gain	25	0	-74.84
gain	0	26	-84.96
gain	26	0	-80.94
gain	0	27	-83.47
gain	27	0	-80.88
gain	0	28	-75.43
gain	28	0	-72.77
gain	0	29	-76.29
gain	29	0	-75.63
gain	0	30	-78.43
gain	30	0	-74.78
gain	0	31	-89.55
gain	31	0	-87.67
gain	0	32	-74.27
gain	32	0	-72.78
gain	0	33	-92.52
gain	33	0	-88.12
gain	0	34	-87.30
gain	34	0	-86.10
gain	0	35	-89.73
gain	35	0	-85.86
gain	0	36	-91.02
gain	36	0	-91.62
gain	0	37	-85.26
gain	37	0	-85.09
gain	0	38	-75.07
gain	38	0	-73.21
gain	0	39	-83.16
gain	39	0	-81.03
gain	0	40	-78.95
gain	40	0	-80.49
gain	0	41	-89.01
gain	41	0	-86.13
gain	0	42	-82.82
gain	42	0	-81.39
gain	0	43	-72.00
gain	43	0	-67.67
gain	0	44	-77.58
gain	44	0	-75.97
gain	0	45	-78.60
gain	45	0	-78.95
gain	0	46	-83.03
gain	46	0	-83.91
gain	0	47	-84.18
gain	47	0	-83.89
gain	0	48	-79.54
gain	48	0	-77.85
gain	1	2	-79.99
gain	2	1	-79.28
gain	1	3	-70.55
gain	3	1	-69.38
gain	1	4	-60.04
gain	4	1	-54.73
gain	1	5	-78.61
gain	5	1	-78.83
gain	1	6	-72.80
gain	6	1	-74.00
gain	1	7	-78.14
gain	7	1	-75.15
gain	1	8	-82.65
gain	8	1	-84.91
gain	1	9	-78.93
gain	9	1	-74.97
gain	1	10	-70.88
gain	10	1	-64.88
gain	1	11	-80.24
gain	11	1	-79.88
gain	1	12	-83.00
gain	12	1	-82.25
gain	1	13	-81.14
gain	13	1	-81.10
gain	1	14	-89.48
gain	14	1	-83.70
gain	1	15	-85.34
gain	15	1	-85.12
gain	1	16	-65.59
gain	16	1	-65.02
gain	1	17	-76.60
gain	17	1	-80.14
gain	1	18	-74.10
gain	18	1	-71.10
gain	1	19	-77.90
gain	19	1	-74.57
gain	1	20	-80.87
gain	20	1	-76.62
gain	1	21	-79.77
gain	21	1	-76.13
gain	1	22	-74.90
gain	22	1	-71.07
gain	1	23	-89.42
gain	23	1	-87.63
gain	1	24	-88.80
gain	24	1	-83.92
gain	1	25	-77.90
gain	25	1	-76.37
gain	1	26	-85.92
gain	26	1	-82.67
gain	1	27	-68.34
gain	27	1	-66.52
gain	1	28	-87.40
gain	28	1	-85.50
gain	1	29	-82.01
gain	29	1	-82.13
gain	1	30	-88.08
gain	30	1	-85.19
gain	1	31	-74.56
gain	31	1	-73.46
gain	1	32	-80.01
gain	32	1	-79.28
gain	1	33	-82.79
gain	33	1	-79.15
gain	1	34	-76.97
gain	34	1	-76.53
gain	1	35	-76.01
gain	35	1	-72.90
gain	1	36	-76.29
gain	36	1	-77.66
gain	1	37	-74.21
gain	37	1	-74.81
gain	1	38	-77.33
gain	38	1	-76.24
gain	1	39	-68.94
gain	39	1	-67.58
gain	1	40	-87.59
gain	40	1	-89.90
gain	1	41	-77.70
gain	41	1	-75.58
gain	1	42	-77.60
gain	42	1	-76.94
gain	1	43	-88.12
gain	43	1	-84.55
gain	1	44	-80.73
gain	44	1	-79.88
gain	1	45	-81.08
gain	45	1	-82.20
gain	1	46	-64.70
gain	46	1	-66.35
gain	1	47	-83.27
gain	47	1	-83.74
gain	1	48	-57.23
gain	48	1	-56.30
gain	2	3	-82.14
gain	3	2	-81.68
gain	2	4	-74.15
gain	4	2	-69.54
gain	2	5	-84.69
gain	5	2	-85.61
gain	2	6	-81.99
gain	6	2	-83.89
gain	2	7	-70.86
gain	7	2	-68.57
gain	2	8	-84.62
gain	8	2	-87.59
gain	2	9	-75.97
gain	9	2	-72.72
gain	2	10	-75.53
gain	10	2	-70.24
gain	2	11	-70.50
gain	11	2	-70.84
gain	2	12	-77.06
gain	12	2	-77.02
gain	2	13	-82.07
gain	13	2	-82.74
gain	2	14	-78.16
gain	14	2	-73.09
gain	2	15	-72.49
gain	15	2	-72.98
gain	2	16	-79.55
gain	16	2	-79.69
gain	2	17	-89.27
gain	17	2	-93.52
gain	2	18	-59.90
gain	18	2	-57.61
gain	2	19	-77.85
gain	19	2	-75.22
gain	2	20	-73.00
gain	20	2	-69.46
gain	2	21	-82.41
gain	21	2	-79.48
gain	2	22	-79.39
gain	22	2	-76.27
gain	2	23	-74.10
gain	23	2	-73.02
gain	2	24	-76.95
gain	24	2	-72.78
gain	2	25	-61.93
gain	25	2	-61.10
gain	2	26	-67.83
gain	26	2	-65.28
gain	2	27	-80.70
gain	27	2	-79.59
gain	2	28	-78.48
gain	28	2	-77.29
gain	2	29	-72.00
gain	29	2	-72.82
gain	2	30	-72.98
gain	30	2	-70.80
gain	2	31	-78.93
gain	31	2	-78.53
gain	2	32	-86.57
gain	32	2	-86.55
gain	2	33	-88.60
gain	33	2	-85.67
gain	2	34	-83.77
gain	34	2	-84.03
gain	2	35	-88.84
gain	35	2	-86.45
gain	2	36	-91.49
gain	36	2	-93.57
gain	2	37	-87.46
gain	37	2	-88.77
gain	2	38	-87.08
gain	38	2	-86.70
gain	2	39	-83.20
gain	39	2	-82.55
gain	2	40	-84.17
gain	40	2	-87.18
gain	2	41	-70.37
gain	41	2	-68.97
gain	2	42	-73.95
gain	42	2	-73.99
gain	2	43	-84.12
gain	43	2	-81.27
gain	2	44	-70.71
gain	44	2	-70.57
gain	2	45	-85.11
gain	45	2	-86.94
gain	2	46	-81.38
gain	46	2	-83.73
gain	2	47	-71.86
gain	47	2	-73.04
gain	2	48	-78.27
gain	48	2	-78.05
gain	3	4	-72.43
gain	4	3	-68.28
gain	3	5	-87.59
gain	5	3	-88.97
gain	3	6	-73.08
gain	6	3	-75.44
gain	3	7	-81.27
gain	7	3	-79.44
gain	3	8	-84.47
gain	8	3	-87.90
gain	3	9	-72.23
gain	9	3	-69.43
gain	3	10	-75.25
gain	10	3	-70.42
gain	3	11	-92.05
gain	11	3	-92.86
gain	3	12	-92.44
gain	12	3	-92.85
gain	3	13	-85.89
gain	13	3	-87.03
gain	3	14	-87.39
gain	14	3	-82.78
gain	3	15	-91.83
gain	15	3	-92.78
gain	3	16	-61.25
gain	16	3	-61.85
gain	3	17	-63.88
gain	17	3	-68.58
gain	3	18	-74.71
gain	18	3	-72.87
gain	3	19	-85.50
gain	19	3	-83.34
gain	3	20	-90.71
gain	20	3	-87.64
gain	3	21	-84.61
gain	21	3	-82.14
gain	3	22	-81.08
gain	22	3	-78.43
gain	3	23	-78.71
gain	23	3	-78.09
gain	3	24	-87.60
gain	24	3	-83.89
gain	3	25	-78.73
gain	25	3	-78.37
gain	3	26	-90.11
gain	26	3	-88.02
gain	3	27	-61.85
gain	27	3	-61.19
gain	3	28	-90.14
gain	28	3	-89.41
gain	3	29	-84.77
gain	29	3	-86.05
gain	3	30	-90.62
gain	30	3	-88.90
gain	3	31	-64.55
gain	31	3	-64.62
gain	3	32	-79.12
gain	32	3	-79.56
gain	3	33	-82.15
gain	33	3	-79.68
gain	3	34	-61.22
gain	34	3	-61.95
gain	3	35	-68.11
gain	35	3	-66.18
gain	3	36	-58.97
gain	36	3	-61.50
gain	3	37	-81.02
gain	37	3	-82.79
gain	3	38	-91.94
gain	38	3	-92.02
gain	3	39	-64.46
gain	39	3	-64.27
gain	3	40	-91.02
gain	40	3	-94.49
gain	3	41	-76.10
gain	41	3	-75.15
gain	3	42	-78.93
gain	42	3	-79.44
gain	3	43	-89.34
gain	43	3	-86.94
gain	3	44	-88.29
gain	44	3	-88.61
gain	3	45	-85.47
gain	45	3	-87.76
gain	3	46	-71.48
gain	46	3	-74.29
gain	3	47	-76.37
gain	47	3	-78.01
gain	3	48	-74.34
gain	48	3	-74.59
gain	4	5	-76.48
gain	5	4	-82.01
gain	4	6	-71.98
gain	6	4	-78.49
gain	4	7	-73.85
gain	7	4	-76.17
gain	4	8	-82.19
gain	8	4	-89.76
gain	4	9	-66.25
gain	9	4	-67.59
gain	4	10	-65.29
gain	10	4	-64.60
gain	4	11	-83.03
gain	11	4	-87.99
gain	4	12	-77.25
gain	12	4	-81.81
gain	4	13	-76.01
gain	13	4	-81.29
gain	4	14	-81.90
gain	14	4	-81.44
gain	4	15	-77.30
gain	15	4	-82.40
gain	4	16	-60.70
gain	16	4	-65.45
gain	4	17	-70.61
gain	17	4	-79.46
gain	4	18	-68.25
gain	18	4	-70.56
gain	4	19	-65.08
gain	19	4	-67.06
gain	4	20	-79.75
gain	20	4	-80.82
gain	4	21	-80.51
gain	21	4	-82.19
gain	4	22	-67.38
gain	22	4	-68.87
gain	4	23	-73.37
gain	23	4	-76.89
gain	4	24	-74.95
gain	24	4	-75.39
gain	4	25	-63.89
gain	25	4	-67.67
gain	4	26	-83.03
gain	26	4	-85.08
gain	4	27	-56.39
gain	27	4	-59.88
gain	4	28	-79.18
gain	28	4	-82.60
gain	4	29	-75.36
gain	29	4	-80.79
gain	4	30	-78.73
gain	30	4	-81.15
gain	4	31	-70.09
gain	31	4	-74.30
gain	4	32	-77.70
gain	32	4	-82.28
gain	4	33	-74.30
gain	33	4	-75.98
gain	4	34	-67.93
gain	34	4	-72.80
gain	4	35	-70.59
gain	35	4	-72.80
gain	4	36	-75.61
gain	36	4	-82.29
gain	4	37	-73.29
gain	37	4	-79.20
gain	4	38	-82.30
gain	38	4	-86.53
gain	4	39	-62.98
gain	39	4	-66.93
gain	4	40	-84.41
gain	40	4	-92.03
gain	4	41	-71.12
gain	41	4	-74.32
gain	4	42	-63.32
gain	42	4	-67.97
gain	4	43	-75.46
gain	43	4	-77.21
gain	4	44	-74.42
gain	44	4	-78.89
gain	4	45	-80.03
gain	45	4	-86.47
gain	4	46	-62.97
gain	46	4	-69.93
gain	4	47	-75.74
gain	47	4	-81.53
gain	4	48	-63.83
gain	48	4	-68.22
gain	5	6	-73.27
gain	6	5	-74.26
gain	5	7	-80.40
gain	7	5	-77.19
gain	5	8	-62.51
gain	8	5	-64.55
gain	5	9	-82.71
gain	9	5	-78.52
gain	5	10	-78.98
gain	10	5	-72.76
gain	5	11	-86.87
gain	11	5	-86.29
gain	5	12	-92.15
gain	12	5	-91.18
gain	5	13	-81.28
gain	13	5	-81.04
gain	5	14	-87.18
gain	14	5	-81.19
gain	5	15	-90.22
gain	15	5	-89.78
gain	5	16	-78.57
gain	16	5	-77.79
gain	5	17	-77.43
gain	17	5	-80.75
gain	5	18	-83.83
gain	18	5	-80.61
gain	5	19	-73.82
gain	19	5	-70.27
gain	5	20	-87.77
gain	20	5	-83.31
gain	5	21	-73.87
gain	21	5	-70.01
gain	5	22	-72.31
gain	22	5	-68.27
gain	5	23	-87.51
gain	23	5	-85.51
gain	5	24	-87.36
gain	24	5	-82.27
gain	5	25	-80.12
gain	25	5	-78.37
gain	5	26	-86.34
gain	26	5	-82.87
gain	5	27	-82.98
gain	27	5	-80.94
gain	5	28	-89.94
gain	28	5	-87.83
gain	5	29	-85.39
gain	29	5	-85.28
gain	5	30	-91.05
gain	30	5	-87.95
gain	5	31	-88.38
gain	31	5	-87.06
gain	5	32	-62.22
gain	32	5	-61.27
gain	5	33	-92.88
gain	33	5	-89.03
gain	5	34	-82.22
gain	34	5	-81.56
gain	5	35	-86.01
gain	35	5	-82.69
gain	5	36	-80.52
gain	36	5	-81.67
gain	5	37	-60.79
gain	37	5	-61.17
gain	5	38	-80.52
gain	38	5	-79.22
gain	5	39	-80.08
gain	39	5	-78.50
gain	5	40	-89.62
gain	40	5	-91.71
gain	5	41	-93.86
gain	41	5	-91.53
gain	5	42	-87.00
gain	42	5	-86.12
gain	5	43	-88.31
gain	43	5	-84.53
gain	5	44	-82.98
gain	44	5	-81.91
gain	5	45	-70.08
gain	45	5	-70.98
gain	5	46	-71.75
gain	46	5	-73.18
gain	5	47	-84.74
gain	47	5	-85.00
gain	5	48	-80.28
gain	48	5	-79.14
gain	6	7	-82.22
gain	7	6	-78.03
gain	6	8	-74.08
gain	8	6	-75.14
gain	6	9	-87.28
gain	9	6	-82.12
gain	6	10	-77.45
gain	10	6	-70.25
gain	6	11	-93.98
gain	11	6	-92.43
gain	6	12	-91.86
gain	12	6	-89.91
gain	6	13	-85.48
gain	13	6	-84.25
gain	6	14	-91.49
gain	14	6	-84.51
gain	6	15	-85.79
gain	15	6	-84.38
gain	6	16	-76.16
gain	16	6	-74.39
gain	6	17	-70.64
gain	17	6	-72.97
gain	6	18	-83.64
gain	18	6	-79.44
gain	6	19	-74.18
gain	19	6	-69.65
gain	6	20	-82.88
gain	20	6	-77.44
gain	6	21	-81.00
gain	21	6	-76.17
gain	6	22	-81.09
gain	22	6	-76.07
gain	6	23	-87.16
gain	23	6	-84.17
gain	6	24	-87.46
gain	24	6	-81.39
gain	6	25	-76.76
gain	25	6	-74.02
gain	6	26	-91.23
gain	26	6	-86.77
gain	6	27	-76.93
gain	27	6	-73.91
gain	6	28	-91.80
gain	28	6	-88.70
gain	6	29	-88.50
gain	29	6	-87.42
gain	6	30	-90.56
gain	30	6	-86.48
gain	6	31	-85.72
gain	31	6	-83.42
gain	6	32	-76.22
gain	32	6	-74.29
gain	6	33	-89.54
gain	33	6	-84.71
gain	6	34	-80.65
gain	34	6	-79.01
gain	6	35	-88.11
gain	35	6	-83.81
gain	6	36	-84.62
gain	36	6	-84.79
gain	6	37	-63.09
gain	37	6	-62.49
gain	6	38	-90.25
gain	38	6	-87.97
gain	6	39	-73.05
gain	39	6	-70.49
gain	6	40	-93.43
gain	40	6	-94.54
gain	6	41	-84.31
gain	41	6	-80.99
gain	6	42	-79.36
gain	42	6	-77.50
gain	6	43	-86.35
gain	43	6	-81.59
gain	6	44	-89.33
gain	44	6	-87.28
gain	6	45	-82.55
gain	45	6	-82.47
gain	6	46	-58.47
gain	46	6	-58.92
gain	6	47	-83.17
gain	47	6	-82.44
gain	6	48	-73.02
gain	48	6	-70.89
gain	7	8	-75.73
gain	8	7	-80.98
gain	7	9	-85.22
gain	9	7	-84.25
gain	7	10	-60.84
gain	10	7	-57.82
gain	7	11	-74.43
gain	11	7	-77.06
gain	7	12	-81.38
gain	12	7	-83.61
gain	7	13	-66.93
gain	13	7	-69.89
gain	7	14	-75.52
gain	14	7	-72.73
gain	7	15	-72.22
gain	15	7	-74.99
gain	7	16	-80.02
gain	16	7	-82.44
gain	7	17	-80.62
gain	17	7	-87.14
gain	7	18	-67.16
gain	18	7	-67.15
gain	7	19	-64.67
gain	19	7	-64.33
gain	7	20	-70.00
gain	20	7	-68.75
gain	7	21	-65.63
gain	21	7	-64.98
gain	7	22	-69.86
gain	22	7	-69.03
gain	7	23	-80.16
gain	23	7	-81.36
gain	7	24	-71.14
gain	24	7	-69.25
gain	7	25	-56.42
gain	25	7	-57.87
gain	7	26	-74.78
gain	26	7	-74.52
gain	7	27	-78.57
gain	27	7	-79.73
gain	7	28	-71.54
gain	28	7	-72.63
gain	7	29	-66.85
gain	29	7	-69.95
gain	7	30	-79.56
gain	30	7	-79.67
gain	7	31	-82.02
gain	31	7	-83.91
gain	7	32	-73.77
gain	32	7	-76.04
gain	7	33	-79.85
gain	33	7	-79.21
gain	7	34	-77.08
gain	34	7	-79.64
gain	7	35	-83.60
gain	35	7	-83.49
gain	7	36	-85.68
gain	36	7	-90.04
gain	7	37	-73.05
gain	37	7	-76.63
gain	7	38	-74.72
gain	38	7	-76.62
gain	7	39	-77.21
gain	39	7	-78.84
gain	7	40	-76.86
gain	40	7	-82.16
gain	7	41	-82.63
gain	41	7	-83.51
gain	7	42	-76.11
gain	42	7	-78.43
gain	7	43	-73.39
gain	43	7	-72.82
gain	7	44	-76.80
gain	44	7	-78.94
gain	7	45	-81.03
gain	45	7	-85.14
gain	7	46	-79.84
gain	46	7	-84.48
gain	7	47	-83.22
gain	47	7	-86.68
gain	7	48	-72.00
gain	48	7	-74.07
gain	8	9	-91.58
gain	9	8	-85.35
gain	8	10	-84.24
gain	10	8	-75.97
gain	8	11	-92.67
gain	11	8	-90.05
gain	8	12	-91.95
gain	12	8	-88.94
gain	8	13	-74.43
gain	13	8	-72.14
gain	8	14	-85.71
gain	14	8	-77.67
gain	8	15	-89.59
gain	15	8	-87.10
gain	8	16	-78.25
gain	16	8	-75.42
gain	8	17	-87.06
gain	17	8	-88.33
gain	8	18	-93.32
gain	18	8	-88.05
gain	8	19	-79.55
gain	19	8	-73.96
gain	8	20	-91.43
gain	20	8	-84.92
gain	8	21	-73.53
gain	21	8	-67.63
gain	8	22	-68.46
gain	22	8	-62.37
gain	8	23	-95.62
gain	23	8	-91.56
gain	8	24	-87.60
gain	24	8	-80.47
gain	8	25	-88.99
gain	25	8	-85.19
gain	8	26	-90.20
gain	26	8	-84.68
gain	8	27	-89.95
gain	27	8	-85.87
gain	8	28	-92.11
gain	28	8	-87.96
gain	8	29	-90.40
gain	29	8	-88.26
gain	8	30	-86.27
gain	30	8	-81.12
gain	8	31	-94.06
gain	31	8	-90.69
gain	8	32	-66.11
gain	32	8	-63.12
gain	8	33	-94.74
gain	33	8	-88.84
gain	8	34	-85.89
gain	34	8	-83.19
gain	8	35	-95.78
gain	35	8	-90.41
gain	8	36	-88.50
gain	36	8	-87.61
gain	8	37	-76.58
gain	37	8	-74.92
gain	8	38	-76.98
gain	38	8	-73.63
gain	8	39	-82.35
gain	39	8	-78.73
gain	8	40	-88.62
gain	40	8	-88.66
gain	8	41	-90.67
gain	41	8	-86.29
gain	8	42	-87.73
gain	42	8	-84.80
gain	8	43	-83.93
gain	43	8	-78.10
gain	8	44	-90.03
gain	44	8	-86.92
gain	8	45	-64.14
gain	45	8	-63.00
gain	8	46	-82.63
gain	46	8	-82.02
gain	8	47	-94.13
gain	47	8	-92.34
gain	8	48	-82.36
gain	48	8	-79.17
gain	9	10	-79.76
gain	10	9	-77.72
gain	9	11	-73.56
gain	11	9	-77.16
gain	9	12	-73.91
gain	12	9	-77.13
gain	9	13	-82.74
gain	13	9	-86.67
gain	9	14	-78.14
gain	14	9	-76.32
gain	9	15	-84.04
gain	15	9	-87.78
gain	9	16	-72.69
gain	16	9	-76.09
gain	9	17	-81.48
gain	17	9	-88.98
gain	9	18	-78.06
gain	18	9	-79.03
gain	9	19	-79.37
gain	19	9	-80.00
gain	9	20	-84.14
gain	20	9	-83.87
gain	9	21	-80.12
gain	21	9	-80.45
gain	9	22	-79.16
gain	22	9	-79.30
gain	9	23	-68.34
gain	23	9	-70.52
gain	9	24	-76.60
gain	24	9	-75.69
gain	9	25	-75.25
gain	25	9	-77.67
gain	9	26	-77.62
gain	26	9	-78.33
gain	9	27	-67.11
gain	27	9	-69.25
gain	9	28	-85.31
gain	28	9	-87.38
gain	9	29	-81.85
gain	29	9	-85.93
gain	9	30	-77.63
gain	30	9	-78.71
gain	9	31	-76.78
gain	31	9	-79.64
gain	9	32	-86.46
gain	32	9	-89.70
gain	9	33	-68.36
gain	33	9	-68.69
gain	9	34	-73.45
gain	34	9	-76.98
gain	9	35	-73.01
gain	35	9	-73.87
gain	9	36	-84.17
gain	36	9	-89.51
gain	9	37	-80.08
gain	37	9	-84.65
gain	9	38	-91.36
gain	38	9	-94.24
gain	9	39	-80.44
gain	39	9	-83.04
gain	9	40	-83.16
gain	40	9	-89.43
gain	9	41	-60.04
gain	41	9	-61.89
gain	9	42	-64.12
gain	42	9	-67.42
gain	9	43	-82.68
gain	43	9	-83.08
gain	9	44	-61.92
gain	44	9	-65.03
gain	9	45	-83.27
gain	45	9	-88.36
gain	9	46	-85.42
gain	46	9	-91.03
gain	9	47	-60.65
gain	47	9	-65.09
gain	9	48	-74.39
gain	48	9	-77.44
gain	10	11	-77.03
gain	11	10	-82.67
gain	10	12	-80.27
gain	12	10	-85.53
gain	10	13	-62.57
gain	13	10	-68.54
gain	10	14	-73.97
gain	14	10	-74.19
gain	10	15	-73.95
gain	15	10	-79.73
gain	10	16	-68.53
gain	16	10	-73.96
gain	10	17	-72.43
gain	17	10	-81.97
gain	10	18	-65.86
gain	18	10	-68.87
gain	10	19	-51.16
gain	19	10	-53.84
gain	10	20	-71.05
gain	20	10	-72.81
gain	10	21	-65.14
gain	21	10	-67.51
gain	10	22	-61.44
gain	22	10	-63.62
gain	10	23	-77.07
gain	23	10	-81.28
gain	10	24	-68.00
gain	24	10	-69.13
gain	10	25	-66.35
gain	25	10	-70.82
gain	10	26	-73.25
gain	26	10	-76.00
gain	10	27	-70.93
gain	27	10	-75.11
gain	10	28	-75.15
gain	28	10	-79.26
gain	10	29	-75.61
gain	29	10	-81.73
gain	10	30	-72.38
gain	30	10	-75.50
gain	10	31	-77.88
gain	31	10	-82.78
gain	10	32	-66.37
gain	32	10	-71.65
gain	10	33	-82.80
gain	33	10	-85.17
gain	10	34	-80.33
gain	34	10	-85.89
gain	10	35	-76.53
gain	35	10	-79.44
gain	10	36	-74.30
gain	36	10	-81.68
gain	10	37	-69.74
gain	37	10	-76.34
gain	10	38	-71.67
gain	38	10	-76.58
gain	10	39	-77.41
gain	39	10	-82.05
gain	10	40	-76.84
gain	40	10	-85.16
gain	10	41	-75.84
gain	41	10	-79.73
gain	10	42	-76.70
gain	42	10	-82.04
gain	10	43	-72.45
gain	43	10	-74.89
gain	10	44	-73.54
gain	44	10	-78.70
gain	10	45	-79.10
gain	45	10	-86.23
gain	10	46	-69.36
gain	46	10	-77.01
gain	10	47	-73.28
gain	47	10	-79.75
gain	10	48	-66.02
gain	48	10	-71.10
gain	11	12	-68.40
gain	12	11	-68.00
gain	11	13	-83.51
gain	13	11	-83.83
gain	11	14	-72.43
gain	14	11	-67.01
gain	11	15	-67.98
gain	15	11	-68.12
gain	11	16	-86.03
gain	16	11	-85.82
gain	11	17	-89.56
gain	17	11	-93.45
gain	11	18	-68.85
gain	18	11	-66.21
gain	11	19	-82.30
gain	19	11	-79.32
gain	11	20	-77.10
gain	20	11	-73.22
gain	11	21	-88.99
gain	21	11	-85.71
gain	11	22	-81.38
gain	22	11	-77.91
gain	11	23	-76.47
gain	23	11	-75.04
gain	11	24	-83.22
gain	24	11	-78.71
gain	11	25	-79.73
gain	25	11	-78.56
gain	11	26	-63.83
gain	26	11	-60.93
gain	11	27	-79.61
gain	27	11	-78.15
gain	11	28	-78.82
gain	28	11	-77.28
gain	11	29	-71.86
gain	29	11	-72.34
gain	11	30	-78.05
gain	30	11	-75.52
gain	11	31	-84.66
gain	31	11	-83.92
gain	11	32	-88.80
gain	32	11	-88.43
gain	11	33	-88.89
gain	33	11	-85.62
gain	11	34	-88.02
gain	34	11	-87.94
gain	11	35	-88.28
gain	35	11	-85.53
gain	11	36	-89.86
gain	36	11	-91.58
gain	11	37	-92.54
gain	37	11	-93.50
gain	11	38	-88.73
gain	38	11	-88.01
gain	11	39	-82.89
gain	39	11	-81.89
gain	11	40	-82.07
gain	40	11	-84.74
gain	11	41	-78.26
gain	41	11	-76.50
gain	11	42	-82.23
gain	42	11	-81.92
gain	11	43	-86.19
gain	43	11	-82.98
gain	11	44	-78.87
gain	44	11	-78.38
gain	11	45	-93.75
gain	45	11	-95.24
gain	11	46	-86.23
gain	46	11	-88.24
gain	11	47	-80.00
gain	47	11	-80.84
gain	11	48	-86.55
gain	48	11	-85.99
gain	12	13	-88.75
gain	13	12	-89.47
gain	12	14	-78.34
gain	14	12	-73.31
gain	12	15	-77.66
gain	15	12	-78.19
gain	12	16	-85.72
gain	16	12	-85.90
gain	12	17	-87.39
gain	17	12	-91.68
gain	12	18	-77.97
gain	18	12	-75.72
gain	12	19	-88.42
gain	19	12	-85.84
gain	12	20	-80.95
gain	20	12	-77.46
gain	12	21	-88.59
gain	21	12	-85.71
gain	12	22	-84.08
gain	22	12	-81.01
gain	12	23	-70.29
gain	23	12	-69.26
gain	12	24	-81.97
gain	24	12	-77.85
gain	12	25	-79.85
gain	25	12	-79.07
gain	12	26	-74.44
gain	26	12	-71.93
gain	12	27	-85.40
gain	27	12	-84.33
gain	12	28	-75.55
gain	28	12	-74.41
gain	12	29	-74.50
gain	29	12	-75.36
gain	12	30	-78.78
gain	30	12	-76.65
gain	12	31	-87.51
gain	31	12	-87.15
gain	12	32	-90.26
gain	32	12	-90.28
gain	12	33	-81.45
gain	33	12	-78.57
gain	12	34	-84.14
gain	34	12	-84.46
gain	12	35	-80.12
gain	35	12	-77.77
gain	12	36	-89.68
gain	36	12	-91.80
gain	12	37	-87.71
gain	37	12	-89.06
gain	12	38	-85.24
gain	38	12	-84.90
gain	12	39	-88.71
gain	39	12	-88.10
gain	12	40	-82.71
gain	40	12	-85.77
gain	12	41	-72.60
gain	41	12	-71.24
gain	12	42	-84.84
gain	42	12	-84.93
gain	12	43	-86.41
gain	43	12	-83.60
gain	12	44	-77.72
gain	44	12	-77.63
gain	12	45	-90.14
gain	45	12	-92.01
gain	12	46	-87.58
gain	46	12	-89.98
gain	12	47	-80.50
gain	47	12	-81.73
gain	12	48	-83.92
gain	48	12	-83.75
gain	13	14	-82.23
gain	14	13	-76.48
gain	13	15	-79.24
gain	15	13	-79.06
gain	13	16	-84.66
gain	16	13	-84.12
gain	13	17	-88.95
gain	17	13	-92.52
gain	13	18	-80.42
gain	18	13	-77.45
gain	13	19	-70.84
gain	19	13	-67.54
gain	13	20	-77.70
gain	20	13	-73.49
gain	13	21	-59.57
gain	21	13	-55.97
gain	13	22	-58.99
gain	22	13	-55.20
gain	13	23	-90.15
gain	23	13	-88.39
gain	13	24	-77.66
gain	24	13	-72.82
gain	13	25	-76.13
gain	25	13	-74.63
gain	13	26	-81.32
gain	26	13	-78.09
gain	13	27	-85.03
gain	27	13	-83.24
gain	13	28	-85.01
gain	28	13	-83.15
gain	13	29	-78.06
gain	29	13	-78.21
gain	13	30	-84.36
gain	30	13	-81.51
gain	13	31	-82.07
gain	31	13	-81.00
gain	13	32	-68.23
gain	32	13	-67.53
gain	13	33	-94.04
gain	33	13	-90.44
gain	13	34	-92.44
gain	34	13	-92.04
gain	13	35	-90.31
gain	35	13	-87.24
gain	13	36	-86.56
gain	36	13	-87.96
gain	13	37	-74.87
gain	37	13	-75.50
gain	13	38	-68.00
gain	38	13	-66.95
gain	13	39	-84.51
gain	39	13	-83.18
gain	13	40	-79.26
gain	40	13	-81.60
gain	13	41	-87.53
gain	41	13	-85.45
gain	13	42	-84.35
gain	42	13	-83.72
gain	13	43	-78.01
gain	43	13	-74.47
gain	13	44	-83.65
gain	44	13	-82.84
gain	13	45	-70.49
gain	45	13	-71.65
gain	13	46	-82.60
gain	46	13	-84.28
gain	13	47	-92.23
gain	47	13	-92.73
gain	13	48	-74.08
gain	48	13	-73.20
gain	14	15	-57.86
gain	15	14	-63.42
gain	14	16	-80.50
gain	16	14	-85.72
gain	14	17	-82.18
gain	17	14	-91.50
gain	14	18	-69.52
gain	18	14	-72.31
gain	14	19	-76.84
gain	19	14	-79.29
gain	14	20	-65.42
gain	20	14	-66.96
gain	14	21	-81.89
gain	21	14	-84.03
gain	14	22	-77.64
gain	22	14	-79.60
gain	14	23	-77.65
gain	23	14	-81.64
gain	14	24	-68.42
gain	24	14	-69.33
gain	14	25	-75.16
gain	25	14	-79.41
gain	14	26	-55.75
gain	26	14	-58.27
gain	14	27	-81.37
gain	27	14	-85.33
gain	14	28	-69.62
gain	28	14	-73.50
gain	14	29	-59.55
gain	29	14	-65.44
gain	14	30	-63.37
gain	30	14	-66.26
gain	14	31	-86.12
gain	31	14	-90.79
gain	14	32	-77.72
gain	32	14	-82.78
gain	14	33	-81.82
gain	33	14	-83.97
gain	14	34	-79.56
gain	34	14	-84.90
gain	14	35	-76.66
gain	35	14	-79.33
gain	14	36	-81.81
gain	36	14	-88.96
gain	14	37	-83.37
gain	37	14	-89.75
gain	14	38	-83.78
gain	38	14	-88.47
gain	14	39	-85.71
gain	39	14	-90.13
gain	14	40	-70.48
gain	40	14	-78.56
gain	14	41	-68.90
gain	41	14	-72.56
gain	14	42	-77.61
gain	42	14	-82.73
gain	14	43	-69.72
gain	43	14	-71.94
gain	14	44	-80.09
gain	44	14	-85.03
gain	14	45	-86.32
gain	45	14	-93.23
gain	14	46	-82.82
gain	46	14	-90.25
gain	14	47	-78.27
gain	47	14	-84.52
gain	14	48	-80.65
gain	48	14	-85.51
gain	15	16	-87.21
gain	16	15	-86.86
gain	15	17	-96.58
gain	17	15	-100.34
gain	15	18	-77.68
gain	18	15	-74.90
gain	15	19	-80.14
gain	19	15	-77.03
gain	15	20	-62.92
gain	20	15	-58.90
gain	15	21	-85.25
gain	21	15	-81.83
gain	15	22	-81.80
gain	22	15	-78.19
gain	15	23	-79.45
gain	23	15	-77.88
gain	15	24	-73.21
gain	24	15	-68.55
gain	15	25	-82.86
gain	25	15	-81.54
gain	15	26	-75.03
gain	26	15	-71.99
gain	15	27	-89.17
gain	27	15	-87.56
gain	15	28	-69.68
gain	28	15	-68.00
gain	15	29	-58.06
gain	29	15	-58.39
gain	15	30	-61.20
gain	30	15	-58.53
gain	15	31	-86.84
gain	31	15	-85.96
gain	15	32	-89.86
gain	32	15	-89.35
gain	15	33	-84.81
gain	33	15	-81.40
gain	15	34	-85.94
gain	34	15	-85.72
gain	15	35	-91.79
gain	35	15	-88.90
gain	15	36	-91.86
gain	36	15	-93.45
gain	15	37	-85.33
gain	37	15	-86.15
gain	15	38	-85.08
gain	38	15	-84.22
gain	15	39	-86.64
gain	39	15	-85.50
gain	15	40	-69.86
gain	40	15	-72.38
gain	15	41	-84.87
gain	41	15	-82.98
gain	15	42	-94.43
gain	42	15	-93.99
gain	15	43	-76.28
gain	43	15	-72.94
gain	15	44	-78.86
gain	44	15	-78.23
gain	15	45	-83.80
gain	45	15	-85.14
gain	15	46	-84.94
gain	46	15	-86.81
gain	15	47	-85.78
gain	47	15	-86.47
gain	15	48	-82.83
gain	48	15	-82.12
gain	16	17	-77.36
gain	17	16	-81.46
gain	16	18	-76.02
gain	18	16	-73.58
gain	16	19	-81.11
gain	19	16	-78.35
gain	16	20	-82.24
gain	20	16	-78.57
gain	16	21	-79.93
gain	21	16	-76.85
gain	16	22	-84.41
gain	22	16	-81.16
gain	16	23	-86.33
gain	23	16	-85.10
gain	16	24	-86.38
gain	24	16	-82.07
gain	16	25	-76.85
gain	25	16	-75.88
gain	16	26	-85.94
gain	26	16	-83.25
gain	16	27	-63.74
gain	27	16	-62.48
gain	16	28	-87.33
gain	28	16	-86.00
gain	16	29	-88.17
gain	29	16	-88.85
gain	16	30	-87.97
gain	30	16	-85.65
gain	16	31	-63.72
gain	31	16	-63.19
gain	16	32	-83.55
gain	32	16	-83.39
gain	16	33	-84.07
gain	33	16	-81.00
gain	16	34	-57.03
gain	34	16	-57.16
gain	16	35	-74.72
gain	35	16	-72.18
gain	16	36	-73.86
gain	36	16	-75.80
gain	16	37	-82.90
gain	37	16	-84.07
gain	16	38	-89.80
gain	38	16	-89.28
gain	16	39	-67.37
gain	39	16	-66.58
gain	16	40	-90.25
gain	40	16	-93.13
gain	16	41	-79.48
gain	41	16	-77.94
gain	16	42	-73.29
gain	42	16	-73.19
gain	16	43	-84.21
gain	43	16	-81.21
gain	16	44	-81.79
gain	44	16	-81.50
gain	16	45	-82.06
gain	45	16	-83.75
gain	16	46	-77.99
gain	46	16	-80.21
gain	16	47	-81.88
gain	47	16	-82.91
gain	16	48	-66.19
gain	48	16	-65.84
gain	17	18	-89.91
gain	18	17	-83.37
gain	17	19	-78.09
gain	19	17	-71.23
gain	17	20	-94.91
gain	20	17	-87.13
gain	17	21	-85.14
gain	21	17	-77.96
gain	17	22	-87.33
gain	22	17	-79.97
gain	17	23	-87.17
gain	23	17	-81.84
gain	17	24	-92.64
gain	24	17	-84.23
gain	17	25	-87.30
gain	25	17	-82.23
gain	17	26	-96.95
gain	26	17	-90.15
gain	17	27	-82.02
gain	27	17	-76.66
gain	17	28	-88.65
gain	28	17	-83.22
gain	17	29	-86.12
gain	29	17	-82.70
gain	17	30	-97.87
gain	30	17	-91.45
gain	17	31	-73.51
gain	31	17	-68.87
gain	17	32	-85.68
gain	32	17	-81.41
gain	17	33	-88.58
gain	33	17	-81.41
gain	17	34	-70.09
gain	34	17	-66.12
gain	17	35	-77.82
gain	35	17	-71.18
gain	17	36	-65.14
gain	36	17	-62.97
gain	17	37	-80.58
gain	37	17	-77.65
gain	17	38	-90.15
gain	38	17	-85.53
gain	17	39	-62.10
gain	39	17	-57.21
gain	17	40	-95.37
gain	40	17	-94.14
gain	17	41	-88.66
gain	41	17	-83.01
gain	17	42	-86.72
gain	42	17	-82.52
gain	17	43	-94.29
gain	43	17	-87.19
gain	17	44	-89.68
gain	44	17	-85.29
gain	17	45	-91.53
gain	45	17	-89.11
gain	17	46	-63.11
gain	46	17	-61.22
gain	17	47	-89.51
gain	47	17	-86.45
gain	17	48	-80.73
gain	48	17	-76.27
gain	18	19	-75.54
gain	19	18	-75.21
gain	18	20	-74.94
gain	20	18	-73.70
gain	18	21	-78.64
gain	21	18	-78.00
gain	18	22	-80.61
gain	22	18	-79.78
gain	18	23	-71.72
gain	23	18	-72.93
gain	18	24	-74.59
gain	24	18	-72.72
gain	18	25	-58.62
gain	25	18	-60.09
gain	18	26	-74.47
gain	26	18	-74.21
gain	18	27	-73.56
gain	27	18	-74.73
gain	18	28	-78.84
gain	28	18	-79.94
gain	18	29	-65.47
gain	29	18	-68.59
gain	18	30	-80.69
gain	30	18	-80.80
gain	18	31	-82.65
gain	31	18	-84.54
gain	18	32	-83.87
gain	32	18	-86.14
gain	18	33	-83.76
gain	33	18	-83.12
gain	18	34	-81.48
gain	34	18	-84.04
gain	18	35	-78.19
gain	35	18	-78.09
gain	18	36	-85.74
gain	36	18	-90.11
gain	18	37	-81.32
gain	37	18	-84.91
gain	18	38	-79.61
gain	38	18	-81.53
gain	18	39	-79.64
gain	39	18	-81.28
gain	18	40	-78.42
gain	40	18	-83.73
gain	18	41	-71.79
gain	41	18	-72.68
gain	18	42	-67.16
gain	42	18	-69.49
gain	18	43	-80.05
gain	43	18	-79.48
gain	18	44	-62.88
gain	44	18	-65.03
gain	18	45	-87.75
gain	45	18	-91.88
gain	18	46	-79.19
gain	46	18	-83.84
gain	18	47	-71.57
gain	47	18	-75.04
gain	18	48	-72.68
gain	48	18	-74.75
gain	19	20	-71.82
gain	20	19	-70.91
gain	19	21	-67.31
gain	21	19	-67.00
gain	19	22	-61.08
gain	22	19	-60.59
gain	19	23	-83.68
gain	23	19	-85.22
gain	19	24	-76.42
gain	24	19	-74.88
gain	19	25	-76.36
gain	25	19	-78.16
gain	19	26	-78.42
gain	26	19	-78.50
gain	19	27	-75.75
gain	27	19	-77.26
gain	19	28	-80.31
gain	28	19	-81.74
gain	19	29	-81.70
gain	29	19	-85.14
gain	19	30	-77.18
gain	30	19	-77.62
gain	19	31	-80.84
gain	31	19	-83.07
gain	19	32	-63.63
gain	32	19	-66.24
gain	19	33	-88.02
gain	33	19	-87.72
gain	19	34	-79.19
gain	34	19	-82.08
gain	19	35	-88.86
gain	35	19	-89.09
gain	19	36	-81.63
gain	36	19	-86.33
gain	19	37	-71.20
gain	37	19	-75.13
gain	19	38	-72.08
gain	38	19	-74.32
gain	19	39	-78.40
gain	39	19	-80.37
gain	19	40	-81.62
gain	40	19	-87.26
gain	19	41	-84.62
gain	41	19	-85.83
gain	19	42	-73.15
gain	42	19	-75.82
gain	19	43	-78.68
gain	43	19	-78.45
gain	19	44	-77.54
gain	44	19	-80.03
gain	19	45	-76.98
gain	45	19	-81.43
gain	19	46	-71.18
gain	46	19	-76.16
gain	19	47	-84.08
gain	47	19	-87.89
gain	19	48	-66.79
gain	48	19	-69.19
gain	20	21	-74.23
gain	21	20	-74.83
gain	20	22	-74.37
gain	22	20	-74.79
gain	20	23	-74.62
gain	23	20	-77.08
gain	20	24	-55.99
gain	24	20	-55.36
gain	20	25	-73.50
gain	25	20	-76.21
gain	20	26	-64.44
gain	26	20	-65.42
gain	20	27	-78.00
gain	27	20	-80.42
gain	20	28	-58.71
gain	28	20	-61.06
gain	20	29	-57.91
gain	29	20	-62.26
gain	20	30	-59.27
gain	30	20	-60.62
gain	20	31	-88.91
gain	31	20	-92.05
gain	20	32	-84.97
gain	32	20	-88.48
gain	20	33	-90.23
gain	33	20	-90.83
gain	20	34	-81.63
gain	34	20	-85.43
gain	20	35	-86.55
gain	35	20	-87.69
gain	20	36	-80.99
gain	36	20	-86.60
gain	20	37	-75.40
gain	37	20	-80.24
gain	20	38	-84.19
gain	38	20	-87.35
gain	20	39	-88.33
gain	39	20	-91.21
gain	20	40	-64.61
gain	40	20	-71.15
gain	20	41	-79.98
gain	41	20	-82.10
gain	20	42	-75.98
gain	42	20	-79.56
gain	20	43	-64.99
gain	43	20	-65.67
gain	20	44	-78.36
gain	44	20	-81.75
gain	20	45	-84.99
gain	45	20	-90.36
gain	20	46	-83.02
gain	46	20	-88.91
gain	20	47	-76.89
gain	47	20	-81.60
gain	20	48	-76.37
gain	48	20	-79.69
gain	21	22	-56.05
gain	22	21	-55.86
gain	21	23	-83.82
gain	23	21	-85.67
gain	21	24	-70.99
gain	24	21	-69.76
gain	21	25	-72.24
gain	25	21	-74.34
gain	21	26	-79.72
gain	26	21	-80.10
gain	21	27	-74.53
gain	27	21	-76.35
gain	21	28	-80.04
gain	28	21	-81.79
gain	21	29	-83.74
gain	29	21	-87.49
gain	21	30	-82.39
gain	30	21	-83.14
gain	21	31	-90.75
gain	31	21	-93.29
gain	21	32	-57.18
gain	32	21	-60.09
gain	21	33	-90.51
gain	33	21	-90.51
gain	21	34	-82.96
gain	34	21	-86.16
gain	21	35	-87.06
gain	35	21	-87.59
gain	21	36	-80.17
gain	36	21	-85.17
gain	21	37	-71.02
gain	37	21	-75.26
gain	21	38	-62.29
gain	38	21	-64.84
gain	21	39	-75.40
gain	39	21	-77.68
gain	21	40	-83.59
gain	40	21	-89.53
gain	21	41	-87.84
gain	41	21	-89.36
gain	21	42	-74.87
gain	42	21	-77.85
gain	21	43	-79.47
gain	43	21	-79.55
gain	21	44	-80.08
gain	44	21	-82.87
gain	21	45	-62.04
gain	45	21	-66.80
gain	21	46	-77.37
gain	46	21	-82.65
gain	21	47	-85.37
gain	47	21	-89.48
gain	21	48	-73.20
gain	48	21	-75.91
gain	22	23	-86.30
gain	23	22	-88.33
gain	22	24	-78.92
gain	24	22	-77.87
gain	22	25	-70.94
gain	25	22	-73.22
gain	22	26	-81.18
gain	26	22	-81.75
gain	22	27	-82.07
gain	27	22	-84.07
gain	22	28	-75.56
gain	28	22	-77.49
gain	22	29	-79.34
gain	29	22	-83.27
gain	22	30	-76.97
gain	30	22	-77.91
gain	22	31	-81.42
gain	31	22	-84.14
gain	22	32	-59.96
gain	32	22	-63.06
gain	22	33	-82.67
gain	33	22	-82.86
gain	22	34	-81.93
gain	34	22	-85.32
gain	22	35	-78.85
gain	35	22	-79.57
gain	22	36	-76.96
gain	36	22	-82.15
gain	22	37	-73.92
gain	37	22	-78.34
gain	22	38	-67.01
gain	38	22	-69.74
gain	22	39	-73.96
gain	39	22	-76.42
gain	22	40	-83.08
gain	40	22	-89.21
gain	22	41	-85.61
gain	41	22	-87.32
gain	22	42	-80.59
gain	42	22	-83.75
gain	22	43	-76.76
gain	43	22	-77.02
gain	22	44	-76.68
gain	44	22	-79.66
gain	22	45	-71.08
gain	45	22	-76.02
gain	22	46	-75.84
gain	46	22	-81.31
gain	22	47	-83.46
gain	47	22	-87.75
gain	22	48	-70.70
gain	48	22	-73.60
gain	23	24	-81.95
gain	24	23	-78.86
gain	23	25	-84.17
gain	25	23	-84.42
gain	23	26	-75.22
gain	26	23	-73.75
gain	23	27	-76.25
gain	27	23	-76.22
gain	23	28	-87.78
gain	28	23	-87.67
gain	23	29	-82.48
gain	29	23	-84.39
gain	23	30	-80.49
gain	30	23	-79.40
gain	23	31	-86.04
gain	31	23	-86.73
gain	23	32	-86.93
gain	32	23	-87.99
gain	23	33	-59.66
gain	33	23	-57.82
gain	23	34	-80.20
gain	34	23	-81.55
gain	23	35	-80.19
gain	35	23	-78.88
gain	23	36	-82.84
gain	36	23	-86.00
gain	23	37	-88.44
gain	37	23	-90.83
gain	23	38	-90.27
gain	38	23	-90.98
gain	23	39	-85.19
gain	39	23	-85.62
gain	23	40	-86.23
gain	40	23	-90.33
gain	23	41	-59.28
gain	41	23	-58.96
gain	23	42	-74.46
gain	42	23	-75.59
gain	23	43	-85.06
gain	43	23	-83.29
gain	23	44	-71.40
gain	44	23	-72.34
gain	23	45	-88.66
gain	45	23	-91.58
gain	23	46	-83.93
gain	46	23	-87.37
gain	23	47	-66.41
gain	47	23	-68.67
gain	23	48	-83.82
gain	48	23	-84.69
gain	24	25	-66.74
gain	25	24	-70.08
gain	24	26	-67.51
gain	26	24	-69.12
gain	24	27	-77.96
gain	27	24	-81.01
gain	24	28	-52.78
gain	28	24	-55.76
gain	24	29	-60.78
gain	29	24	-65.76
gain	24	30	-63.89
gain	30	24	-65.87
gain	24	31	-86.32
gain	31	24	-90.08
gain	24	32	-80.08
gain	32	24	-84.23
gain	24	33	-83.46
gain	33	24	-84.70
gain	24	34	-87.15
gain	34	24	-91.59
gain	24	35	-85.91
gain	35	24	-87.68
gain	24	36	-89.23
gain	36	24	-95.48
gain	24	37	-78.56
gain	37	24	-84.04
gain	24	38	-73.91
gain	38	24	-77.70
gain	24	39	-85.93
gain	39	24	-89.45
gain	24	40	-68.77
gain	40	24	-75.95
gain	24	41	-78.02
gain	41	24	-80.78
gain	24	42	-75.65
gain	42	24	-79.86
gain	24	43	-60.93
gain	43	24	-62.24
gain	24	44	-76.79
gain	44	24	-80.81
gain	24	45	-78.60
gain	45	24	-84.60
gain	24	46	-83.29
gain	46	24	-89.81
gain	24	47	-80.99
gain	47	24	-86.34
gain	24	48	-77.80
gain	48	24	-81.75
gain	25	26	-72.59
gain	26	25	-70.87
gain	25	27	-73.89
gain	27	25	-73.60
gain	25	28	-78.20
gain	28	25	-77.84
gain	25	29	-74.35
gain	29	25	-76.00
gain	25	30	-78.23
gain	30	25	-76.88
gain	25	31	-86.16
gain	31	25	-86.59
gain	25	32	-76.65
gain	32	25	-77.46
gain	25	33	-85.25
gain	33	25	-83.15
gain	25	34	-77.04
gain	34	25	-78.13
gain	25	35	-82.16
gain	35	25	-80.59
gain	25	36	-81.64
gain	36	25	-84.54
gain	25	37	-82.26
gain	37	25	-84.39
gain	25	38	-85.14
gain	38	25	-85.59
gain	25	39	-78.93
gain	39	25	-79.11
gain	25	40	-80.81
gain	40	25	-84.65
gain	25	41	-80.96
gain	41	25	-80.38
gain	25	42	-74.34
gain	42	25	-75.21
gain	25	43	-78.99
gain	43	25	-76.96
gain	25	44	-72.09
gain	44	25	-72.78
gain	25	45	-87.69
gain	45	25	-90.35
gain	25	46	-85.48
gain	46	25	-88.66
gain	25	47	-75.23
gain	47	25	-77.24
gain	25	48	-79.64
gain	48	25	-80.25
gain	26	27	-85.42
gain	27	26	-86.85
gain	26	28	-75.53
gain	28	26	-76.89
gain	26	29	-54.39
gain	29	26	-57.76
gain	26	30	-65.86
gain	30	26	-66.23
gain	26	31	-84.88
gain	31	26	-87.04
gain	26	32	-88.33
gain	32	26	-90.86
gain	26	33	-84.06
gain	33	26	-83.69
gain	26	34	-84.36
gain	34	26	-87.18
gain	26	35	-86.04
gain	35	26	-86.20
gain	26	36	-82.38
gain	36	26	-87.01
gain	26	37	-85.58
gain	37	26	-89.44
gain	26	38	-77.01
gain	38	26	-79.18
gain	26	39	-81.49
gain	39	26	-83.38
gain	26	40	-73.26
gain	40	26	-78.82
gain	26	41	-71.88
gain	41	26	-73.02
gain	26	42	-79.97
gain	42	26	-82.57
gain	26	43	-75.08
gain	43	26	-74.77
gain	26	44	-76.06
gain	44	26	-78.46
gain	26	45	-83.49
gain	45	26	-87.87
gain	26	46	-87.97
gain	46	26	-92.88
gain	26	47	-73.17
gain	47	26	-76.90
gain	26	48	-85.12
gain	48	26	-87.46
gain	27	28	-92.44
gain	28	27	-92.37
gain	27	29	-82.49
gain	29	27	-84.43
gain	27	30	-86.26
gain	30	27	-85.20
gain	27	31	-69.11
gain	31	27	-69.83
gain	27	32	-85.66
gain	32	27	-86.75
gain	27	33	-82.00
gain	33	27	-80.20
gain	27	34	-69.07
gain	34	27	-70.45
gain	27	35	-72.34
gain	35	27	-71.06
gain	27	36	-74.50
gain	36	27	-77.69
gain	27	37	-81.33
gain	37	27	-83.75
gain	27	38	-84.48
gain	38	27	-85.22
gain	27	39	-76.25
gain	39	27	-76.71
gain	27	40	-87.03
gain	40	27	-91.17
gain	27	41	-78.10
gain	41	27	-77.81
gain	27	42	-68.05
gain	42	27	-69.21
gain	27	43	-83.76
gain	43	27	-82.02
gain	27	44	-78.04
gain	44	27	-79.02
gain	27	45	-84.94
gain	45	27	-87.89
gain	27	46	-73.44
gain	46	27	-76.91
gain	27	47	-73.72
gain	47	27	-76.01
gain	27	48	-70.71
gain	48	27	-71.61
gain	28	29	-65.29
gain	29	28	-67.30
gain	28	30	-55.51
gain	30	28	-54.52
gain	28	31	-91.56
gain	31	28	-92.35
gain	28	32	-90.92
gain	32	28	-92.09
gain	28	33	-89.30
gain	33	28	-87.57
gain	28	34	-87.46
gain	34	28	-88.92
gain	28	35	-89.45
gain	35	28	-88.25
gain	28	36	-83.66
gain	36	28	-86.93
gain	28	37	-87.47
gain	37	28	-89.97
gain	28	38	-85.07
gain	38	28	-85.88
gain	28	39	-83.65
gain	39	28	-84.19
gain	28	40	-57.94
gain	40	28	-62.14
gain	28	41	-88.09
gain	41	28	-87.87
gain	28	42	-85.15
gain	42	28	-86.38
gain	28	43	-60.95
gain	43	28	-59.28
gain	28	44	-85.76
gain	44	28	-86.81
gain	28	45	-82.05
gain	45	28	-85.07
gain	28	46	-85.93
gain	46	28	-89.48
gain	28	47	-87.80
gain	47	28	-90.17
gain	28	48	-82.83
gain	48	28	-83.81
gain	29	30	-68.07
gain	30	29	-65.07
gain	29	31	-82.60
gain	31	29	-81.38
gain	29	32	-84.47
gain	32	29	-83.63
gain	29	33	-87.76
gain	33	29	-84.02
gain	29	34	-86.26
gain	34	29	-85.71
gain	29	35	-98.43
gain	35	29	-95.21
gain	29	36	-88.58
gain	36	29	-89.84
gain	29	37	-87.38
gain	37	29	-87.87
gain	29	38	-87.58
gain	38	29	-86.38
gain	29	39	-86.64
gain	39	29	-85.17
gain	29	40	-74.46
gain	40	29	-76.66
gain	29	41	-82.78
gain	41	29	-80.55
gain	29	42	-79.79
gain	42	29	-79.02
gain	29	43	-75.99
gain	43	29	-72.31
gain	29	44	-82.50
gain	44	29	-81.54
gain	29	45	-85.54
gain	45	29	-86.55
gain	29	46	-87.31
gain	46	29	-88.84
gain	29	47	-79.60
gain	47	29	-79.96
gain	29	48	-82.03
gain	48	29	-81.00
gain	30	31	-87.81
gain	31	30	-89.60
gain	30	32	-85.91
gain	32	30	-88.06
gain	30	33	-85.33
gain	33	30	-84.58
gain	30	34	-85.93
gain	34	30	-88.38
gain	30	35	-90.29
gain	35	30	-90.07
gain	30	36	-90.19
gain	36	30	-94.44
gain	30	37	-86.50
gain	37	30	-89.98
gain	30	38	-84.12
gain	38	30	-85.91
gain	30	39	-86.39
gain	39	30	-87.92
gain	30	40	-61.08
gain	40	30	-66.27
gain	30	41	-84.95
gain	41	30	-85.72
gain	30	42	-83.78
gain	42	30	-86.00
gain	30	43	-66.15
gain	43	30	-65.47
gain	30	44	-80.22
gain	44	30	-82.26
gain	30	45	-86.22
gain	45	30	-90.22
gain	30	46	-84.24
gain	46	30	-88.78
gain	30	47	-90.01
gain	47	30	-93.37
gain	30	48	-83.48
gain	48	30	-85.44
gain	31	32	-84.89
gain	32	31	-85.27
gain	31	33	-86.82
gain	33	31	-84.29
gain	31	34	-58.39
gain	34	31	-59.05
gain	31	35	-60.85
gain	35	31	-58.85
gain	31	36	-62.36
gain	36	31	-64.83
gain	31	37	-77.00
gain	37	31	-78.71
gain	31	38	-82.48
gain	38	31	-82.50
gain	31	39	-74.24
gain	39	31	-73.99
gain	31	40	-86.19
gain	40	31	-89.60
gain	31	41	-77.87
gain	41	31	-76.86
gain	31	42	-74.53
gain	42	31	-74.97
gain	31	43	-91.96
gain	43	31	-89.50
gain	31	44	-80.68
gain	44	31	-80.94
gain	31	45	-87.66
gain	45	31	-89.88
gain	31	46	-77.35
gain	46	31	-80.11
gain	31	47	-81.84
gain	47	31	-83.42
gain	31	48	-77.21
gain	48	31	-77.39
gain	32	33	-93.03
gain	33	32	-90.12
gain	32	34	-86.80
gain	34	32	-87.09
gain	32	35	-89.29
gain	35	32	-86.91
gain	32	36	-91.86
gain	36	32	-93.96
gain	32	37	-70.79
gain	37	32	-72.12
gain	32	38	-72.17
gain	38	32	-71.81
gain	32	39	-80.53
gain	39	32	-79.90
gain	32	40	-85.24
gain	40	32	-88.27
gain	32	41	-86.37
gain	41	32	-84.99
gain	32	42	-81.15
gain	42	32	-81.21
gain	32	43	-86.62
gain	43	32	-83.78
gain	32	44	-82.92
gain	44	32	-82.80
gain	32	45	-68.89
gain	45	32	-70.74
gain	32	46	-80.56
gain	46	32	-82.94
gain	32	47	-86.28
gain	47	32	-87.48
gain	32	48	-75.37
gain	48	32	-75.18
gain	33	34	-86.01
gain	34	33	-89.21
gain	33	35	-74.00
gain	35	33	-74.53
gain	33	36	-85.07
gain	36	33	-90.07
gain	33	37	-85.09
gain	37	33	-89.32
gain	33	38	-92.20
gain	38	33	-94.75
gain	33	39	-83.77
gain	39	33	-86.04
gain	33	40	-93.71
gain	40	33	-99.65
gain	33	41	-68.19
gain	41	33	-69.70
gain	33	42	-74.05
gain	42	33	-77.02
gain	33	43	-85.91
gain	43	33	-85.98
gain	33	44	-75.19
gain	44	33	-77.97
gain	33	45	-87.04
gain	45	33	-91.79
gain	33	46	-86.26
gain	46	33	-91.54
gain	33	47	-69.75
gain	47	33	-73.85
gain	33	48	-84.27
gain	48	33	-86.98
gain	34	35	-70.37
gain	35	34	-67.70
gain	34	36	-63.41
gain	36	34	-65.22
gain	34	37	-88.32
gain	37	34	-89.36
gain	34	38	-88.71
gain	38	34	-88.06
gain	34	39	-71.21
gain	39	34	-70.29
gain	34	40	-89.37
gain	40	34	-92.11
gain	34	41	-81.00
gain	41	34	-79.32
gain	34	42	-75.68
gain	42	34	-75.46
gain	34	43	-93.39
gain	43	34	-90.26
gain	34	44	-78.11
gain	44	34	-77.70
gain	34	45	-86.71
gain	45	34	-88.27
gain	34	46	-70.43
gain	46	34	-72.52
gain	34	47	-75.58
gain	47	34	-76.49
gain	34	48	-78.99
gain	48	34	-78.50
gain	35	36	-73.67
gain	36	35	-78.14
gain	35	37	-77.47
gain	37	35	-81.17
gain	35	38	-83.92
gain	38	35	-85.94
gain	35	39	-68.11
gain	39	35	-69.85
gain	35	40	-91.57
gain	40	35	-96.98
gain	35	41	-80.21
gain	41	35	-81.20
gain	35	42	-76.01
gain	42	35	-78.45
gain	35	43	-82.15
gain	43	35	-81.69
gain	35	44	-78.58
gain	44	35	-80.83
gain	35	45	-88.54
gain	45	35	-92.77
gain	35	46	-83.78
gain	46	35	-88.53
gain	35	47	-74.50
gain	47	35	-78.08
gain	35	48	-73.53
gain	48	35	-75.71
gain	36	37	-81.94
gain	37	36	-81.17
gain	36	38	-91.83
gain	38	36	-89.38
gain	36	39	-71.85
gain	39	36	-69.12
gain	36	40	-94.17
gain	40	36	-95.11
gain	36	41	-84.64
gain	41	36	-81.15
gain	36	42	-82.67
gain	42	36	-80.64
gain	36	43	-92.47
gain	43	36	-87.54
gain	36	44	-83.41
gain	44	36	-81.19
gain	36	45	-90.09
gain	45	36	-89.84
gain	36	46	-75.09
gain	46	36	-75.37
gain	36	47	-82.92
gain	47	36	-82.02
gain	36	48	-78.03
gain	48	36	-75.74
gain	37	38	-86.28
gain	38	37	-84.59
gain	37	39	-74.63
gain	39	37	-72.67
gain	37	40	-93.22
gain	40	37	-94.93
gain	37	41	-86.92
gain	41	37	-84.21
gain	37	42	-80.90
gain	42	37	-79.64
gain	37	43	-92.14
gain	43	37	-87.98
gain	37	44	-78.92
gain	44	37	-77.48
gain	37	45	-76.68
gain	45	37	-77.20
gain	37	46	-66.87
gain	46	37	-67.92
gain	37	47	-92.90
gain	47	37	-92.77
gain	37	48	-73.19
gain	48	37	-71.67
gain	38	39	-83.89
gain	39	38	-83.61
gain	38	40	-83.83
gain	40	38	-87.22
gain	38	41	-83.47
gain	41	38	-82.44
gain	38	42	-87.05
gain	42	38	-87.47
gain	38	43	-76.91
gain	43	38	-74.44
gain	38	44	-86.29
gain	44	38	-86.53
gain	38	45	-71.90
gain	45	38	-74.11
gain	38	46	-81.52
gain	46	38	-84.25
gain	38	47	-88.14
gain	47	38	-89.70
gain	38	48	-76.47
gain	48	38	-76.63
gain	39	40	-92.50
gain	40	39	-96.17
gain	39	41	-84.17
gain	41	39	-83.41
gain	39	42	-80.06
gain	42	39	-80.76
gain	39	43	-87.38
gain	43	39	-85.17
gain	39	44	-77.47
gain	44	39	-77.98
gain	39	45	-88.81
gain	45	39	-91.29
gain	39	46	-67.04
gain	46	39	-70.04
gain	39	47	-79.42
gain	47	39	-81.25
gain	39	48	-73.26
gain	48	39	-73.69
gain	40	41	-87.53
gain	41	40	-83.11
gain	40	42	-90.08
gain	42	40	-87.11
gain	40	43	-71.58
gain	43	40	-65.71
gain	40	44	-86.89
gain	44	40	-83.73
gain	40	45	-92.20
gain	45	40	-91.01
gain	40	46	-92.86
gain	46	40	-92.20
gain	40	47	-91.32
gain	47	40	-89.48
gain	40	48	-88.61
gain	48	40	-85.38
gain	41	42	-71.36
gain	42	41	-72.81
gain	41	43	-75.98
gain	43	41	-74.53
gain	41	44	-60.42
gain	44	41	-61.68
gain	41	45	-90.52
gain	45	41	-93.76
gain	41	46	-81.89
gain	46	41	-85.65
gain	41	47	-54.34
gain	47	41	-56.93
gain	41	48	-81.29
gain	48	41	-82.48
gain	42	43	-78.89
gain	43	42	-75.99
gain	42	44	-59.16
gain	44	42	-58.98
gain	42	45	-89.50
gain	45	42	-91.29
gain	42	46	-83.42
gain	46	42	-85.73
gain	42	47	-64.52
gain	47	42	-65.65
gain	42	48	-80.42
gain	48	42	-80.16
gain	43	44	-84.40
gain	44	43	-87.11
gain	43	45	-80.00
gain	45	43	-84.68
gain	43	46	-76.99
gain	46	43	-82.20
gain	43	47	-85.08
gain	47	43	-89.12
gain	43	48	-79.68
gain	48	43	-82.32
gain	44	45	-84.72
gain	45	44	-86.69
gain	44	46	-84.33
gain	46	44	-86.82
gain	44	47	-64.92
gain	47	44	-66.25
gain	44	48	-76.92
gain	48	44	-76.85
gain	45	46	-84.65
gain	46	45	-85.18
gain	45	47	-88.54
gain	47	45	-87.89
gain	45	48	-85.51
gain	48	45	-83.47
gain	46	47	-87.25
gain	47	46	-86.08
gain	46	48	-69.65
gain	48	46	-67.08
gain	47	48	-80.24
gain	48	47	-78.85
noise	0	-102.71	4.00
noise	1	-105.09	4.00
noise	2	-104.94	4.00
noise	3	-104.88	4.00
noise	4	-106.30	4.00
noise	5	-104.07	4.00
noise	6	-104.83	4.00
noise	7	-105.27	4.00
noise	8	-104.03	4.00
noise	9	-105.05	4.00
noise	10	-106.85	4.00
noise	11	-104.09	4.00
noise	12	-105.03	4.00
noise	13	-104.15	4.00
noise	14	-108.09	4.00
noise	15	-102.08	4.00
noise	16	-104.40	4.00
noise	17	-104.11	4.00
noise	18	-105.20	4.00
noise	19	-105.03	4.00
noise	20	-106.74	4.00
noise	21	-105.83	4.00
noise	22	-107.91	4.00
noise	23	-105.96	4.00
noise	24	-104.79	4.00
noise	25	-104.04	4.00
noise	26	-107.51	4.00
noise	27	-105.54	4.00
noise	28	-104.04	4.00
noise	29	-105.51	4.00
noise	30	-107.25	4.00
noise	31	-104.29	4.00
noise	32	-102.92	4.00
noise	33	-106.28	4.00
noise	34	-103.25	4.00
noise	35	-108.00	4.00
noise	36	-103.86	4.00
noise	37	-103.66	4.00
noise	38	-101.70	4.00
noise	39	-104.50	4.00
noise	40	-103.45	4.00
noise	41	-106.27	4.00
noise	42	-103.63	4.00
noise	43	-103.61	4.00
noise	44	-103.48	4.00
noise	45	-106.35	4.00
noise	46	-102.09	4.00
noise	47	-105.21	4.00
noise	48	-104.62	4.00
