gain	0	1	-82.43
gain	1	0	-80.41
gain	0	2	-92.43
gain	2	0	-95.42
gain	0	3	-93.07
gain	3	0	-92.96
gain	0	4	-100.44
gain	4	0	-99.19
gain	0	5	-102.89
gain	5	0	-110.90
gain	0	6	-108.68
gain	6	0	-114.75
gain	0	7	-87.45
gain	7	0	-89.79
gain	0	8	-89.33
gain	8	0	-92.80
gain	0	9	-90.98
gain	9	0	-95.51
gain	0	10	-101.45
gain	10	0	-100.50
gain	0	11	-104.74
gain	11	0	-110.31
gain	0	12	-103.44
gain	12	0	-105.53
gain	0	13	-110.49
gain	13	0	-113.24
gain	0	14	-94.58
gain	14	0	-91.96
gain	0	15	-88.49
gain	15	0	-88.28
gain	0	16	-98.17
gain	16	0	-101.22
gain	0	17	-99.08
gain	17	0	-101.10
gain	0	18	-106.04
gain	18	0	-108.69
gain	0	19	-107.06
gain	19	0	-105.06
gain	0	20	-110.43
gain	20	0	-109.24
gain	0	21	-99.46
gain	21	0	-101.22
gain	0	22	-97.83
gain	22	0	-101.16
gain	0	23	-100.22
gain	23	0	-105.26
gain	0	24	-104.00
gain	24	0	-105.20
gain	0	25	-101.53
gain	25	0	-98.51
gain	0	26	-102.02
gain	26	0	-103.01
gain	0	27	-108.36
gain	27	0	-114.22
gain	0	28	-101.76
gain	28	0	-104.52
gain	0	29	-107.41
gain	29	0	-111.30
gain	0	30	-99.14
gain	30	0	-99.94
gain	0	31	-102.07
gain	31	0	-98.66
gain	0	32	-101.24
gain	32	0	-104.82
gain	0	33	-108.30
gain	33	0	-111.85
gain	0	34	-113.18
gain	34	0	-116.90
gain	0	35	-106.26
gain	35	0	-106.38
gain	0	36	-103.75
gain	36	0	-102.76
gain	0	37	-108.04
gain	37	0	-113.03
gain	0	38	-105.77
gain	38	0	-107.50
gain	0	39	-113.83
gain	39	0	-115.03
gain	0	40	-110.87
gain	40	0	-109.42
gain	0	41	-109.93
gain	41	0	-115.63
gain	0	42	-107.27
gain	42	0	-108.77
gain	0	43	-104.38
gain	43	0	-106.99
gain	0	44	-107.17
gain	44	0	-107.44
gain	0	45	-105.89
gain	45	0	-102.11
gain	0	46	-106.06
gain	46	0	-106.77
gain	0	47	-109.54
gain	47	0	-109.51
gain	0	48	-111.35
gain	48	0	-110.14
gain	1	2	-75.03
gain	2	1	-80.05
gain	1	3	-89.15
gain	3	1	-91.06
gain	1	4	-96.84
gain	4	1	-97.61
gain	1	5	-95.89
gain	5	1	-105.93
gain	1	6	-104.80
gain	6	1	-112.90
gain	1	7	-86.32
gain	7	1	-90.69
gain	1	8	-81.60
gain	8	1	-87.10
gain	1	9	-85.67
gain	9	1	-92.22
gain	1	10	-91.45
gain	10	1	-92.53
gain	1	11	-91.90
gain	11	1	-99.49
gain	1	12	-97.18
gain	12	1	-101.30
gain	1	13	-104.56
gain	13	1	-109.34
gain	1	14	-89.38
gain	14	1	-88.78
gain	1	15	-86.35
gain	15	1	-88.16
gain	1	16	-95.24
gain	16	1	-100.31
gain	1	17	-91.21
gain	17	1	-95.25
gain	1	18	-96.72
gain	18	1	-101.40
gain	1	19	-103.84
gain	19	1	-103.87
gain	1	20	-98.73
gain	20	1	-99.57
gain	1	21	-97.03
gain	21	1	-100.81
gain	1	22	-97.78
gain	22	1	-103.14
gain	1	23	-97.66
gain	23	1	-104.73
gain	1	24	-99.39
gain	24	1	-102.61
gain	1	25	-97.44
gain	25	1	-96.44
gain	1	26	-102.78
gain	26	1	-105.80
gain	1	27	-106.71
gain	27	1	-114.60
gain	1	28	-104.35
gain	28	1	-109.14
gain	1	29	-98.33
gain	29	1	-104.24
gain	1	30	-102.84
gain	30	1	-105.66
gain	1	31	-99.99
gain	31	1	-98.61
gain	1	32	-103.53
gain	32	1	-109.12
gain	1	33	-107.10
gain	33	1	-112.67
gain	1	34	-104.64
gain	34	1	-110.38
gain	1	35	-96.43
gain	35	1	-98.57
gain	1	36	-102.06
gain	36	1	-103.10
gain	1	37	-99.14
gain	37	1	-106.15
gain	1	38	-106.01
gain	38	1	-109.76
gain	1	39	-106.21
gain	39	1	-109.43
gain	1	40	-108.17
gain	40	1	-108.74
gain	1	41	-107.63
gain	41	1	-115.35
gain	1	42	-103.83
gain	42	1	-107.36
gain	1	43	-101.96
gain	43	1	-106.60
gain	1	44	-101.50
gain	44	1	-103.80
gain	1	45	-102.66
gain	45	1	-100.90
gain	1	46	-108.55
gain	46	1	-111.28
gain	1	47	-104.91
gain	47	1	-106.90
gain	1	48	-107.78
gain	48	1	-108.60
gain	2	3	-88.52
gain	3	2	-85.42
gain	2	4	-96.29
gain	4	2	-92.06
gain	2	5	-101.59
gain	5	2	-106.61
gain	2	6	-98.83
gain	6	2	-101.92
gain	2	7	-98.07
gain	7	2	-97.42
gain	2	8	-86.64
gain	8	2	-87.12
gain	2	9	-80.32
gain	9	2	-81.86
gain	2	10	-88.73
gain	10	2	-84.79
gain	2	11	-96.53
gain	11	2	-99.11
gain	2	12	-98.19
gain	12	2	-97.30
gain	2	13	-101.96
gain	13	2	-101.72
gain	2	14	-103.92
gain	14	2	-98.32
gain	2	15	-99.10
gain	15	2	-95.90
gain	2	16	-91.84
gain	16	2	-91.90
gain	2	17	-96.22
gain	17	2	-95.25
gain	2	18	-101.04
gain	18	2	-100.71
gain	2	19	-103.49
gain	19	2	-98.50
gain	2	20	-101.28
gain	20	2	-97.10
gain	2	21	-103.18
gain	21	2	-101.95
gain	2	22	-98.51
gain	22	2	-98.85
gain	2	23	-100.22
gain	23	2	-102.27
gain	2	24	-105.14
gain	24	2	-103.36
gain	2	25	-98.67
gain	25	2	-92.67
gain	2	26	-104.27
gain	26	2	-102.28
gain	2	27	-113.33
gain	27	2	-116.20
gain	2	28	-109.17
gain	28	2	-108.94
gain	2	29	-101.05
gain	29	2	-101.95
gain	2	30	-97.97
gain	30	2	-95.78
gain	2	31	-110.74
gain	31	2	-104.35
gain	2	32	-110.24
gain	32	2	-110.82
gain	2	33	-108.96
gain	33	2	-109.52
gain	2	34	-104.13
gain	34	2	-104.86
gain	2	35	-102.56
gain	35	2	-99.69
gain	2	36	-105.93
gain	36	2	-101.96
gain	2	37	-105.06
gain	37	2	-107.06
gain	2	38	-109.11
gain	38	2	-107.85
gain	2	39	-107.25
gain	39	2	-105.46
gain	2	40	-108.66
gain	40	2	-104.22
gain	2	41	-107.96
gain	41	2	-110.67
gain	2	42	-108.73
gain	42	2	-107.25
gain	2	43	-113.56
gain	43	2	-113.18
gain	2	44	-104.00
gain	44	2	-101.28
gain	2	45	-107.38
gain	45	2	-100.61
gain	2	46	-109.96
gain	46	2	-107.68
gain	2	47	-105.58
gain	47	2	-102.55
gain	2	48	-110.21
gain	48	2	-106.02
gain	3	4	-83.14
gain	4	3	-82.01
gain	3	5	-94.03
gain	5	3	-102.16
gain	3	6	-96.48
gain	6	3	-102.68
gain	3	7	-101.32
gain	7	3	-103.78
gain	3	8	-92.67
gain	8	3	-96.26
gain	3	9	-89.67
gain	9	3	-94.31
gain	3	10	-85.98
gain	10	3	-85.14
gain	3	11	-91.60
gain	11	3	-97.28
gain	3	12	-92.51
gain	12	3	-94.72
gain	3	13	-101.52
gain	13	3	-104.39
gain	3	14	-104.62
gain	14	3	-102.12
gain	3	15	-90.46
gain	15	3	-90.36
gain	3	16	-92.57
gain	16	3	-95.74
gain	3	17	-89.87
gain	17	3	-92.00
gain	3	18	-95.14
gain	18	3	-97.91
gain	3	19	-96.29
gain	19	3	-94.41
gain	3	20	-99.48
gain	20	3	-98.41
gain	3	21	-97.25
gain	21	3	-99.12
gain	3	22	-98.65
gain	22	3	-102.10
gain	3	23	-98.23
gain	23	3	-103.38
gain	3	24	-102.56
gain	24	3	-103.87
gain	3	25	-98.02
gain	25	3	-95.11
gain	3	26	-97.50
gain	26	3	-98.61
gain	3	27	-103.57
gain	27	3	-109.54
gain	3	28	-100.43
gain	28	3	-103.31
gain	3	29	-106.12
gain	29	3	-110.12
gain	3	30	-98.40
gain	30	3	-99.31
gain	3	31	-93.09
gain	31	3	-89.80
gain	3	32	-103.66
gain	32	3	-107.35
gain	3	33	-109.44
gain	33	3	-113.11
gain	3	34	-100.62
gain	34	3	-104.46
gain	3	35	-107.71
gain	35	3	-107.94
gain	3	36	-110.17
gain	36	3	-109.29
gain	3	37	-103.99
gain	37	3	-109.09
gain	3	38	-101.71
gain	38	3	-103.55
gain	3	39	-107.31
gain	39	3	-108.63
gain	3	40	-102.50
gain	40	3	-101.16
gain	3	41	-102.40
gain	41	3	-108.22
gain	3	42	-105.04
gain	42	3	-106.66
gain	3	43	-105.53
gain	43	3	-108.26
gain	3	44	-105.60
gain	44	3	-105.99
gain	3	45	-102.65
gain	45	3	-98.99
gain	3	46	-110.05
gain	46	3	-110.88
gain	3	47	-107.46
gain	47	3	-107.54
gain	3	48	-110.82
gain	48	3	-109.73
gain	4	5	-80.15
gain	5	4	-89.41
gain	4	6	-86.40
gain	6	4	-93.73
gain	4	7	-100.57
gain	7	4	-104.16
gain	4	8	-100.25
gain	8	4	-104.97
gain	4	9	-86.71
gain	9	4	-92.49
gain	4	10	-88.30
gain	10	4	-88.60
gain	4	11	-76.21
gain	11	4	-83.03
gain	4	12	-87.64
gain	12	4	-90.99
gain	4	13	-89.29
gain	13	4	-93.29
gain	4	14	-100.85
gain	14	4	-99.48
gain	4	15	-100.84
gain	15	4	-101.87
gain	4	16	-96.23
gain	16	4	-100.53
gain	4	17	-95.61
gain	17	4	-98.88
gain	4	18	-89.19
gain	18	4	-93.09
gain	4	19	-96.19
gain	19	4	-95.44
gain	4	20	-96.08
gain	20	4	-96.13
gain	4	21	-102.05
gain	21	4	-105.06
gain	4	22	-101.60
gain	22	4	-106.18
gain	4	23	-97.22
gain	23	4	-103.51
gain	4	24	-90.53
gain	24	4	-92.98
gain	4	25	-92.20
gain	25	4	-90.43
gain	4	26	-100.11
gain	26	4	-102.35
gain	4	27	-90.91
gain	27	4	-98.01
gain	4	28	-97.68
gain	28	4	-101.69
gain	4	29	-104.12
gain	29	4	-109.25
gain	4	30	-100.49
gain	30	4	-102.54
gain	4	31	-99.25
gain	31	4	-97.09
gain	4	32	-101.21
gain	32	4	-106.03
gain	4	33	-105.05
gain	33	4	-109.84
gain	4	34	-107.87
gain	34	4	-112.84
gain	4	35	-105.02
gain	35	4	-106.39
gain	4	36	-102.22
gain	36	4	-102.48
gain	4	37	-99.63
gain	37	4	-105.86
gain	4	38	-101.53
gain	38	4	-104.50
gain	4	39	-104.70
gain	39	4	-107.15
gain	4	40	-100.70
gain	40	4	-100.50
gain	4	41	-101.53
gain	41	4	-108.47
gain	4	42	-108.40
gain	42	4	-111.15
gain	4	43	-106.28
gain	43	4	-110.14
gain	4	44	-105.18
gain	44	4	-106.69
gain	4	45	-108.45
gain	45	4	-105.92
gain	4	46	-106.71
gain	46	4	-108.67
gain	4	47	-111.99
gain	47	4	-113.20
gain	4	48	-112.53
gain	48	4	-112.57
gain	5	6	-92.21
gain	6	5	-90.28
gain	5	7	-114.41
gain	7	5	-108.74
gain	5	8	-108.26
gain	8	5	-103.72
gain	5	9	-109.48
gain	9	5	-106.00
gain	5	10	-108.54
gain	10	5	-99.58
gain	5	11	-92.37
gain	11	5	-89.93
gain	5	12	-88.99
gain	12	5	-83.08
gain	5	13	-99.39
gain	13	5	-94.13
gain	5	14	-113.24
gain	14	5	-102.61
gain	5	15	-112.09
gain	15	5	-103.87
gain	5	16	-108.06
gain	16	5	-103.10
gain	5	17	-97.62
gain	17	5	-91.63
gain	5	18	-100.86
gain	18	5	-95.51
gain	5	19	-103.09
gain	19	5	-93.08
gain	5	20	-102.55
gain	20	5	-93.35
gain	5	21	-113.20
gain	21	5	-106.95
gain	5	22	-110.64
gain	22	5	-105.97
gain	5	23	-111.23
gain	23	5	-108.27
gain	5	24	-118.19
gain	24	5	-111.39
gain	5	25	-109.56
gain	25	5	-98.53
gain	5	26	-110.53
gain	26	5	-103.52
gain	5	27	-110.66
gain	27	5	-108.51
gain	5	28	-114.10
gain	28	5	-108.86
gain	5	29	-116.10
gain	29	5	-111.99
gain	5	30	-116.65
gain	30	5	-109.44
gain	5	31	-106.47
gain	31	5	-95.06
gain	5	32	-108.96
gain	32	5	-104.52
gain	5	33	-110.94
gain	33	5	-106.48
gain	5	34	-110.43
gain	34	5	-106.15
gain	5	35	-122.70
gain	35	5	-114.81
gain	5	36	-119.45
gain	36	5	-110.46
gain	5	37	-109.88
gain	37	5	-106.86
gain	5	38	-111.85
gain	38	5	-105.57
gain	5	39	-114.87
gain	39	5	-108.06
gain	5	40	-113.67
gain	40	5	-104.21
gain	5	41	-110.55
gain	41	5	-108.24
gain	5	42	-117.58
gain	42	5	-111.08
gain	5	43	-120.27
gain	43	5	-114.87
gain	5	44	-119.58
gain	44	5	-111.84
gain	5	45	-113.38
gain	45	5	-101.60
gain	5	46	-113.83
gain	46	5	-106.54
gain	5	47	-116.11
gain	47	5	-108.06
gain	5	48	-113.90
gain	48	5	-104.68
gain	6	7	-110.48
gain	7	6	-106.75
gain	6	8	-109.67
gain	8	6	-107.07
gain	6	9	-107.15
gain	9	6	-105.61
gain	6	10	-103.94
gain	10	6	-96.91
gain	6	11	-102.96
gain	11	6	-102.45
gain	6	12	-89.65
gain	12	6	-85.67
gain	6	13	-89.83
gain	13	6	-86.51
gain	6	14	-112.00
gain	14	6	-103.31
gain	6	15	-111.42
gain	15	6	-105.13
gain	6	16	-109.37
gain	16	6	-106.35
gain	6	17	-106.89
gain	17	6	-102.83
gain	6	18	-104.32
gain	18	6	-100.90
gain	6	19	-97.73
gain	19	6	-89.66
gain	6	20	-90.58
gain	20	6	-83.32
gain	6	21	-114.01
gain	21	6	-109.69
gain	6	22	-112.12
gain	22	6	-109.37
gain	6	23	-112.67
gain	23	6	-111.63
gain	6	24	-107.67
gain	24	6	-102.79
gain	6	25	-102.31
gain	25	6	-93.21
gain	6	26	-105.27
gain	26	6	-100.19
gain	6	27	-108.49
gain	27	6	-108.27
gain	6	28	-116.28
gain	28	6	-112.97
gain	6	29	-118.90
gain	29	6	-116.71
gain	6	30	-108.03
gain	30	6	-102.75
gain	6	31	-108.38
gain	31	6	-98.90
gain	6	32	-112.49
gain	32	6	-109.98
gain	6	33	-102.85
gain	33	6	-100.32
gain	6	34	-111.21
gain	34	6	-108.85
gain	6	35	-119.38
gain	35	6	-113.41
gain	6	36	-118.78
gain	36	6	-111.71
gain	6	37	-115.64
gain	37	6	-114.55
gain	6	38	-111.39
gain	38	6	-107.04
gain	6	39	-112.78
gain	39	6	-107.91
gain	6	40	-110.14
gain	40	6	-102.61
gain	6	41	-108.40
gain	41	6	-108.02
gain	6	42	-118.99
gain	42	6	-114.42
gain	6	43	-113.63
gain	43	6	-110.16
gain	6	44	-114.20
gain	44	6	-108.40
gain	6	45	-113.88
gain	45	6	-104.02
gain	6	46	-109.84
gain	46	6	-104.47
gain	6	47	-113.26
gain	47	6	-107.15
gain	6	48	-107.53
gain	48	6	-100.25
gain	7	8	-83.37
gain	8	7	-84.50
gain	7	9	-91.87
gain	9	7	-94.06
gain	7	10	-99.85
gain	10	7	-96.55
gain	7	11	-101.96
gain	11	7	-105.18
gain	7	12	-109.03
gain	12	7	-108.78
gain	7	13	-113.34
gain	13	7	-113.75
gain	7	14	-85.22
gain	14	7	-80.27
gain	7	15	-93.91
gain	15	7	-91.36
gain	7	16	-93.36
gain	16	7	-94.07
gain	7	17	-103.19
gain	17	7	-102.87
gain	7	18	-108.56
gain	18	7	-108.87
gain	7	19	-106.30
gain	19	7	-101.97
gain	7	20	-108.22
gain	20	7	-104.69
gain	7	21	-94.72
gain	21	7	-94.14
gain	7	22	-99.10
gain	22	7	-100.09
gain	7	23	-104.37
gain	23	7	-107.07
gain	7	24	-101.53
gain	24	7	-100.39
gain	7	25	-108.74
gain	25	7	-103.38
gain	7	26	-108.86
gain	26	7	-107.51
gain	7	27	-105.37
gain	27	7	-108.89
gain	7	28	-101.26
gain	28	7	-101.68
gain	7	29	-96.27
gain	29	7	-97.81
gain	7	30	-102.85
gain	30	7	-101.31
gain	7	31	-108.84
gain	31	7	-103.09
gain	7	32	-103.92
gain	32	7	-105.15
gain	7	33	-104.19
gain	33	7	-105.40
gain	7	34	-108.77
gain	34	7	-110.15
gain	7	35	-104.39
gain	35	7	-102.16
gain	7	36	-103.52
gain	36	7	-100.19
gain	7	37	-100.34
gain	37	7	-102.99
gain	7	38	-107.20
gain	38	7	-106.59
gain	7	39	-104.92
gain	39	7	-103.78
gain	7	40	-107.33
gain	40	7	-103.53
gain	7	41	-109.33
gain	41	7	-112.69
gain	7	42	-109.58
gain	42	7	-108.75
gain	7	43	-106.44
gain	43	7	-106.71
gain	7	44	-104.26
gain	44	7	-102.19
gain	7	45	-106.70
gain	45	7	-100.58
gain	7	46	-109.01
gain	46	7	-107.38
gain	7	47	-106.75
gain	47	7	-104.37
gain	7	48	-111.65
gain	48	7	-108.10
gain	8	9	-87.69
gain	9	8	-88.74
gain	8	10	-93.97
gain	10	8	-89.55
gain	8	11	-103.00
gain	11	8	-105.09
gain	8	12	-106.49
gain	12	8	-105.11
gain	8	13	-110.74
gain	13	8	-110.03
gain	8	14	-87.75
gain	14	8	-81.66
gain	8	15	-86.28
gain	15	8	-82.60
gain	8	16	-96.60
gain	16	8	-96.18
gain	8	17	-99.41
gain	17	8	-97.95
gain	8	18	-102.73
gain	18	8	-101.91
gain	8	19	-100.98
gain	19	8	-95.52
gain	8	20	-105.83
gain	20	8	-101.17
gain	8	21	-96.18
gain	21	8	-94.47
gain	8	22	-89.95
gain	22	8	-89.82
gain	8	23	-95.45
gain	23	8	-97.02
gain	8	24	-100.47
gain	24	8	-98.20
gain	8	25	-101.56
gain	25	8	-95.07
gain	8	26	-104.85
gain	26	8	-102.38
gain	8	27	-109.92
gain	27	8	-112.31
gain	8	28	-106.32
gain	28	8	-105.61
gain	8	29	-99.32
gain	29	8	-99.73
gain	8	30	-97.21
gain	30	8	-94.53
gain	8	31	-101.48
gain	31	8	-94.61
gain	8	32	-107.07
gain	32	8	-107.17
gain	8	33	-106.95
gain	33	8	-107.02
gain	8	34	-106.61
gain	34	8	-106.86
gain	8	35	-107.13
gain	35	8	-103.77
gain	8	36	-102.61
gain	36	8	-98.16
gain	8	37	-105.74
gain	37	8	-107.25
gain	8	38	-105.91
gain	38	8	-104.16
gain	8	39	-102.57
gain	39	8	-100.30
gain	8	40	-115.44
gain	40	8	-110.52
gain	8	41	-113.18
gain	41	8	-115.41
gain	8	42	-106.53
gain	42	8	-104.57
gain	8	43	-108.31
gain	43	8	-107.45
gain	8	44	-109.91
gain	44	8	-106.71
gain	8	45	-109.23
gain	45	8	-101.98
gain	8	46	-106.37
gain	46	8	-103.61
gain	8	47	-110.38
gain	47	8	-106.87
gain	8	48	-110.16
gain	48	8	-105.48
gain	9	10	-84.79
gain	10	9	-79.31
gain	9	11	-95.36
gain	11	9	-96.40
gain	9	12	-101.11
gain	12	9	-98.67
gain	9	13	-107.93
gain	13	9	-106.16
gain	9	14	-96.32
gain	14	9	-89.17
gain	9	15	-89.97
gain	15	9	-85.23
gain	9	16	-83.91
gain	16	9	-82.43
gain	9	17	-90.87
gain	17	9	-88.36
gain	9	18	-99.92
gain	18	9	-98.04
gain	9	19	-105.90
gain	19	9	-99.38
gain	9	20	-105.94
gain	20	9	-100.22
gain	9	21	-103.44
gain	21	9	-100.67
gain	9	22	-95.93
gain	22	9	-94.74
gain	9	23	-96.20
gain	23	9	-96.71
gain	9	24	-96.22
gain	24	9	-92.89
gain	9	25	-99.31
gain	25	9	-91.76
gain	9	26	-97.60
gain	26	9	-94.06
gain	9	27	-106.44
gain	27	9	-107.77
gain	9	28	-102.25
gain	28	9	-100.49
gain	9	29	-103.45
gain	29	9	-102.81
gain	9	30	-106.03
gain	30	9	-102.29
gain	9	31	-104.99
gain	31	9	-97.06
gain	9	32	-106.64
gain	32	9	-105.68
gain	9	33	-111.15
gain	33	9	-110.17
gain	9	34	-112.36
gain	34	9	-111.55
gain	9	35	-107.81
gain	35	9	-103.40
gain	9	36	-102.39
gain	36	9	-96.88
gain	9	37	-104.04
gain	37	9	-104.50
gain	9	38	-104.59
gain	38	9	-101.79
gain	9	39	-101.50
gain	39	9	-98.18
gain	9	40	-110.19
gain	40	9	-104.21
gain	9	41	-113.85
gain	41	9	-115.02
gain	9	42	-108.87
gain	42	9	-105.84
gain	9	43	-108.98
gain	43	9	-107.06
gain	9	44	-108.71
gain	44	9	-104.45
gain	9	45	-108.88
gain	45	9	-100.57
gain	9	46	-107.26
gain	46	9	-103.44
gain	9	47	-113.11
gain	47	9	-108.54
gain	9	48	-111.66
gain	48	9	-105.93
gain	10	11	-81.79
gain	11	10	-88.31
gain	10	12	-89.84
gain	12	10	-92.89
gain	10	13	-95.87
gain	13	10	-99.58
gain	10	14	-101.00
gain	14	10	-99.33
gain	10	15	-90.45
gain	15	10	-91.19
gain	10	16	-86.02
gain	16	10	-90.02
gain	10	17	-86.47
gain	17	10	-89.44
gain	10	18	-84.07
gain	18	10	-87.67
gain	10	19	-93.10
gain	19	10	-92.06
gain	10	20	-91.66
gain	20	10	-91.43
gain	10	21	-99.70
gain	21	10	-102.41
gain	10	22	-94.07
gain	22	10	-98.35
gain	10	23	-98.63
gain	23	10	-104.62
gain	10	24	-88.86
gain	24	10	-91.01
gain	10	25	-95.02
gain	25	10	-92.95
gain	10	26	-98.34
gain	26	10	-100.29
gain	10	27	-101.60
gain	27	10	-108.41
gain	10	28	-100.85
gain	28	10	-104.57
gain	10	29	-102.97
gain	29	10	-107.81
gain	10	30	-103.45
gain	30	10	-105.20
gain	10	31	-97.42
gain	31	10	-94.97
gain	10	32	-98.89
gain	32	10	-103.41
gain	10	33	-99.51
gain	33	10	-104.01
gain	10	34	-99.61
gain	34	10	-104.28
gain	10	35	-100.25
gain	35	10	-101.31
gain	10	36	-99.81
gain	36	10	-99.77
gain	10	37	-93.56
gain	37	10	-99.50
gain	10	38	-101.21
gain	38	10	-103.89
gain	10	39	-98.93
gain	39	10	-101.08
gain	10	40	-101.53
gain	40	10	-101.03
gain	10	41	-99.10
gain	41	10	-105.75
gain	10	42	-109.39
gain	42	10	-111.84
gain	10	43	-106.05
gain	43	10	-109.61
gain	10	44	-107.62
gain	44	10	-108.84
gain	10	45	-98.40
gain	45	10	-95.58
gain	10	46	-101.94
gain	46	10	-103.60
gain	10	47	-101.13
gain	47	10	-102.05
gain	10	48	-104.04
gain	48	10	-103.79
gain	11	12	-85.57
gain	12	11	-82.10
gain	11	13	-100.08
gain	13	11	-97.27
gain	11	14	-112.13
gain	14	11	-103.95
gain	11	15	-98.99
gain	15	11	-93.21
gain	11	16	-98.24
gain	16	11	-95.73
gain	11	17	-90.79
gain	17	11	-87.24
gain	11	18	-83.87
gain	18	11	-80.96
gain	11	19	-92.74
gain	19	11	-85.18
gain	11	20	-97.74
gain	20	11	-90.98
gain	11	21	-111.53
gain	21	11	-107.72
gain	11	22	-103.86
gain	22	11	-101.62
gain	11	23	-103.06
gain	23	11	-102.53
gain	11	24	-103.87
gain	24	11	-99.51
gain	11	25	-100.41
gain	25	11	-91.82
gain	11	26	-98.29
gain	26	11	-93.72
gain	11	27	-106.09
gain	27	11	-106.38
gain	11	28	-114.41
gain	28	11	-111.61
gain	11	29	-106.63
gain	29	11	-104.95
gain	11	30	-104.40
gain	30	11	-99.63
gain	11	31	-111.05
gain	31	11	-102.08
gain	11	32	-104.27
gain	32	11	-102.27
gain	11	33	-100.89
gain	33	11	-98.87
gain	11	34	-107.24
gain	34	11	-105.40
gain	11	35	-111.60
gain	35	11	-106.15
gain	11	36	-109.39
gain	36	11	-102.84
gain	11	37	-108.55
gain	37	11	-107.97
gain	11	38	-109.72
gain	38	11	-105.88
gain	11	39	-103.21
gain	39	11	-98.85
gain	11	40	-100.99
gain	40	11	-93.97
gain	11	41	-104.47
gain	41	11	-104.60
gain	11	42	-111.21
gain	42	11	-107.15
gain	11	43	-111.97
gain	43	11	-109.01
gain	11	44	-107.20
gain	44	11	-101.90
gain	11	45	-106.53
gain	45	11	-97.19
gain	11	46	-111.50
gain	46	11	-106.64
gain	11	47	-105.33
gain	47	11	-99.73
gain	11	48	-115.96
gain	48	11	-109.18
gain	12	13	-92.81
gain	13	12	-93.46
gain	12	14	-114.98
gain	14	12	-110.27
gain	12	15	-98.61
gain	15	12	-96.30
gain	12	16	-100.39
gain	16	12	-101.35
gain	12	17	-96.02
gain	17	12	-95.95
gain	12	18	-87.77
gain	18	12	-88.33
gain	12	19	-85.01
gain	19	12	-80.92
gain	12	20	-85.57
gain	20	12	-82.28
gain	12	21	-106.18
gain	21	12	-105.84
gain	12	22	-102.41
gain	22	12	-103.65
gain	12	23	-98.10
gain	23	12	-101.04
gain	12	24	-99.54
gain	24	12	-98.64
gain	12	25	-98.38
gain	25	12	-93.26
gain	12	26	-96.14
gain	26	12	-95.04
gain	12	27	-97.05
gain	27	12	-100.82
gain	12	28	-109.43
gain	28	12	-110.10
gain	12	29	-106.46
gain	29	12	-108.26
gain	12	30	-112.54
gain	30	12	-111.24
gain	12	31	-101.74
gain	31	12	-96.24
gain	12	32	-102.95
gain	32	12	-104.42
gain	12	33	-93.38
gain	33	12	-94.83
gain	12	34	-96.49
gain	34	12	-98.11
gain	12	35	-108.21
gain	35	12	-106.23
gain	12	36	-104.66
gain	36	12	-101.58
gain	12	37	-106.50
gain	37	12	-109.38
gain	12	38	-108.50
gain	38	12	-108.13
gain	12	39	-104.55
gain	39	12	-103.66
gain	12	40	-103.85
gain	40	12	-100.30
gain	12	41	-99.99
gain	41	12	-103.59
gain	12	42	-116.19
gain	42	12	-115.60
gain	12	43	-109.62
gain	43	12	-110.13
gain	12	44	-107.38
gain	44	12	-105.55
gain	12	45	-106.91
gain	45	12	-101.03
gain	12	46	-108.73
gain	46	12	-107.35
gain	12	47	-108.71
gain	47	12	-106.57
gain	12	48	-108.60
gain	48	12	-105.30
gain	13	14	-112.45
gain	14	13	-107.08
gain	13	15	-107.49
gain	15	13	-104.52
gain	13	16	-103.86
gain	16	13	-104.16
gain	13	17	-102.43
gain	17	13	-101.69
gain	13	18	-94.44
gain	18	13	-94.34
gain	13	19	-87.66
gain	19	13	-82.92
gain	13	20	-85.93
gain	20	13	-81.99
gain	13	21	-111.81
gain	21	13	-110.81
gain	13	22	-109.42
gain	22	13	-110.00
gain	13	23	-108.32
gain	23	13	-110.61
gain	13	24	-100.91
gain	24	13	-99.36
gain	13	25	-99.15
gain	25	13	-93.38
gain	13	26	-98.97
gain	26	13	-97.22
gain	13	27	-97.19
gain	27	13	-100.30
gain	13	28	-113.25
gain	28	13	-113.26
gain	13	29	-108.13
gain	29	13	-109.27
gain	13	30	-109.18
gain	30	13	-107.22
gain	13	31	-108.50
gain	31	13	-102.35
gain	13	32	-106.75
gain	32	13	-107.57
gain	13	33	-97.34
gain	33	13	-98.13
gain	13	34	-99.90
gain	34	13	-100.86
gain	13	35	-113.94
gain	35	13	-111.30
gain	13	36	-118.27
gain	36	13	-114.53
gain	13	37	-105.67
gain	37	13	-107.90
gain	13	38	-105.05
gain	38	13	-104.03
gain	13	39	-106.42
gain	39	13	-104.87
gain	13	40	-107.72
gain	40	13	-103.51
gain	13	41	-103.48
gain	41	13	-106.43
gain	13	42	-110.98
gain	42	13	-109.73
gain	13	43	-111.99
gain	43	13	-111.84
gain	13	44	-113.55
gain	44	13	-111.07
gain	13	45	-113.43
gain	45	13	-106.90
gain	13	46	-105.42
gain	46	13	-103.37
gain	13	47	-104.33
gain	47	13	-101.54
gain	13	48	-104.07
gain	48	13	-100.11
gain	14	15	-78.43
gain	15	14	-80.83
gain	14	16	-87.00
gain	16	14	-92.67
gain	14	17	-94.02
gain	17	14	-98.66
gain	14	18	-99.95
gain	18	14	-105.22
gain	14	19	-100.17
gain	19	14	-100.79
gain	14	20	-101.78
gain	20	14	-103.21
gain	14	21	-84.51
gain	21	14	-88.89
gain	14	22	-82.86
gain	22	14	-88.81
gain	14	23	-91.41
gain	23	14	-99.07
gain	14	24	-94.88
gain	24	14	-98.70
gain	14	25	-97.58
gain	25	14	-97.18
gain	14	26	-101.19
gain	26	14	-104.81
gain	14	27	-104.08
gain	27	14	-112.56
gain	14	28	-90.85
gain	28	14	-96.23
gain	14	29	-91.77
gain	29	14	-98.27
gain	14	30	-94.97
gain	30	14	-98.39
gain	14	31	-91.38
gain	31	14	-90.60
gain	14	32	-98.28
gain	32	14	-104.47
gain	14	33	-105.66
gain	33	14	-111.82
gain	14	34	-102.51
gain	34	14	-108.85
gain	14	35	-95.36
gain	35	14	-98.09
gain	14	36	-99.82
gain	36	14	-101.45
gain	14	37	-96.48
gain	37	14	-104.09
gain	14	38	-92.47
gain	38	14	-96.81
gain	14	39	-102.87
gain	39	14	-106.69
gain	14	40	-105.96
gain	40	14	-107.12
gain	14	41	-102.99
gain	41	14	-111.30
gain	14	42	-101.24
gain	42	14	-105.36
gain	14	43	-98.50
gain	43	14	-103.73
gain	14	44	-98.53
gain	44	14	-101.42
gain	14	45	-104.79
gain	45	14	-103.63
gain	14	46	-102.56
gain	46	14	-105.89
gain	14	47	-107.10
gain	47	14	-109.68
gain	14	48	-104.20
gain	48	14	-105.61
gain	15	16	-84.91
gain	16	15	-88.17
gain	15	17	-87.26
gain	17	15	-89.49
gain	15	18	-102.75
gain	18	15	-105.62
gain	15	19	-98.33
gain	19	15	-96.55
gain	15	20	-100.66
gain	20	15	-99.69
gain	15	21	-84.38
gain	21	15	-86.35
gain	15	22	-87.77
gain	22	15	-91.32
gain	15	23	-95.94
gain	23	15	-101.20
gain	15	24	-88.14
gain	24	15	-89.56
gain	15	25	-106.00
gain	25	15	-103.19
gain	15	26	-101.20
gain	26	15	-102.41
gain	15	27	-100.01
gain	27	15	-106.09
gain	15	28	-93.04
gain	28	15	-96.02
gain	15	29	-92.41
gain	29	15	-96.51
gain	15	30	-96.61
gain	30	15	-97.62
gain	15	31	-97.82
gain	31	15	-94.64
gain	15	32	-95.76
gain	32	15	-99.55
gain	15	33	-106.24
gain	33	15	-110.00
gain	15	34	-107.64
gain	34	15	-111.58
gain	15	35	-97.01
gain	35	15	-97.34
gain	15	36	-96.35
gain	36	15	-95.58
gain	15	37	-104.30
gain	37	15	-109.50
gain	15	38	-99.46
gain	38	15	-101.40
gain	15	39	-97.60
gain	39	15	-99.01
gain	15	40	-104.99
gain	40	15	-103.75
gain	15	41	-102.76
gain	41	15	-108.67
gain	15	42	-103.83
gain	42	15	-105.54
gain	15	43	-100.47
gain	43	15	-103.29
gain	15	44	-99.98
gain	44	15	-100.47
gain	15	45	-107.75
gain	45	15	-104.19
gain	15	46	-102.92
gain	46	15	-103.84
gain	15	47	-100.42
gain	47	15	-100.60
gain	15	48	-108.42
gain	48	15	-107.43
gain	16	17	-86.25
gain	17	16	-85.21
gain	16	18	-97.59
gain	18	16	-97.19
gain	16	19	-99.90
gain	19	16	-94.85
gain	16	20	-102.93
gain	20	16	-98.69
gain	16	21	-103.34
gain	21	16	-102.05
gain	16	22	-91.56
gain	22	16	-91.84
gain	16	23	-86.79
gain	23	16	-88.78
gain	16	24	-91.34
gain	24	16	-89.49
gain	16	25	-99.04
gain	25	16	-92.96
gain	16	26	-101.88
gain	26	16	-99.82
gain	16	27	-105.64
gain	27	16	-108.45
gain	16	28	-102.12
gain	28	16	-101.83
gain	16	29	-96.81
gain	29	16	-97.65
gain	16	30	-98.23
gain	30	16	-95.98
gain	16	31	-99.17
gain	31	16	-92.72
gain	16	32	-102.97
gain	32	16	-103.49
gain	16	33	-100.77
gain	33	16	-101.27
gain	16	34	-105.26
gain	34	16	-105.93
gain	16	35	-99.77
gain	35	16	-96.84
gain	16	36	-102.65
gain	36	16	-98.61
gain	16	37	-101.19
gain	37	16	-103.13
gain	16	38	-100.66
gain	38	16	-99.33
gain	16	39	-104.56
gain	39	16	-102.71
gain	16	40	-109.32
gain	40	16	-104.82
gain	16	41	-104.98
gain	41	16	-107.63
gain	16	42	-101.94
gain	42	16	-100.39
gain	16	43	-107.93
gain	43	16	-107.49
gain	16	44	-100.20
gain	44	16	-97.42
gain	16	45	-103.95
gain	45	16	-97.12
gain	16	46	-102.03
gain	46	16	-99.69
gain	16	47	-103.58
gain	47	16	-100.49
gain	16	48	-106.48
gain	48	16	-102.22
gain	17	18	-86.41
gain	18	17	-87.04
gain	17	19	-101.44
gain	19	17	-97.43
gain	17	20	-101.15
gain	20	17	-97.94
gain	17	21	-99.44
gain	21	17	-99.18
gain	17	22	-97.27
gain	22	17	-98.58
gain	17	23	-90.78
gain	23	17	-93.81
gain	17	24	-84.22
gain	24	17	-83.41
gain	17	25	-90.47
gain	25	17	-85.43
gain	17	26	-92.07
gain	26	17	-91.04
gain	17	27	-103.56
gain	27	17	-107.41
gain	17	28	-95.75
gain	28	17	-96.50
gain	17	29	-101.08
gain	29	17	-102.96
gain	17	30	-98.51
gain	30	17	-97.29
gain	17	31	-87.99
gain	31	17	-82.57
gain	17	32	-91.06
gain	32	17	-92.61
gain	17	33	-98.54
gain	33	17	-100.07
gain	17	34	-95.44
gain	34	17	-97.14
gain	17	35	-104.01
gain	35	17	-102.11
gain	17	36	-101.83
gain	36	17	-98.82
gain	17	37	-104.59
gain	37	17	-107.56
gain	17	38	-96.66
gain	38	17	-96.37
gain	17	39	-101.10
gain	39	17	-100.28
gain	17	40	-105.50
gain	40	17	-102.03
gain	17	41	-103.59
gain	41	17	-107.27
gain	17	42	-101.83
gain	42	17	-101.31
gain	17	43	-104.94
gain	43	17	-105.53
gain	17	44	-101.77
gain	44	17	-100.03
gain	17	45	-103.97
gain	45	17	-98.17
gain	17	46	-97.23
gain	46	17	-95.92
gain	17	47	-106.29
gain	47	17	-104.24
gain	17	48	-105.48
gain	48	17	-102.26
gain	18	19	-90.84
gain	19	18	-86.19
gain	18	20	-92.49
gain	20	18	-88.64
gain	18	21	-99.70
gain	21	18	-98.80
gain	18	22	-102.10
gain	22	18	-102.78
gain	18	23	-99.59
gain	23	18	-101.97
gain	18	24	-94.29
gain	24	18	-92.83
gain	18	25	-84.89
gain	25	18	-79.22
gain	18	26	-87.59
gain	26	18	-85.93
gain	18	27	-95.60
gain	27	18	-98.81
gain	18	28	-105.01
gain	28	18	-105.11
gain	18	29	-104.61
gain	29	18	-105.84
gain	18	30	-93.66
gain	30	18	-91.80
gain	18	31	-97.53
gain	31	18	-91.48
gain	18	32	-91.93
gain	32	18	-92.85
gain	18	33	-94.53
gain	33	18	-95.42
gain	18	34	-98.01
gain	34	18	-99.07
gain	18	35	-105.73
gain	35	18	-103.19
gain	18	36	-105.74
gain	36	18	-102.09
gain	18	37	-104.14
gain	37	18	-106.47
gain	18	38	-100.27
gain	38	18	-99.34
gain	18	39	-100.52
gain	39	18	-99.06
gain	18	40	-105.57
gain	40	18	-101.46
gain	18	41	-105.81
gain	41	18	-108.85
gain	18	42	-106.59
gain	42	18	-105.44
gain	18	43	-108.20
gain	43	18	-108.15
gain	18	44	-110.08
gain	44	18	-107.69
gain	18	45	-104.50
gain	45	18	-98.06
gain	18	46	-104.48
gain	46	18	-102.54
gain	18	47	-106.65
gain	47	18	-103.96
gain	18	48	-103.55
gain	48	18	-99.69
gain	19	20	-85.94
gain	20	19	-86.75
gain	19	21	-103.27
gain	21	19	-107.02
gain	19	22	-100.92
gain	22	19	-106.25
gain	19	23	-91.66
gain	23	19	-98.70
gain	19	24	-90.05
gain	24	19	-93.24
gain	19	25	-83.24
gain	25	19	-82.22
gain	19	26	-78.73
gain	26	19	-81.71
gain	19	27	-85.94
gain	27	19	-93.79
gain	19	28	-103.17
gain	28	19	-107.93
gain	19	29	-100.59
gain	29	19	-106.47
gain	19	30	-101.05
gain	30	19	-103.84
gain	19	31	-100.98
gain	31	19	-99.57
gain	19	32	-91.34
gain	32	19	-96.91
gain	19	33	-87.45
gain	33	19	-92.99
gain	19	34	-91.45
gain	34	19	-97.17
gain	19	35	-101.04
gain	35	19	-103.15
gain	19	36	-94.61
gain	36	19	-95.61
gain	19	37	-97.38
gain	37	19	-104.36
gain	19	38	-94.97
gain	38	19	-98.69
gain	19	39	-94.38
gain	39	19	-97.57
gain	19	40	-88.06
gain	40	19	-88.60
gain	19	41	-96.88
gain	41	19	-104.57
gain	19	42	-102.50
gain	42	19	-105.99
gain	19	43	-102.66
gain	43	19	-107.26
gain	19	44	-109.29
gain	44	19	-111.56
gain	19	45	-96.41
gain	45	19	-94.62
gain	19	46	-94.92
gain	46	19	-97.62
gain	19	47	-99.26
gain	47	19	-101.21
gain	19	48	-100.81
gain	48	19	-101.60
gain	20	21	-101.47
gain	21	20	-104.42
gain	20	22	-97.79
gain	22	20	-102.31
gain	20	23	-102.87
gain	23	20	-109.10
gain	20	24	-99.11
gain	24	20	-101.50
gain	20	25	-86.47
gain	25	20	-84.64
gain	20	26	-89.17
gain	26	20	-91.36
gain	20	27	-81.05
gain	27	20	-88.10
gain	20	28	-107.84
gain	28	20	-111.79
gain	20	29	-99.67
gain	29	20	-104.75
gain	20	30	-99.71
gain	30	20	-101.70
gain	20	31	-94.76
gain	31	20	-92.55
gain	20	32	-96.86
gain	32	20	-101.63
gain	20	33	-94.79
gain	33	20	-99.53
gain	20	34	-91.10
gain	34	20	-96.01
gain	20	35	-109.12
gain	35	20	-110.42
gain	20	36	-109.22
gain	36	20	-109.42
gain	20	37	-98.67
gain	37	20	-104.84
gain	20	38	-102.02
gain	38	20	-104.93
gain	20	39	-100.79
gain	39	20	-103.18
gain	20	40	-95.35
gain	40	20	-95.09
gain	20	41	-94.20
gain	41	20	-101.09
gain	20	42	-104.46
gain	42	20	-107.15
gain	20	43	-108.51
gain	43	20	-112.30
gain	20	44	-105.45
gain	44	20	-106.90
gain	20	45	-102.08
gain	45	20	-99.49
gain	20	46	-103.53
gain	46	20	-105.43
gain	20	47	-100.31
gain	47	20	-101.46
gain	20	48	-103.72
gain	48	20	-103.71
gain	21	22	-79.94
gain	22	21	-81.51
gain	21	23	-91.05
gain	23	21	-94.33
gain	21	24	-103.47
gain	24	21	-102.92
gain	21	25	-100.52
gain	25	21	-95.74
gain	21	26	-107.15
gain	26	21	-106.39
gain	21	27	-111.63
gain	27	21	-115.73
gain	21	28	-87.72
gain	28	21	-88.73
gain	21	29	-86.24
gain	29	21	-88.38
gain	21	30	-88.91
gain	30	21	-87.95
gain	21	31	-99.63
gain	31	21	-94.48
gain	21	32	-101.50
gain	32	21	-103.31
gain	21	33	-105.19
gain	33	21	-106.98
gain	21	34	-106.74
gain	34	21	-108.71
gain	21	35	-92.56
gain	35	21	-90.92
gain	21	36	-90.40
gain	36	21	-87.66
gain	21	37	-97.51
gain	37	21	-100.74
gain	21	38	-102.35
gain	38	21	-102.32
gain	21	39	-99.96
gain	39	21	-99.40
gain	21	40	-106.20
gain	40	21	-102.99
gain	21	41	-104.60
gain	41	21	-108.54
gain	21	42	-92.10
gain	42	21	-91.85
gain	21	43	-95.58
gain	43	21	-96.43
gain	21	44	-100.06
gain	44	21	-98.57
gain	21	45	-106.35
gain	45	21	-100.81
gain	21	46	-105.41
gain	46	21	-104.36
gain	21	47	-102.27
gain	47	21	-100.47
gain	21	48	-112.11
gain	48	21	-109.14
gain	22	23	-88.06
gain	23	22	-89.77
gain	22	24	-94.74
gain	24	22	-92.61
gain	22	25	-100.69
gain	25	22	-94.34
gain	22	26	-105.96
gain	26	22	-103.62
gain	22	27	-105.75
gain	27	22	-108.27
gain	22	28	-97.05
gain	28	22	-96.48
gain	22	29	-88.32
gain	29	22	-88.88
gain	22	30	-89.47
gain	30	22	-86.93
gain	22	31	-94.59
gain	31	22	-87.86
gain	22	32	-102.90
gain	32	22	-103.14
gain	22	33	-98.71
gain	33	22	-98.92
gain	22	34	-110.46
gain	34	22	-110.85
gain	22	35	-96.57
gain	35	22	-93.35
gain	22	36	-95.19
gain	36	22	-90.87
gain	22	37	-100.47
gain	37	22	-102.12
gain	22	38	-103.97
gain	38	22	-102.36
gain	22	39	-103.64
gain	39	22	-101.51
gain	22	40	-102.55
gain	40	22	-97.76
gain	22	41	-106.01
gain	41	22	-108.38
gain	22	42	-103.35
gain	42	22	-101.52
gain	22	43	-99.08
gain	43	22	-98.36
gain	22	44	-101.56
gain	44	22	-98.50
gain	22	45	-106.22
gain	45	22	-99.10
gain	22	46	-108.00
gain	46	22	-105.37
gain	22	47	-105.77
gain	47	22	-102.40
gain	22	48	-110.28
gain	48	22	-105.74
gain	23	24	-86.33
gain	24	23	-82.49
gain	23	25	-96.93
gain	25	23	-88.86
gain	23	26	-101.55
gain	26	23	-97.50
gain	23	27	-108.97
gain	27	23	-109.79
gain	23	28	-100.28
gain	28	23	-98.01
gain	23	29	-89.80
gain	29	23	-88.65
gain	23	30	-86.89
gain	30	23	-82.65
gain	23	31	-91.43
gain	31	23	-82.99
gain	23	32	-95.17
gain	32	23	-93.70
gain	23	33	-104.05
gain	33	23	-102.56
gain	23	34	-109.38
gain	34	23	-108.06
gain	23	35	-102.73
gain	35	23	-97.81
gain	23	36	-96.49
gain	36	23	-90.46
gain	23	37	-98.84
gain	37	23	-98.78
gain	23	38	-96.39
gain	38	23	-93.08
gain	23	39	-99.02
gain	39	23	-95.18
gain	23	40	-107.22
gain	40	23	-100.73
gain	23	41	-105.69
gain	41	23	-106.35
gain	23	42	-102.20
gain	42	23	-98.66
gain	23	43	-107.71
gain	43	23	-105.27
gain	23	44	-99.20
gain	44	23	-94.43
gain	23	45	-102.46
gain	45	23	-93.64
gain	23	46	-105.11
gain	46	23	-100.78
gain	23	47	-105.51
gain	47	23	-100.43
gain	23	48	-109.97
gain	48	23	-103.72
gain	24	25	-83.27
gain	25	24	-79.05
gain	24	26	-91.66
gain	26	24	-91.45
gain	24	27	-101.92
gain	27	24	-106.58
gain	24	28	-98.59
gain	28	24	-100.15
gain	24	29	-92.45
gain	29	24	-95.14
gain	24	30	-91.89
gain	30	24	-91.48
gain	24	31	-89.51
gain	31	24	-84.91
gain	24	32	-89.16
gain	32	24	-91.53
gain	24	33	-93.32
gain	33	24	-95.67
gain	24	34	-97.67
gain	34	24	-100.19
gain	24	35	-103.64
gain	35	24	-102.55
gain	24	36	-101.05
gain	36	24	-98.86
gain	24	37	-94.37
gain	37	24	-98.15
gain	24	38	-86.68
gain	38	24	-87.21
gain	24	39	-97.81
gain	39	24	-97.81
gain	24	40	-96.96
gain	40	24	-94.30
gain	24	41	-103.80
gain	41	24	-108.29
gain	24	42	-105.12
gain	42	24	-105.42
gain	24	43	-101.13
gain	43	24	-102.53
gain	24	44	-95.61
gain	44	24	-94.68
gain	24	45	-95.14
gain	45	24	-90.16
gain	24	46	-101.77
gain	46	24	-101.28
gain	24	47	-101.12
gain	47	24	-99.88
gain	24	48	-99.20
gain	48	24	-96.79
gain	25	26	-81.27
gain	26	25	-85.29
gain	25	27	-88.47
gain	27	25	-97.35
gain	25	28	-94.63
gain	28	25	-100.41
gain	25	29	-90.81
gain	29	25	-97.72
gain	25	30	-86.69
gain	30	25	-90.50
gain	25	31	-85.64
gain	31	25	-85.25
gain	25	32	-75.87
gain	32	25	-82.46
gain	25	33	-86.48
gain	33	25	-93.05
gain	25	34	-88.29
gain	34	25	-95.03
gain	25	35	-93.28
gain	35	25	-96.42
gain	25	36	-89.01
gain	36	25	-91.04
gain	25	37	-88.94
gain	37	25	-96.95
gain	25	38	-88.25
gain	38	25	-93.00
gain	25	39	-88.78
gain	39	25	-93.00
gain	25	40	-88.30
gain	40	25	-89.86
gain	25	41	-92.13
gain	41	25	-100.85
gain	25	42	-99.21
gain	42	25	-103.73
gain	25	43	-103.91
gain	43	25	-109.54
gain	25	44	-100.03
gain	44	25	-103.32
gain	25	45	-90.98
gain	45	25	-90.22
gain	25	46	-95.23
gain	46	25	-98.96
gain	25	47	-93.03
gain	47	25	-96.01
gain	25	48	-98.55
gain	48	25	-100.36
gain	26	27	-79.39
gain	27	26	-84.26
gain	26	28	-108.23
gain	28	26	-110.00
gain	26	29	-99.82
gain	29	26	-102.71
gain	26	30	-100.70
gain	30	26	-100.50
gain	26	31	-98.16
gain	31	26	-93.77
gain	26	32	-89.77
gain	32	26	-92.35
gain	26	33	-81.71
gain	33	26	-84.26
gain	26	34	-92.68
gain	34	26	-95.40
gain	26	35	-106.44
gain	35	26	-105.56
gain	26	36	-99.47
gain	36	26	-97.49
gain	26	37	-97.53
gain	37	26	-101.52
gain	26	38	-98.45
gain	38	26	-99.18
gain	26	39	-97.30
gain	39	26	-97.51
gain	26	40	-90.25
gain	40	26	-87.80
gain	26	41	-93.40
gain	41	26	-98.10
gain	26	42	-108.47
gain	42	26	-108.98
gain	26	43	-106.31
gain	43	26	-107.92
gain	26	44	-101.70
gain	44	26	-100.97
gain	26	45	-104.98
gain	45	26	-100.21
gain	26	46	-97.12
gain	46	26	-96.84
gain	26	47	-100.53
gain	47	26	-99.50
gain	26	48	-103.42
gain	48	26	-101.21
gain	27	28	-112.90
gain	28	27	-109.81
gain	27	29	-113.49
gain	29	27	-111.52
gain	27	30	-104.80
gain	30	27	-99.73
gain	27	31	-105.48
gain	31	27	-96.22
gain	27	32	-96.01
gain	32	27	-93.72
gain	27	33	-92.64
gain	33	27	-90.33
gain	27	34	-89.10
gain	34	27	-86.96
gain	27	35	-110.58
gain	35	27	-104.84
gain	27	36	-106.44
gain	36	27	-99.59
gain	27	37	-110.44
gain	37	27	-109.57
gain	27	38	-109.88
gain	38	27	-105.74
gain	27	39	-98.63
gain	39	27	-93.97
gain	27	40	-101.84
gain	40	27	-94.53
gain	27	41	-99.49
gain	41	27	-99.33
gain	27	42	-118.23
gain	42	27	-113.87
gain	27	43	-115.48
gain	43	27	-112.23
gain	27	44	-109.62
gain	44	27	-104.03
gain	27	45	-100.95
gain	45	27	-91.31
gain	27	46	-98.19
gain	46	27	-93.04
gain	27	47	-102.45
gain	47	27	-96.55
gain	27	48	-99.31
gain	48	27	-92.24
gain	28	29	-86.61
gain	29	28	-87.73
gain	28	30	-91.01
gain	30	28	-89.04
gain	28	31	-101.68
gain	31	28	-95.51
gain	28	32	-101.98
gain	32	28	-102.79
gain	28	33	-108.99
gain	33	28	-109.77
gain	28	34	-114.15
gain	34	28	-115.10
gain	28	35	-84.03
gain	35	28	-81.38
gain	28	36	-89.88
gain	36	28	-86.12
gain	28	37	-92.53
gain	37	28	-94.75
gain	28	38	-93.92
gain	38	28	-92.88
gain	28	39	-102.51
gain	39	28	-100.95
gain	28	40	-110.28
gain	40	28	-106.06
gain	28	41	-112.60
gain	41	28	-115.54
gain	28	42	-93.22
gain	42	28	-91.96
gain	28	43	-97.51
gain	43	28	-97.36
gain	28	44	-95.33
gain	44	28	-92.84
gain	28	45	-99.01
gain	45	28	-92.46
gain	28	46	-107.47
gain	46	28	-105.42
gain	28	47	-105.36
gain	47	28	-102.56
gain	28	48	-114.21
gain	48	28	-110.24
gain	29	30	-87.14
gain	30	29	-84.05
gain	29	31	-94.72
gain	31	29	-87.43
gain	29	32	-99.26
gain	32	29	-98.94
gain	29	33	-102.07
gain	33	29	-101.72
gain	29	34	-106.45
gain	34	29	-106.28
gain	29	35	-92.08
gain	35	29	-88.31
gain	29	36	-89.23
gain	36	29	-84.35
gain	29	37	-89.08
gain	37	29	-90.17
gain	29	38	-95.19
gain	38	29	-93.03
gain	29	39	-100.76
gain	39	29	-98.07
gain	29	40	-105.78
gain	40	29	-100.44
gain	29	41	-107.53
gain	41	29	-109.34
gain	29	42	-98.05
gain	42	29	-95.67
gain	29	43	-98.35
gain	43	29	-97.07
gain	29	44	-91.42
gain	44	29	-87.80
gain	29	45	-102.03
gain	45	29	-94.36
gain	29	46	-111.07
gain	46	29	-107.89
gain	29	47	-107.26
gain	47	29	-103.33
gain	29	48	-109.57
gain	48	29	-104.48
gain	30	31	-86.11
gain	31	30	-81.91
gain	30	32	-91.13
gain	32	30	-93.91
gain	30	33	-105.06
gain	33	30	-107.81
gain	30	34	-98.23
gain	34	30	-101.15
gain	30	35	-87.56
gain	35	30	-86.87
gain	30	36	-82.90
gain	36	30	-81.11
gain	30	37	-84.09
gain	37	30	-88.28
gain	30	38	-91.82
gain	38	30	-92.75
gain	30	39	-96.04
gain	39	30	-96.44
gain	30	40	-99.00
gain	40	30	-96.75
gain	30	41	-98.68
gain	41	30	-103.58
gain	30	42	-99.84
gain	42	30	-100.55
gain	30	43	-93.62
gain	43	30	-95.43
gain	30	44	-90.17
gain	44	30	-89.64
gain	30	45	-92.94
gain	45	30	-88.36
gain	30	46	-93.47
gain	46	30	-93.39
gain	30	47	-105.76
gain	47	30	-104.93
gain	30	48	-100.36
gain	48	30	-98.36
gain	31	32	-75.89
gain	32	31	-82.86
gain	31	33	-82.75
gain	33	31	-89.70
gain	31	34	-90.47
gain	34	31	-97.59
gain	31	35	-95.07
gain	35	31	-98.59
gain	31	36	-91.71
gain	36	31	-94.12
gain	31	37	-88.73
gain	37	31	-97.12
gain	31	38	-77.93
gain	38	31	-83.05
gain	31	39	-81.64
gain	39	31	-86.25
gain	31	40	-94.22
gain	40	31	-96.17
gain	31	41	-93.26
gain	41	31	-102.36
gain	31	42	-97.77
gain	42	31	-102.68
gain	31	43	-93.50
gain	43	31	-99.51
gain	31	44	-89.95
gain	44	31	-93.63
gain	31	45	-88.83
gain	45	31	-88.46
gain	31	46	-94.19
gain	46	31	-98.30
gain	31	47	-91.72
gain	47	31	-95.08
gain	31	48	-95.52
gain	48	31	-97.71
gain	32	33	-89.02
gain	33	32	-88.99
gain	32	34	-101.59
gain	34	32	-101.74
gain	32	35	-104.36
gain	35	32	-100.90
gain	32	36	-98.83
gain	36	32	-94.27
gain	32	37	-100.12
gain	37	32	-101.53
gain	32	38	-86.84
gain	38	32	-85.00
gain	32	39	-88.22
gain	39	32	-85.85
gain	32	40	-93.60
gain	40	32	-88.57
gain	32	41	-96.55
gain	41	32	-98.67
gain	32	42	-105.58
gain	42	32	-103.51
gain	32	43	-100.64
gain	43	32	-99.67
gain	32	44	-97.18
gain	44	32	-93.88
gain	32	45	-94.46
gain	45	32	-87.11
gain	32	46	-93.90
gain	46	32	-91.04
gain	32	47	-95.97
gain	47	32	-92.36
gain	32	48	-96.91
gain	48	32	-92.13
gain	33	34	-86.14
gain	34	33	-86.32
gain	33	35	-112.03
gain	35	33	-108.60
gain	33	36	-103.18
gain	36	33	-98.65
gain	33	37	-101.18
gain	37	33	-102.62
gain	33	38	-96.83
gain	38	33	-95.01
gain	33	39	-90.31
gain	39	33	-87.96
gain	33	40	-83.54
gain	40	33	-78.54
gain	33	41	-93.10
gain	41	33	-95.25
gain	33	42	-108.17
gain	42	33	-106.13
gain	33	43	-102.86
gain	43	33	-101.92
gain	33	44	-104.30
gain	44	33	-101.02
gain	33	45	-99.84
gain	45	33	-92.51
gain	33	46	-93.72
gain	46	33	-90.88
gain	33	47	-98.76
gain	47	33	-95.17
gain	33	48	-94.60
gain	48	33	-89.85
gain	34	35	-106.23
gain	35	34	-102.62
gain	34	36	-104.91
gain	36	34	-100.20
gain	34	37	-99.44
gain	37	34	-100.70
gain	34	38	-101.45
gain	38	34	-99.46
gain	34	39	-94.73
gain	39	34	-92.21
gain	34	40	-88.48
gain	40	34	-83.31
gain	34	41	-90.02
gain	41	34	-92.00
gain	34	42	-107.90
gain	42	34	-105.68
gain	34	43	-108.94
gain	43	34	-107.82
gain	34	44	-103.21
gain	44	34	-99.76
gain	34	45	-97.60
gain	45	34	-90.09
gain	34	46	-98.04
gain	46	34	-95.03
gain	34	47	-92.94
gain	47	34	-89.18
gain	34	48	-96.29
gain	48	34	-91.36
gain	35	36	-84.04
gain	36	35	-82.93
gain	35	37	-88.03
gain	37	35	-92.91
gain	35	38	-95.74
gain	38	35	-97.35
gain	35	39	-97.01
gain	39	35	-98.09
gain	35	40	-108.20
gain	40	35	-106.63
gain	35	41	-108.29
gain	41	35	-113.87
gain	35	42	-83.79
gain	42	35	-85.17
gain	35	43	-91.40
gain	43	35	-93.89
gain	35	44	-90.65
gain	44	35	-90.81
gain	35	45	-98.97
gain	45	35	-95.08
gain	35	46	-103.10
gain	46	35	-103.69
gain	35	47	-106.71
gain	47	35	-106.56
gain	35	48	-107.35
gain	48	35	-106.03
gain	36	37	-81.39
gain	37	36	-87.37
gain	36	38	-91.18
gain	38	36	-93.90
gain	36	39	-99.44
gain	39	36	-101.63
gain	36	40	-98.41
gain	40	36	-97.94
gain	36	41	-102.12
gain	41	36	-108.81
gain	36	42	-86.35
gain	42	36	-88.84
gain	36	43	-78.21
gain	43	36	-81.80
gain	36	44	-91.81
gain	44	36	-93.07
gain	36	45	-89.90
gain	45	36	-87.11
gain	36	46	-97.29
gain	46	36	-98.98
gain	36	47	-102.25
gain	47	36	-103.20
gain	36	48	-101.53
gain	48	36	-101.32
gain	37	38	-86.32
gain	38	37	-83.06
gain	37	39	-98.67
gain	39	37	-94.89
gain	37	40	-102.53
gain	40	37	-96.09
gain	37	41	-103.70
gain	41	37	-104.41
gain	37	42	-99.12
gain	42	37	-95.63
gain	37	43	-92.44
gain	43	37	-90.06
gain	37	44	-86.89
gain	44	37	-82.18
gain	37	45	-93.65
gain	45	37	-84.88
gain	37	46	-99.44
gain	46	37	-95.17
gain	37	47	-103.61
gain	47	37	-98.59
gain	37	48	-103.85
gain	48	37	-97.66
gain	38	39	-79.95
gain	39	38	-79.42
gain	38	40	-96.74
gain	40	38	-93.56
gain	38	41	-97.86
gain	41	38	-101.84
gain	38	42	-103.99
gain	42	38	-103.76
gain	38	43	-94.65
gain	43	38	-95.53
gain	38	44	-87.37
gain	44	38	-85.92
gain	38	45	-85.21
gain	45	38	-79.70
gain	38	46	-87.85
gain	46	38	-86.84
gain	38	47	-94.94
gain	47	38	-93.17
gain	38	48	-105.35
gain	48	38	-102.42
gain	39	40	-81.11
gain	40	39	-78.45
gain	39	41	-95.57
gain	41	39	-100.07
gain	39	42	-100.37
gain	42	39	-100.67
gain	39	43	-94.64
gain	43	39	-96.05
gain	39	44	-91.14
gain	44	39	-90.21
gain	39	45	-91.05
gain	45	39	-86.07
gain	39	46	-86.96
gain	46	39	-86.47
gain	39	47	-90.85
gain	47	39	-89.61
gain	39	48	-98.85
gain	48	39	-96.44
gain	40	41	-82.56
gain	41	40	-89.71
gain	40	42	-105.04
gain	42	40	-107.99
gain	40	43	-100.40
gain	43	40	-104.46
gain	40	44	-97.43
gain	44	40	-99.15
gain	40	45	-91.20
gain	45	40	-88.87
gain	40	46	-85.41
gain	46	40	-87.57
gain	40	47	-79.54
gain	47	40	-80.95
gain	40	48	-87.50
gain	48	40	-87.75
gain	41	42	-115.98
gain	42	41	-111.78
gain	41	43	-112.58
gain	43	41	-109.48
gain	41	44	-104.70
gain	44	41	-99.27
gain	41	45	-104.87
gain	45	41	-95.40
gain	41	46	-98.44
gain	46	41	-93.45
gain	41	47	-94.00
gain	47	41	-88.27
gain	41	48	-85.56
gain	48	41	-78.66
gain	42	43	-86.39
gain	43	42	-87.49
gain	42	44	-93.37
gain	44	42	-92.14
gain	42	45	-94.60
gain	45	42	-89.32
gain	42	46	-94.36
gain	46	42	-93.56
gain	42	47	-113.01
gain	47	42	-111.47
gain	42	48	-108.58
gain	48	42	-105.88
gain	43	44	-87.02
gain	44	43	-84.69
gain	43	45	-94.30
gain	45	43	-87.91
gain	43	46	-97.78
gain	46	43	-95.88
gain	43	47	-96.82
gain	47	43	-94.18
gain	43	48	-107.59
gain	48	43	-103.78
gain	44	45	-86.04
gain	45	44	-81.99
gain	44	46	-91.34
gain	46	44	-91.78
gain	44	47	-94.17
gain	47	44	-93.86
gain	44	48	-96.63
gain	48	44	-95.16
gain	45	46	-80.99
gain	46	45	-85.48
gain	45	47	-90.20
gain	47	45	-93.94
gain	45	48	-93.86
gain	48	45	-96.43
gain	46	47	-89.54
gain	47	46	-88.79
gain	46	48	-90.76
gain	48	46	-88.84
gain	47	48	-83.55
gain	48	47	-82.38
noise	0	-106.42	4.00
noise	1	-104.86	4.00
noise	2	-104.43	4.00
noise	3	-107.16	4.00
noise	4	-106.55	4.00
noise	5	-103.00	4.00
noise	6	-100.32	4.00
noise	7	-103.44	4.00
noise	8	-103.76	4.00
noise	9	-102.18	4.00
noise	10	-107.23	4.00
noise	11	-100.98	4.00
noise	12	-104.89	4.00
noise	13	-107.31	4.00
noise	14	-106.23	4.00
noise	15	-107.25	4.00
noise	16	-103.83	4.00
noise	17	-105.76	4.00
noise	18	-103.31	4.00
noise	19	-106.99	4.00
noise	20	-106.84	4.00
noise	21	-105.83	4.00
noise	22	-103.70	4.00
noise	23	-102.64	4.00
noise	24	-106.00	4.00
noise	25	-106.37	4.00
noise	26	-105.72	4.00
noise	27	-102.56	4.00
noise	28	-104.25	4.00
noise	29	-103.66	4.00
noise	30	-107.10	4.00
noise	31	-106.74	4.00
noise	32	-103.84	4.00
noise	33	-104.29	4.00
noise	34	-103.98	4.00
noise	35	-106.13	4.00
noise	36	-107.77	4.00
noise	37	-102.77	4.00
noise	38	-103.55	4.00
noise	39	-105.57	4.00
noise	40	-104.83	4.00
noise	41	-104.28	4.00
noise	42	-101.73	4.00
noise	43	-105.60	4.00
noise	44	-108.74	4.00
noise	45	-109.42	4.00
noise	46	-107.19	4.00
noise	47	-104.90	4.00
noise	48	-109.16	4.00
