gain	0	1	-98.46
gain	1	0	-96.17
gain	0	2	-108.88
gain	2	0	-108.94
gain	0	3	-109.17
gain	3	0	-107.38
gain	0	4	-109.03
gain	4	0	-110.26
gain	0	5	-114.61
gain	5	0	-111.86
gain	0	6	-109.37
gain	6	0	-109.58
gain	0	7	-88.23
gain	7	0	-86.72
gain	0	8	-101.52
gain	8	0	-99.53
gain	0	9	-107.48
gain	9	0	-105.29
gain	0	10	-107.52
gain	10	0	-109.45
gain	0	11	-104.61
gain	11	0	-103.15
gain	0	12	-114.47
gain	12	0	-111.40
gain	0	13	-114.11
gain	13	0	-113.46
gain	0	14	-97.36
gain	14	0	-95.20
gain	0	15	-104.06
gain	15	0	-103.36
gain	0	16	-105.85
gain	16	0	-104.40
gain	0	17	-109.24
gain	17	0	-103.69
gain	0	18	-108.99
gain	18	0	-109.96
gain	0	19	-115.88
gain	19	0	-114.89
gain	0	20	-116.28
gain	20	0	-115.67
gain	0	21	-99.20
gain	21	0	-95.69
gain	0	22	-107.98
gain	22	0	-105.04
gain	0	23	-110.58
gain	23	0	-106.27
gain	0	24	-116.76
gain	24	0	-119.02
gain	0	25	-111.02
gain	25	0	-106.50
gain	0	26	-110.07
gain	26	0	-108.23
gain	0	27	-117.23
gain	27	0	-122.79
gain	0	28	-108.07
gain	28	0	-108.42
gain	0	29	-110.67
gain	29	0	-106.72
gain	0	30	-108.78
gain	30	0	-108.73
gain	0	31	-112.85
gain	31	0	-108.37
gain	0	32	-116.28
gain	32	0	-112.17
gain	0	33	-116.21
gain	33	0	-117.69
gain	0	34	-121.16
gain	34	0	-121.46
gain	0	35	-113.61
gain	35	0	-114.66
gain	0	36	-116.34
gain	36	0	-115.88
gain	0	37	-109.57
gain	37	0	-106.24
gain	0	38	-112.14
gain	38	0	-106.83
gain	0	39	-112.69
gain	39	0	-110.53
gain	0	40	-121.80
gain	40	0	-117.67
gain	0	41	-116.41
gain	41	0	-110.91
gain	0	42	-112.40
gain	42	0	-108.88
gain	0	43	-113.49
gain	43	0	-114.76
gain	0	44	-118.58
gain	44	0	-116.35
gain	0	45	-113.90
gain	45	0	-111.78
gain	0	46	-120.17
gain	46	0	-122.06
gain	0	47	-121.93
gain	47	0	-117.71
gain	0	48	-122.26
gain	48	0	-120.80
gain	1	2	-93.63
gain	2	1	-95.97
gain	1	3	-96.68
gain	3	1	-97.18
gain	1	4	-100.57
gain	4	1	-104.09
gain	1	5	-103.88
gain	5	1	-103.41
gain	1	6	-109.64
gain	6	1	-112.14
gain	1	7	-92.47
gain	7	1	-93.26
gain	1	8	-89.50
gain	8	1	-89.79
gain	1	9	-91.28
gain	9	1	-91.38
gain	1	10	-99.90
gain	10	1	-104.11
gain	1	11	-98.45
gain	11	1	-99.28
gain	1	12	-113.27
gain	12	1	-112.50
gain	1	13	-111.00
gain	13	1	-112.64
gain	1	14	-98.72
gain	14	1	-98.84
gain	1	15	-99.62
gain	15	1	-101.21
gain	1	16	-101.52
gain	16	1	-102.36
gain	1	17	-100.34
gain	17	1	-97.09
gain	1	18	-99.91
gain	18	1	-103.16
gain	1	19	-107.41
gain	19	1	-108.71
gain	1	20	-110.06
gain	20	1	-111.74
gain	1	21	-101.15
gain	21	1	-99.92
gain	1	22	-101.09
gain	22	1	-100.44
gain	1	23	-101.75
gain	23	1	-99.73
gain	1	24	-103.47
gain	24	1	-108.02
gain	1	25	-101.49
gain	25	1	-99.25
gain	1	26	-107.43
gain	26	1	-107.88
gain	1	27	-111.74
gain	27	1	-119.59
gain	1	28	-107.15
gain	28	1	-109.79
gain	1	29	-100.61
gain	29	1	-98.94
gain	1	30	-103.22
gain	30	1	-105.46
gain	1	31	-110.69
gain	31	1	-108.50
gain	1	32	-115.03
gain	32	1	-113.21
gain	1	33	-110.24
gain	33	1	-114.00
gain	1	34	-112.26
gain	34	1	-114.84
gain	1	35	-108.86
gain	35	1	-112.20
gain	1	36	-112.18
gain	36	1	-114.00
gain	1	37	-110.95
gain	37	1	-109.91
gain	1	38	-105.00
gain	38	1	-101.98
gain	1	39	-114.51
gain	39	1	-114.65
gain	1	40	-113.17
gain	40	1	-111.33
gain	1	41	-116.85
gain	41	1	-113.64
gain	1	42	-111.75
gain	42	1	-110.52
gain	1	43	-111.69
gain	43	1	-115.24
gain	1	44	-116.71
gain	44	1	-116.76
gain	1	45	-112.56
gain	45	1	-112.73
gain	1	46	-111.73
gain	46	1	-115.91
gain	1	47	-111.04
gain	47	1	-109.11
gain	1	48	-119.13
gain	48	1	-119.96
gain	2	3	-89.35
gain	3	2	-87.50
gain	2	4	-98.02
gain	4	2	-99.19
gain	2	5	-102.00
gain	5	2	-99.18
gain	2	6	-107.52
gain	6	2	-107.67
gain	2	7	-101.10
gain	7	2	-99.53
gain	2	8	-103.05
gain	8	2	-101.00
gain	2	9	-94.96
gain	9	2	-92.71
gain	2	10	-88.22
gain	10	2	-90.09
gain	2	11	-97.88
gain	11	2	-96.37
gain	2	12	-104.29
gain	12	2	-101.16
gain	2	13	-107.26
gain	13	2	-106.55
gain	2	14	-103.42
gain	14	2	-101.20
gain	2	15	-105.53
gain	15	2	-104.78
gain	2	16	-102.97
gain	16	2	-101.46
gain	2	17	-101.20
gain	17	2	-95.60
gain	2	18	-105.24
gain	18	2	-106.15
gain	2	19	-105.90
gain	19	2	-104.85
gain	2	20	-105.54
gain	20	2	-104.87
gain	2	21	-110.95
gain	21	2	-107.37
gain	2	22	-105.84
gain	22	2	-102.83
gain	2	23	-108.68
gain	23	2	-104.31
gain	2	24	-105.81
gain	24	2	-108.01
gain	2	25	-110.04
gain	25	2	-105.46
gain	2	26	-109.86
gain	26	2	-107.96
gain	2	27	-108.43
gain	27	2	-113.93
gain	2	28	-115.84
gain	28	2	-116.13
gain	2	29	-111.75
gain	29	2	-107.74
gain	2	30	-115.28
gain	30	2	-115.18
gain	2	31	-109.09
gain	31	2	-104.55
gain	2	32	-110.38
gain	32	2	-106.21
gain	2	33	-114.39
gain	33	2	-115.80
gain	2	34	-112.22
gain	34	2	-112.46
gain	2	35	-116.48
gain	35	2	-117.47
gain	2	36	-106.96
gain	36	2	-106.44
gain	2	37	-111.58
gain	37	2	-108.19
gain	2	38	-117.34
gain	38	2	-111.97
gain	2	39	-114.36
gain	39	2	-112.15
gain	2	40	-114.40
gain	40	2	-110.21
gain	2	41	-116.01
gain	41	2	-110.44
gain	2	42	-112.49
gain	42	2	-108.91
gain	2	43	-116.85
gain	43	2	-118.05
gain	2	44	-114.54
gain	44	2	-112.25
gain	2	45	-114.01
gain	45	2	-111.83
gain	2	46	-123.77
gain	46	2	-125.61
gain	2	47	-118.05
gain	47	2	-113.77
gain	2	48	-120.46
gain	48	2	-118.94
gain	3	4	-85.99
gain	4	3	-89.01
gain	3	5	-101.84
gain	5	3	-100.87
gain	3	6	-100.19
gain	6	3	-102.19
gain	3	7	-109.31
gain	7	3	-109.59
gain	3	8	-98.65
gain	8	3	-98.45
gain	3	9	-95.85
gain	9	3	-95.46
gain	3	10	-86.74
gain	10	3	-90.46
gain	3	11	-90.74
gain	11	3	-91.07
gain	3	12	-105.01
gain	12	3	-103.73
gain	3	13	-104.12
gain	13	3	-105.26
gain	3	14	-106.79
gain	14	3	-106.42
gain	3	15	-107.06
gain	15	3	-108.16
gain	3	16	-97.32
gain	16	3	-97.66
gain	3	17	-89.17
gain	17	3	-85.42
gain	3	18	-99.56
gain	18	3	-102.32
gain	3	19	-97.31
gain	19	3	-98.11
gain	3	20	-108.09
gain	20	3	-109.28
gain	3	21	-105.94
gain	21	3	-104.22
gain	3	22	-104.47
gain	22	3	-103.32
gain	3	23	-99.89
gain	23	3	-97.37
gain	3	24	-101.15
gain	24	3	-105.20
gain	3	25	-100.58
gain	25	3	-97.85
gain	3	26	-101.29
gain	26	3	-101.24
gain	3	27	-105.54
gain	27	3	-112.89
gain	3	28	-112.96
gain	28	3	-115.10
gain	3	29	-109.13
gain	29	3	-106.97
gain	3	30	-105.79
gain	30	3	-107.54
gain	3	31	-106.25
gain	31	3	-103.56
gain	3	32	-110.77
gain	32	3	-108.45
gain	3	33	-107.15
gain	33	3	-110.42
gain	3	34	-112.51
gain	34	3	-114.59
gain	3	35	-113.95
gain	35	3	-116.79
gain	3	36	-110.08
gain	36	3	-111.40
gain	3	37	-114.78
gain	37	3	-113.24
gain	3	38	-112.35
gain	38	3	-108.83
gain	3	39	-113.21
gain	39	3	-112.84
gain	3	40	-114.66
gain	40	3	-112.32
gain	3	41	-111.86
gain	41	3	-108.14
gain	3	42	-115.62
gain	42	3	-113.89
gain	3	43	-104.59
gain	43	3	-107.64
gain	3	44	-113.67
gain	44	3	-113.23
gain	3	45	-119.35
gain	45	3	-119.02
gain	3	46	-113.97
gain	46	3	-117.66
gain	3	47	-111.55
gain	47	3	-109.12
gain	3	48	-117.29
gain	48	3	-117.62
gain	4	5	-95.84
gain	5	4	-91.86
gain	4	6	-104.26
gain	6	4	-103.24
gain	4	7	-105.52
gain	7	4	-102.79
gain	4	8	-106.77
gain	8	4	-103.55
gain	4	9	-99.50
gain	9	4	-96.08
gain	4	10	-99.04
gain	10	4	-99.73
gain	4	11	-93.23
gain	11	4	-90.55
gain	4	12	-98.21
gain	12	4	-93.91
gain	4	13	-102.25
gain	13	4	-100.37
gain	4	14	-110.11
gain	14	4	-106.72
gain	4	15	-103.38
gain	15	4	-101.45
gain	4	16	-99.56
gain	16	4	-96.89
gain	4	17	-102.79
gain	17	4	-96.02
gain	4	18	-99.62
gain	18	4	-99.35
gain	4	19	-100.13
gain	19	4	-97.91
gain	4	20	-109.74
gain	20	4	-107.91
gain	4	21	-113.46
gain	21	4	-108.71
gain	4	22	-114.49
gain	22	4	-110.31
gain	4	23	-108.38
gain	23	4	-102.84
gain	4	24	-109.09
gain	24	4	-110.11
gain	4	25	-110.02
gain	25	4	-104.27
gain	4	26	-109.43
gain	26	4	-106.36
gain	4	27	-106.54
gain	27	4	-110.86
gain	4	28	-111.46
gain	28	4	-110.58
gain	4	29	-111.49
gain	29	4	-106.31
gain	4	30	-108.70
gain	30	4	-107.42
gain	4	31	-114.74
gain	31	4	-109.02
gain	4	32	-113.85
gain	32	4	-108.50
gain	4	33	-110.86
gain	33	4	-111.10
gain	4	34	-111.41
gain	34	4	-110.48
gain	4	35	-114.96
gain	35	4	-114.78
gain	4	36	-113.17
gain	36	4	-111.47
gain	4	37	-115.90
gain	37	4	-111.34
gain	4	38	-113.23
gain	38	4	-106.70
gain	4	39	-110.93
gain	39	4	-107.54
gain	4	40	-109.34
gain	40	4	-103.98
gain	4	41	-108.82
gain	41	4	-102.08
gain	4	42	-121.57
gain	42	4	-116.82
gain	4	43	-118.46
gain	43	4	-118.49
gain	4	44	-120.01
gain	44	4	-116.54
gain	4	45	-114.92
gain	45	4	-111.56
gain	4	46	-112.37
gain	46	4	-113.03
gain	4	47	-118.06
gain	47	4	-112.61
gain	4	48	-116.72
gain	48	4	-114.03
gain	5	6	-92.28
gain	6	5	-95.24
gain	5	7	-108.58
gain	7	5	-109.83
gain	5	8	-107.42
gain	8	5	-108.18
gain	5	9	-98.35
gain	9	5	-98.91
gain	5	10	-93.61
gain	10	5	-98.29
gain	5	11	-92.68
gain	11	5	-93.98
gain	5	12	-89.84
gain	12	5	-89.52
gain	5	13	-87.34
gain	13	5	-89.44
gain	5	14	-107.57
gain	14	5	-108.16
gain	5	15	-105.00
gain	15	5	-107.06
gain	5	16	-102.57
gain	16	5	-103.88
gain	5	17	-102.30
gain	17	5	-99.51
gain	5	18	-101.53
gain	18	5	-105.25
gain	5	19	-91.29
gain	19	5	-93.05
gain	5	20	-95.88
gain	20	5	-98.03
gain	5	21	-112.27
gain	21	5	-111.50
gain	5	22	-107.93
gain	22	5	-107.74
gain	5	23	-99.41
gain	23	5	-97.85
gain	5	24	-100.60
gain	24	5	-105.61
gain	5	25	-102.42
gain	25	5	-100.66
gain	5	26	-96.37
gain	26	5	-97.28
gain	5	27	-99.38
gain	27	5	-107.70
gain	5	28	-113.32
gain	28	5	-116.42
gain	5	29	-109.80
gain	29	5	-108.60
gain	5	30	-109.81
gain	30	5	-112.52
gain	5	31	-110.46
gain	31	5	-108.73
gain	5	32	-103.75
gain	32	5	-102.39
gain	5	33	-102.06
gain	33	5	-106.28
gain	5	34	-103.29
gain	34	5	-106.34
gain	5	35	-112.46
gain	35	5	-116.27
gain	5	36	-107.16
gain	36	5	-109.45
gain	5	37	-109.13
gain	37	5	-108.55
gain	5	38	-106.33
gain	38	5	-103.77
gain	5	39	-107.51
gain	39	5	-108.10
gain	5	40	-108.13
gain	40	5	-106.75
gain	5	41	-107.99
gain	41	5	-105.24
gain	5	42	-112.87
gain	42	5	-112.10
gain	5	43	-114.25
gain	43	5	-118.26
gain	5	44	-109.76
gain	44	5	-110.29
gain	5	45	-104.68
gain	45	5	-105.31
gain	5	46	-115.76
gain	46	5	-120.41
gain	5	47	-110.74
gain	47	5	-109.27
gain	5	48	-110.56
gain	48	5	-111.85
gain	6	7	-115.52
gain	7	6	-113.81
gain	6	8	-110.86
gain	8	6	-108.66
gain	6	9	-102.06
gain	9	6	-99.66
gain	6	10	-101.61
gain	10	6	-103.33
gain	6	11	-97.76
gain	11	6	-96.10
gain	6	12	-95.62
gain	12	6	-92.34
gain	6	13	-93.17
gain	13	6	-92.32
gain	6	14	-113.53
gain	14	6	-111.15
gain	6	15	-111.95
gain	15	6	-111.05
gain	6	16	-115.18
gain	16	6	-113.53
gain	6	17	-106.11
gain	17	6	-100.36
gain	6	18	-106.37
gain	18	6	-107.12
gain	6	19	-104.55
gain	19	6	-103.36
gain	6	20	-99.01
gain	20	6	-98.20
gain	6	21	-113.94
gain	21	6	-110.22
gain	6	22	-108.88
gain	22	6	-105.73
gain	6	23	-111.31
gain	23	6	-106.79
gain	6	24	-105.05
gain	24	6	-107.10
gain	6	25	-112.31
gain	25	6	-107.57
gain	6	26	-102.77
gain	26	6	-100.72
gain	6	27	-102.07
gain	27	6	-107.42
gain	6	28	-119.63
gain	28	6	-119.77
gain	6	29	-113.53
gain	29	6	-109.37
gain	6	30	-113.55
gain	30	6	-113.29
gain	6	31	-113.81
gain	31	6	-109.12
gain	6	32	-107.82
gain	32	6	-103.50
gain	6	33	-108.66
gain	33	6	-109.92
gain	6	34	-116.08
gain	34	6	-116.16
gain	6	35	-124.42
gain	35	6	-125.26
gain	6	36	-123.31
gain	36	6	-122.64
gain	6	37	-118.94
gain	37	6	-115.41
gain	6	38	-108.52
gain	38	6	-103.00
gain	6	39	-109.08
gain	39	6	-106.71
gain	6	40	-111.22
gain	40	6	-106.87
gain	6	41	-112.25
gain	41	6	-106.53
gain	6	42	-115.37
gain	42	6	-111.64
gain	6	43	-116.87
gain	43	6	-117.92
gain	6	44	-112.34
gain	44	6	-109.90
gain	6	45	-121.90
gain	45	6	-119.57
gain	6	46	-113.36
gain	46	6	-115.05
gain	6	47	-116.33
gain	47	6	-111.90
gain	6	48	-115.20
gain	48	6	-113.53
gain	7	8	-93.78
gain	8	7	-93.30
gain	7	9	-102.30
gain	9	7	-101.62
gain	7	10	-102.98
gain	10	7	-106.41
gain	7	11	-114.15
gain	11	7	-114.20
gain	7	12	-108.82
gain	12	7	-107.26
gain	7	13	-104.96
gain	13	7	-105.82
gain	7	14	-91.72
gain	14	7	-91.06
gain	7	15	-95.14
gain	15	7	-95.95
gain	7	16	-95.92
gain	16	7	-95.98
gain	7	17	-108.98
gain	17	7	-104.94
gain	7	18	-107.51
gain	18	7	-109.98
gain	7	19	-108.48
gain	19	7	-109.00
gain	7	20	-115.10
gain	20	7	-116.00
gain	7	21	-91.71
gain	21	7	-89.69
gain	7	22	-106.63
gain	22	7	-105.20
gain	7	23	-104.98
gain	23	7	-102.17
gain	7	24	-108.97
gain	24	7	-112.73
gain	7	25	-104.12
gain	25	7	-101.10
gain	7	26	-114.21
gain	26	7	-113.88
gain	7	27	-112.42
gain	27	7	-119.48
gain	7	28	-105.45
gain	28	7	-107.31
gain	7	29	-107.01
gain	29	7	-104.56
gain	7	30	-106.46
gain	30	7	-107.92
gain	7	31	-109.21
gain	31	7	-106.24
gain	7	32	-116.50
gain	32	7	-113.90
gain	7	33	-110.23
gain	33	7	-113.20
gain	7	34	-113.14
gain	34	7	-114.94
gain	7	35	-111.79
gain	35	7	-114.34
gain	7	36	-111.69
gain	36	7	-112.73
gain	7	37	-110.82
gain	37	7	-109.00
gain	7	38	-106.86
gain	38	7	-103.06
gain	7	39	-113.00
gain	39	7	-112.35
gain	7	40	-112.34
gain	40	7	-109.71
gain	7	41	-111.65
gain	41	7	-107.65
gain	7	42	-114.35
gain	42	7	-112.33
gain	7	43	-111.36
gain	43	7	-114.13
gain	7	44	-108.28
gain	44	7	-107.55
gain	7	45	-112.46
gain	45	7	-111.84
gain	7	46	-111.53
gain	46	7	-114.93
gain	7	47	-114.42
gain	47	7	-111.70
gain	7	48	-112.34
gain	48	7	-112.38
gain	8	9	-88.85
gain	9	8	-88.65
gain	8	10	-97.37
gain	10	8	-101.28
gain	8	11	-104.62
gain	11	8	-105.16
gain	8	12	-103.33
gain	12	8	-102.25
gain	8	13	-108.04
gain	13	8	-109.38
gain	8	14	-99.07
gain	14	8	-98.89
gain	8	15	-83.30
gain	15	8	-84.59
gain	8	16	-91.44
gain	16	8	-91.98
gain	8	17	-95.20
gain	17	8	-91.65
gain	8	18	-103.79
gain	18	8	-106.75
gain	8	19	-106.94
gain	19	8	-107.94
gain	8	20	-112.63
gain	20	8	-114.01
gain	8	21	-97.26
gain	21	8	-95.73
gain	8	22	-94.08
gain	22	8	-93.12
gain	8	23	-95.00
gain	23	8	-92.67
gain	8	24	-100.40
gain	24	8	-104.65
gain	8	25	-104.15
gain	25	8	-101.62
gain	8	26	-108.03
gain	26	8	-108.18
gain	8	27	-105.55
gain	27	8	-113.09
gain	8	28	-104.50
gain	28	8	-106.84
gain	8	29	-97.08
gain	29	8	-95.12
gain	8	30	-99.12
gain	30	8	-101.07
gain	8	31	-102.11
gain	31	8	-99.62
gain	8	32	-111.36
gain	32	8	-109.23
gain	8	33	-100.60
gain	33	8	-104.07
gain	8	34	-112.98
gain	34	8	-115.27
gain	8	35	-109.37
gain	35	8	-112.41
gain	8	36	-99.16
gain	36	8	-100.69
gain	8	37	-107.85
gain	37	8	-106.51
gain	8	38	-104.92
gain	38	8	-101.61
gain	8	39	-110.02
gain	39	8	-109.86
gain	8	40	-109.91
gain	40	8	-107.76
gain	8	41	-110.08
gain	41	8	-106.56
gain	8	42	-103.86
gain	42	8	-102.33
gain	8	43	-110.92
gain	43	8	-114.18
gain	8	44	-111.77
gain	44	8	-111.53
gain	8	45	-110.82
gain	45	8	-110.68
gain	8	46	-106.44
gain	46	8	-110.32
gain	8	47	-109.66
gain	47	8	-107.43
gain	8	48	-110.55
gain	48	8	-111.08
gain	9	10	-91.81
gain	10	9	-95.92
gain	9	11	-97.69
gain	11	9	-98.43
gain	9	12	-104.65
gain	12	9	-103.77
gain	9	13	-101.41
gain	13	9	-102.95
gain	9	14	-97.32
gain	14	9	-97.34
gain	9	15	-98.09
gain	15	9	-99.58
gain	9	16	-86.05
gain	16	9	-86.79
gain	9	17	-91.43
gain	17	9	-88.07
gain	9	18	-94.76
gain	18	9	-97.91
gain	9	19	-100.00
gain	19	9	-101.20
gain	9	20	-106.65
gain	20	9	-108.23
gain	9	21	-103.47
gain	21	9	-102.14
gain	9	22	-97.44
gain	22	9	-96.68
gain	9	23	-100.23
gain	23	9	-98.10
gain	9	24	-99.54
gain	24	9	-103.99
gain	9	25	-98.20
gain	25	9	-95.87
gain	9	26	-102.81
gain	26	9	-103.16
gain	9	27	-103.16
gain	27	9	-110.91
gain	9	28	-100.43
gain	28	9	-102.97
gain	9	29	-106.13
gain	29	9	-104.37
gain	9	30	-105.69
gain	30	9	-107.84
gain	9	31	-104.81
gain	31	9	-102.52
gain	9	32	-107.34
gain	32	9	-105.41
gain	9	33	-107.31
gain	33	9	-110.97
gain	9	34	-107.45
gain	34	9	-109.93
gain	9	35	-108.09
gain	35	9	-111.33
gain	9	36	-106.48
gain	36	9	-108.20
gain	9	37	-112.69
gain	37	9	-111.54
gain	9	38	-101.37
gain	38	9	-98.25
gain	9	39	-105.09
gain	39	9	-105.12
gain	9	40	-110.11
gain	40	9	-108.17
gain	9	41	-105.77
gain	41	9	-102.46
gain	9	42	-108.05
gain	42	9	-106.71
gain	9	43	-106.84
gain	43	9	-110.30
gain	9	44	-107.87
gain	44	9	-107.82
gain	9	45	-108.93
gain	45	9	-108.99
gain	9	46	-109.42
gain	46	9	-113.50
gain	9	47	-113.28
gain	47	9	-111.24
gain	9	48	-112.01
gain	48	9	-112.74
gain	10	11	-90.65
gain	11	10	-87.28
gain	10	12	-101.37
gain	12	10	-96.38
gain	10	13	-111.97
gain	13	10	-109.40
gain	10	14	-109.08
gain	14	10	-104.99
gain	10	15	-108.68
gain	15	10	-106.06
gain	10	16	-93.90
gain	16	10	-90.53
gain	10	17	-88.57
gain	17	10	-81.10
gain	10	18	-93.39
gain	18	10	-92.43
gain	10	19	-101.40
gain	19	10	-98.49
gain	10	20	-102.04
gain	20	10	-99.51
gain	10	21	-111.37
gain	21	10	-105.93
gain	10	22	-110.65
gain	22	10	-105.79
gain	10	23	-106.48
gain	23	10	-100.24
gain	10	24	-100.99
gain	24	10	-101.33
gain	10	25	-103.61
gain	25	10	-97.17
gain	10	26	-103.98
gain	26	10	-100.21
gain	10	27	-107.70
gain	27	10	-111.33
gain	10	28	-112.93
gain	28	10	-111.36
gain	10	29	-107.48
gain	29	10	-101.60
gain	10	30	-109.76
gain	30	10	-107.79
gain	10	31	-104.97
gain	31	10	-98.57
gain	10	32	-114.35
gain	32	10	-108.31
gain	10	33	-114.34
gain	33	10	-113.89
gain	10	34	-116.56
gain	34	10	-114.93
gain	10	35	-114.00
gain	35	10	-113.13
gain	10	36	-113.37
gain	36	10	-110.98
gain	10	37	-110.68
gain	37	10	-105.43
gain	10	38	-113.02
gain	38	10	-105.79
gain	10	39	-114.99
gain	39	10	-110.91
gain	10	40	-111.48
gain	40	10	-105.42
gain	10	41	-110.31
gain	41	10	-102.88
gain	10	42	-113.92
gain	42	10	-108.47
gain	10	43	-117.87
gain	43	10	-117.22
gain	10	44	-115.10
gain	44	10	-110.94
gain	10	45	-113.14
gain	45	10	-109.09
gain	10	46	-113.30
gain	46	10	-113.28
gain	10	47	-111.24
gain	47	10	-105.09
gain	10	48	-116.96
gain	48	10	-113.58
gain	11	12	-96.48
gain	12	11	-94.86
gain	11	13	-96.54
gain	13	11	-97.34
gain	11	14	-110.17
gain	14	11	-109.46
gain	11	15	-107.56
gain	15	11	-108.31
gain	11	16	-101.35
gain	16	11	-101.36
gain	11	17	-85.46
gain	17	11	-81.37
gain	11	18	-95.87
gain	18	11	-98.29
gain	11	19	-98.10
gain	19	11	-98.57
gain	11	20	-104.13
gain	20	11	-104.98
gain	11	21	-110.73
gain	21	11	-108.67
gain	11	22	-98.61
gain	22	11	-97.12
gain	11	23	-103.98
gain	23	11	-101.12
gain	11	24	-102.68
gain	24	11	-106.39
gain	11	25	-101.97
gain	25	11	-98.90
gain	11	26	-98.51
gain	26	11	-98.13
gain	11	27	-99.82
gain	27	11	-106.83
gain	11	28	-103.73
gain	28	11	-105.53
gain	11	29	-105.85
gain	29	11	-103.36
gain	11	30	-104.69
gain	30	11	-106.10
gain	11	31	-106.89
gain	31	11	-103.86
gain	11	32	-103.89
gain	32	11	-101.23
gain	11	33	-99.22
gain	33	11	-102.15
gain	11	34	-99.32
gain	34	11	-101.07
gain	11	35	-119.06
gain	35	11	-121.56
gain	11	36	-111.99
gain	36	11	-112.98
gain	11	37	-110.83
gain	37	11	-108.96
gain	11	38	-107.92
gain	38	11	-104.07
gain	11	39	-110.40
gain	39	11	-109.70
gain	11	40	-108.33
gain	40	11	-105.65
gain	11	41	-110.86
gain	41	11	-106.81
gain	11	42	-114.55
gain	42	11	-112.48
gain	11	43	-114.37
gain	43	11	-117.09
gain	11	44	-111.67
gain	44	11	-110.89
gain	11	45	-112.99
gain	45	11	-112.32
gain	11	46	-105.16
gain	46	11	-108.51
gain	11	47	-110.47
gain	47	11	-107.70
gain	11	48	-112.52
gain	48	11	-112.51
gain	12	13	-89.76
gain	13	12	-92.18
gain	12	14	-108.86
gain	14	12	-109.76
gain	12	15	-105.02
gain	15	12	-107.39
gain	12	16	-100.41
gain	16	12	-102.03
gain	12	17	-95.22
gain	17	12	-92.75
gain	12	18	-95.85
gain	18	12	-99.89
gain	12	19	-81.10
gain	19	12	-83.18
gain	12	20	-85.56
gain	20	12	-88.01
gain	12	21	-107.41
gain	21	12	-106.96
gain	12	22	-108.94
gain	22	12	-109.06
gain	12	23	-101.68
gain	23	12	-100.43
gain	12	24	-98.96
gain	24	12	-104.29
gain	12	25	-100.04
gain	25	12	-98.59
gain	12	26	-95.63
gain	26	12	-96.86
gain	12	27	-93.42
gain	27	12	-102.05
gain	12	28	-113.74
gain	28	12	-117.16
gain	12	29	-109.21
gain	29	12	-108.33
gain	12	30	-112.03
gain	30	12	-115.05
gain	12	31	-103.14
gain	31	12	-101.73
gain	12	32	-100.05
gain	32	12	-99.01
gain	12	33	-93.98
gain	33	12	-98.52
gain	12	34	-106.00
gain	34	12	-109.37
gain	12	35	-110.98
gain	35	12	-115.09
gain	12	36	-109.71
gain	36	12	-112.32
gain	12	37	-106.38
gain	37	12	-106.12
gain	12	38	-99.53
gain	38	12	-97.29
gain	12	39	-107.92
gain	39	12	-108.84
gain	12	40	-108.28
gain	40	12	-107.21
gain	12	41	-103.70
gain	41	12	-101.26
gain	12	42	-113.02
gain	42	12	-112.57
gain	12	43	-111.51
gain	43	12	-115.85
gain	12	44	-108.91
gain	44	12	-109.75
gain	12	45	-110.58
gain	45	12	-111.52
gain	12	46	-101.64
gain	46	12	-106.60
gain	12	47	-109.77
gain	47	12	-108.62
gain	12	48	-104.19
gain	48	12	-105.80
gain	13	14	-114.31
gain	14	13	-112.80
gain	13	15	-112.36
gain	15	13	-112.31
gain	13	16	-111.88
gain	16	13	-111.08
gain	13	17	-105.25
gain	17	13	-100.36
gain	13	18	-98.56
gain	18	13	-100.17
gain	13	19	-94.78
gain	19	13	-94.45
gain	13	20	-92.06
gain	20	13	-92.11
gain	13	21	-116.24
gain	21	13	-113.38
gain	13	22	-111.47
gain	22	13	-109.18
gain	13	23	-107.57
gain	23	13	-103.91
gain	13	24	-105.65
gain	24	13	-108.56
gain	13	25	-104.70
gain	25	13	-100.83
gain	13	26	-101.64
gain	26	13	-100.45
gain	13	27	-99.35
gain	27	13	-105.56
gain	13	28	-116.66
gain	28	13	-117.66
gain	13	29	-110.11
gain	29	13	-106.81
gain	13	30	-106.80
gain	30	13	-107.41
gain	13	31	-111.45
gain	31	13	-107.62
gain	13	32	-108.27
gain	32	13	-104.81
gain	13	33	-107.76
gain	33	13	-109.88
gain	13	34	-102.99
gain	34	13	-103.93
gain	13	35	-113.55
gain	35	13	-115.25
gain	13	36	-113.24
gain	36	13	-113.42
gain	13	37	-115.00
gain	37	13	-112.32
gain	13	38	-110.83
gain	38	13	-106.17
gain	13	39	-114.01
gain	39	13	-112.50
gain	13	40	-110.86
gain	40	13	-107.37
gain	13	41	-110.02
gain	41	13	-105.16
gain	13	42	-113.42
gain	42	13	-110.55
gain	13	43	-111.52
gain	43	13	-113.44
gain	13	44	-119.15
gain	44	13	-117.56
gain	13	45	-111.30
gain	45	13	-109.83
gain	13	46	-113.36
gain	46	13	-115.91
gain	13	47	-112.93
gain	47	13	-109.35
gain	13	48	-110.91
gain	48	13	-110.10
gain	14	15	-91.21
gain	15	14	-92.68
gain	14	16	-101.96
gain	16	14	-102.68
gain	14	17	-106.93
gain	17	14	-103.55
gain	14	18	-105.46
gain	18	14	-108.59
gain	14	19	-112.46
gain	19	14	-113.63
gain	14	20	-111.34
gain	20	14	-112.90
gain	14	21	-89.18
gain	21	14	-87.83
gain	14	22	-95.01
gain	22	14	-94.23
gain	14	23	-109.56
gain	23	14	-107.40
gain	14	24	-103.98
gain	24	14	-108.41
gain	14	25	-111.49
gain	25	14	-109.13
gain	14	26	-109.24
gain	26	14	-109.56
gain	14	27	-112.43
gain	27	14	-120.15
gain	14	28	-99.75
gain	28	14	-102.27
gain	14	29	-95.75
gain	29	14	-93.96
gain	14	30	-102.50
gain	30	14	-104.62
gain	14	31	-110.88
gain	31	14	-108.56
gain	14	32	-110.46
gain	32	14	-108.51
gain	14	33	-113.56
gain	33	14	-117.20
gain	14	34	-108.50
gain	34	14	-110.96
gain	14	35	-104.59
gain	35	14	-107.81
gain	14	36	-106.71
gain	36	14	-108.41
gain	14	37	-108.22
gain	37	14	-107.06
gain	14	38	-98.78
gain	38	14	-95.64
gain	14	39	-107.97
gain	39	14	-107.98
gain	14	40	-109.21
gain	40	14	-107.24
gain	14	41	-114.17
gain	41	14	-110.83
gain	14	42	-105.82
gain	42	14	-104.46
gain	14	43	-106.55
gain	43	14	-109.98
gain	14	44	-108.35
gain	44	14	-108.28
gain	14	45	-117.03
gain	45	14	-117.06
gain	14	46	-117.83
gain	46	14	-121.89
gain	14	47	-113.33
gain	47	14	-111.27
gain	14	48	-116.58
gain	48	14	-117.29
gain	15	16	-94.06
gain	16	15	-93.31
gain	15	17	-102.20
gain	17	15	-97.35
gain	15	18	-101.45
gain	18	15	-103.12
gain	15	19	-113.02
gain	19	15	-112.73
gain	15	20	-117.82
gain	20	15	-117.90
gain	15	21	-87.47
gain	21	15	-84.65
gain	15	22	-86.01
gain	22	15	-83.76
gain	15	23	-90.68
gain	23	15	-87.06
gain	15	24	-100.68
gain	24	15	-103.64
gain	15	25	-106.10
gain	25	15	-102.28
gain	15	26	-107.57
gain	26	15	-106.43
gain	15	27	-112.37
gain	27	15	-118.62
gain	15	28	-99.02
gain	28	15	-100.07
gain	15	29	-92.37
gain	29	15	-89.12
gain	15	30	-95.78
gain	30	15	-96.44
gain	15	31	-104.45
gain	31	15	-100.67
gain	15	32	-108.73
gain	32	15	-105.31
gain	15	33	-112.91
gain	33	15	-115.08
gain	15	34	-117.72
gain	34	15	-118.72
gain	15	35	-103.51
gain	35	15	-105.26
gain	15	36	-103.86
gain	36	15	-104.09
gain	15	37	-104.71
gain	37	15	-102.08
gain	15	38	-112.22
gain	38	15	-107.61
gain	15	39	-110.59
gain	39	15	-109.13
gain	15	40	-108.59
gain	40	15	-105.15
gain	15	41	-114.90
gain	41	15	-110.09
gain	15	42	-108.24
gain	42	15	-105.42
gain	15	43	-108.27
gain	43	15	-110.23
gain	15	44	-108.80
gain	44	15	-107.27
gain	15	45	-103.92
gain	45	15	-102.50
gain	15	46	-109.17
gain	46	15	-111.76
gain	15	47	-116.19
gain	47	15	-112.66
gain	15	48	-114.10
gain	48	15	-113.33
gain	16	17	-90.34
gain	17	16	-86.24
gain	16	18	-101.13
gain	18	16	-103.54
gain	16	19	-105.92
gain	19	16	-106.37
gain	16	20	-102.21
gain	20	16	-103.04
gain	16	21	-101.99
gain	21	16	-99.92
gain	16	22	-96.20
gain	22	16	-94.70
gain	16	23	-90.94
gain	23	16	-88.08
gain	16	24	-94.41
gain	24	16	-98.12
gain	16	25	-94.16
gain	25	16	-91.09
gain	16	26	-101.83
gain	26	16	-101.43
gain	16	27	-107.59
gain	27	16	-114.60
gain	16	28	-103.17
gain	28	16	-104.97
gain	16	29	-102.56
gain	29	16	-100.05
gain	16	30	-97.28
gain	30	16	-98.68
gain	16	31	-97.99
gain	31	16	-94.96
gain	16	32	-106.55
gain	32	16	-103.89
gain	16	33	-104.07
gain	33	16	-106.98
gain	16	34	-108.66
gain	34	16	-110.41
gain	16	35	-107.93
gain	35	16	-110.43
gain	16	36	-101.45
gain	36	16	-102.43
gain	16	37	-108.04
gain	37	16	-106.16
gain	16	38	-101.93
gain	38	16	-98.07
gain	16	39	-109.05
gain	39	16	-108.35
gain	16	40	-112.47
gain	40	16	-109.78
gain	16	41	-107.43
gain	41	16	-103.37
gain	16	42	-106.84
gain	42	16	-104.76
gain	16	43	-104.67
gain	43	16	-107.38
gain	16	44	-109.48
gain	44	16	-108.69
gain	16	45	-106.88
gain	45	16	-106.20
gain	16	46	-106.20
gain	46	16	-109.54
gain	16	47	-112.76
gain	47	16	-109.99
gain	16	48	-108.10
gain	48	16	-108.09
gain	17	18	-87.71
gain	18	17	-94.22
gain	17	19	-90.80
gain	19	17	-95.35
gain	17	20	-100.34
gain	20	17	-105.27
gain	17	21	-101.37
gain	21	17	-103.40
gain	17	22	-99.18
gain	22	17	-101.78
gain	17	23	-95.94
gain	23	17	-97.17
gain	17	24	-92.39
gain	24	17	-100.19
gain	17	25	-88.90
gain	25	17	-89.92
gain	17	26	-97.76
gain	26	17	-101.46
gain	17	27	-97.92
gain	27	17	-109.02
gain	17	28	-103.35
gain	28	17	-109.25
gain	17	29	-96.86
gain	29	17	-98.45
gain	17	30	-97.40
gain	30	17	-102.89
gain	17	31	-98.55
gain	31	17	-99.62
gain	17	32	-96.71
gain	32	17	-98.14
gain	17	33	-94.93
gain	33	17	-101.95
gain	17	34	-97.48
gain	34	17	-103.32
gain	17	35	-108.45
gain	35	17	-115.04
gain	17	36	-97.97
gain	36	17	-103.05
gain	17	37	-99.09
gain	37	17	-101.30
gain	17	38	-103.87
gain	38	17	-104.11
gain	17	39	-106.61
gain	39	17	-110.00
gain	17	40	-100.74
gain	40	17	-102.15
gain	17	41	-104.47
gain	41	17	-104.51
gain	17	42	-107.51
gain	42	17	-109.53
gain	17	43	-111.97
gain	43	17	-118.77
gain	17	44	-107.33
gain	44	17	-110.65
gain	17	45	-97.37
gain	45	17	-100.79
gain	17	46	-103.89
gain	46	17	-111.32
gain	17	47	-99.96
gain	47	17	-101.28
gain	17	48	-104.99
gain	48	17	-109.07
gain	18	19	-92.18
gain	19	18	-90.22
gain	18	20	-104.87
gain	20	18	-103.29
gain	18	21	-109.22
gain	21	18	-104.74
gain	18	22	-100.07
gain	22	18	-96.16
gain	18	23	-103.08
gain	23	18	-97.80
gain	18	24	-92.49
gain	24	18	-93.79
gain	18	25	-83.40
gain	25	18	-77.91
gain	18	26	-97.26
gain	26	18	-94.45
gain	18	27	-95.15
gain	27	18	-99.74
gain	18	28	-111.82
gain	28	18	-111.20
gain	18	29	-104.63
gain	29	18	-99.71
gain	18	30	-103.31
gain	30	18	-102.30
gain	18	31	-99.89
gain	31	18	-94.45
gain	18	32	-105.46
gain	32	18	-100.38
gain	18	33	-97.57
gain	33	18	-98.08
gain	18	34	-106.28
gain	34	18	-105.61
gain	18	35	-110.79
gain	35	18	-110.88
gain	18	36	-106.28
gain	36	18	-104.85
gain	18	37	-110.65
gain	37	18	-106.36
gain	18	38	-108.57
gain	38	18	-102.29
gain	18	39	-107.00
gain	39	18	-103.88
gain	18	40	-105.75
gain	40	18	-100.65
gain	18	41	-109.30
gain	41	18	-102.83
gain	18	42	-113.83
gain	42	18	-109.34
gain	18	43	-108.58
gain	43	18	-108.88
gain	18	44	-108.19
gain	44	18	-104.99
gain	18	45	-112.80
gain	45	18	-109.71
gain	18	46	-109.46
gain	46	18	-110.39
gain	18	47	-103.53
gain	47	18	-98.34
gain	18	48	-111.48
gain	48	18	-109.06
gain	19	20	-90.29
gain	20	19	-90.67
gain	19	21	-115.22
gain	21	19	-112.69
gain	19	22	-108.74
gain	22	19	-106.79
gain	19	23	-105.69
gain	23	19	-102.36
gain	19	24	-107.35
gain	24	19	-110.59
gain	19	25	-96.86
gain	25	19	-93.33
gain	19	26	-91.96
gain	26	19	-91.10
gain	19	27	-95.59
gain	27	19	-102.14
gain	19	28	-113.68
gain	28	19	-115.02
gain	19	29	-111.55
gain	29	19	-108.59
gain	19	30	-110.36
gain	30	19	-111.30
gain	19	31	-106.20
gain	31	19	-102.71
gain	19	32	-101.78
gain	32	19	-98.66
gain	19	33	-100.97
gain	33	19	-103.43
gain	19	34	-101.95
gain	34	19	-103.23
gain	19	35	-120.36
gain	35	19	-122.40
gain	19	36	-108.90
gain	36	19	-109.43
gain	19	37	-112.44
gain	37	19	-110.10
gain	19	38	-110.28
gain	38	19	-105.96
gain	19	39	-103.31
gain	39	19	-102.14
gain	19	40	-107.35
gain	40	19	-104.20
gain	19	41	-103.80
gain	41	19	-99.29
gain	19	42	-118.25
gain	42	19	-115.72
gain	19	43	-108.98
gain	43	19	-111.23
gain	19	44	-115.23
gain	44	19	-113.99
gain	19	45	-105.60
gain	45	19	-104.46
gain	19	46	-110.37
gain	46	19	-113.25
gain	19	47	-109.25
gain	47	19	-106.01
gain	19	48	-106.60
gain	48	19	-106.13
gain	20	21	-115.41
gain	21	20	-112.50
gain	20	22	-113.34
gain	22	20	-111.00
gain	20	23	-114.77
gain	23	20	-111.07
gain	20	24	-108.14
gain	24	20	-111.01
gain	20	25	-101.84
gain	25	20	-97.93
gain	20	26	-98.86
gain	26	20	-97.63
gain	20	27	-96.91
gain	27	20	-103.07
gain	20	28	-121.60
gain	28	20	-122.56
gain	20	29	-110.80
gain	29	20	-107.46
gain	20	30	-111.31
gain	30	20	-111.88
gain	20	31	-106.84
gain	31	20	-102.97
gain	20	32	-101.62
gain	32	20	-98.12
gain	20	33	-106.75
gain	33	20	-108.83
gain	20	34	-95.99
gain	34	20	-96.89
gain	20	35	-116.18
gain	35	20	-117.83
gain	20	36	-115.62
gain	36	20	-115.77
gain	20	37	-110.36
gain	37	20	-107.63
gain	20	38	-105.11
gain	38	20	-100.41
gain	20	39	-105.72
gain	39	20	-104.17
gain	20	40	-113.01
gain	40	20	-109.49
gain	20	41	-104.62
gain	41	20	-99.72
gain	20	42	-117.63
gain	42	20	-114.72
gain	20	43	-113.84
gain	43	20	-115.71
gain	20	44	-114.85
gain	44	20	-113.23
gain	20	45	-117.88
gain	45	20	-116.36
gain	20	46	-114.38
gain	46	20	-116.89
gain	20	47	-108.98
gain	47	20	-105.36
gain	20	48	-112.21
gain	48	20	-111.36
gain	21	22	-88.07
gain	22	21	-88.65
gain	21	23	-102.09
gain	23	21	-101.29
gain	21	24	-96.70
gain	24	21	-102.47
gain	21	25	-103.90
gain	25	21	-102.89
gain	21	26	-105.86
gain	26	21	-107.54
gain	21	27	-108.16
gain	27	21	-117.24
gain	21	28	-89.45
gain	28	21	-93.32
gain	21	29	-90.80
gain	29	21	-90.37
gain	21	30	-98.79
gain	30	21	-102.26
gain	21	31	-100.16
gain	31	21	-99.20
gain	21	32	-105.20
gain	32	21	-104.61
gain	21	33	-102.45
gain	33	21	-107.44
gain	21	34	-108.59
gain	34	21	-112.40
gain	21	35	-100.50
gain	35	21	-105.07
gain	21	36	-95.75
gain	36	21	-98.80
gain	21	37	-107.85
gain	37	21	-108.03
gain	21	38	-102.64
gain	38	21	-100.85
gain	21	39	-109.78
gain	39	21	-111.14
gain	21	40	-109.23
gain	40	21	-108.61
gain	21	41	-109.06
gain	41	21	-107.07
gain	21	42	-100.89
gain	42	21	-100.89
gain	21	43	-100.71
gain	43	21	-105.49
gain	21	44	-99.61
gain	44	21	-100.90
gain	21	45	-104.41
gain	45	21	-105.81
gain	21	46	-108.30
gain	46	21	-113.72
gain	21	47	-113.13
gain	47	21	-112.42
gain	21	48	-120.93
gain	48	21	-122.99
gain	22	23	-81.56
gain	23	22	-80.18
gain	22	24	-88.56
gain	24	22	-93.77
gain	22	25	-100.70
gain	25	22	-99.12
gain	22	26	-105.19
gain	26	22	-106.29
gain	22	27	-107.10
gain	27	22	-115.60
gain	22	28	-99.12
gain	28	22	-102.41
gain	22	29	-90.59
gain	29	22	-89.59
gain	22	30	-87.89
gain	30	22	-90.79
gain	22	31	-100.01
gain	31	22	-98.47
gain	22	32	-104.16
gain	32	22	-102.99
gain	22	33	-101.78
gain	33	22	-106.20
gain	22	34	-101.65
gain	34	22	-104.89
gain	22	35	-103.79
gain	35	22	-107.78
gain	22	36	-96.30
gain	36	22	-98.78
gain	22	37	-102.08
gain	37	22	-101.69
gain	22	38	-103.63
gain	38	22	-101.27
gain	22	39	-109.21
gain	39	22	-110.00
gain	22	40	-105.63
gain	40	22	-104.44
gain	22	41	-106.36
gain	41	22	-103.79
gain	22	42	-101.73
gain	42	22	-101.15
gain	22	43	-97.18
gain	43	22	-101.39
gain	22	44	-97.24
gain	44	22	-97.95
gain	22	45	-105.87
gain	45	22	-106.69
gain	22	46	-106.76
gain	46	22	-111.59
gain	22	47	-108.16
gain	47	22	-106.87
gain	22	48	-110.33
gain	48	22	-111.81
gain	23	24	-83.64
gain	24	23	-90.22
gain	23	25	-93.54
gain	25	23	-93.33
gain	23	26	-103.03
gain	26	23	-105.51
gain	23	27	-103.46
gain	27	23	-113.34
gain	23	28	-96.41
gain	28	23	-101.08
gain	23	29	-93.39
gain	29	23	-93.75
gain	23	30	-85.10
gain	30	23	-89.37
gain	23	31	-90.61
gain	31	23	-90.44
gain	23	32	-95.01
gain	32	23	-95.21
gain	23	33	-105.73
gain	33	23	-111.52
gain	23	34	-101.81
gain	34	23	-106.42
gain	23	35	-101.76
gain	35	23	-107.12
gain	23	36	-96.29
gain	36	23	-100.14
gain	23	37	-97.25
gain	37	23	-98.24
gain	23	38	-95.07
gain	38	23	-94.08
gain	23	39	-100.16
gain	39	23	-102.32
gain	23	40	-103.41
gain	40	23	-103.59
gain	23	41	-104.85
gain	41	23	-103.66
gain	23	42	-103.10
gain	42	23	-103.89
gain	23	43	-97.00
gain	43	23	-102.58
gain	23	44	-102.10
gain	44	23	-104.19
gain	23	45	-103.48
gain	45	23	-105.67
gain	23	46	-105.82
gain	46	23	-112.03
gain	23	47	-101.71
gain	47	23	-101.80
gain	23	48	-107.52
gain	48	23	-110.38
gain	24	25	-91.77
gain	25	24	-84.99
gain	24	26	-102.50
gain	26	24	-98.40
gain	24	27	-101.63
gain	27	24	-104.92
gain	24	28	-105.87
gain	28	24	-103.96
gain	24	29	-103.18
gain	29	24	-96.97
gain	24	30	-101.58
gain	30	24	-99.28
gain	24	31	-98.07
gain	31	24	-91.32
gain	24	32	-98.17
gain	32	24	-91.79
gain	24	33	-103.82
gain	33	24	-103.03
gain	24	34	-101.82
gain	34	24	-99.86
gain	24	35	-108.44
gain	35	24	-107.23
gain	24	36	-98.96
gain	36	24	-96.24
gain	24	37	-98.82
gain	37	24	-93.23
gain	24	38	-94.16
gain	38	24	-86.59
gain	24	39	-105.14
gain	39	24	-100.73
gain	24	40	-103.88
gain	40	24	-97.49
gain	24	41	-108.15
gain	41	24	-100.38
gain	24	42	-111.76
gain	42	24	-105.97
gain	24	43	-105.02
gain	43	24	-104.03
gain	24	44	-107.81
gain	44	24	-103.32
gain	24	45	-105.99
gain	45	24	-101.60
gain	24	46	-102.00
gain	46	24	-101.63
gain	24	47	-112.13
gain	47	24	-105.65
gain	24	48	-109.91
gain	48	24	-106.19
gain	25	26	-84.20
gain	26	25	-86.88
gain	25	27	-90.77
gain	27	25	-100.85
gain	25	28	-103.60
gain	28	25	-108.47
gain	25	29	-99.26
gain	29	25	-99.83
gain	25	30	-83.50
gain	30	25	-87.98
gain	25	31	-87.34
gain	31	25	-87.39
gain	25	32	-95.51
gain	32	25	-95.92
gain	25	33	-90.56
gain	33	25	-96.55
gain	25	34	-96.34
gain	34	25	-101.15
gain	25	35	-105.55
gain	35	25	-111.12
gain	25	36	-100.05
gain	36	25	-104.11
gain	25	37	-97.95
gain	37	25	-99.14
gain	25	38	-92.37
gain	38	25	-91.58
gain	25	39	-97.22
gain	39	25	-99.59
gain	25	40	-95.63
gain	40	25	-96.02
gain	25	41	-97.22
gain	41	25	-96.23
gain	25	42	-105.87
gain	42	25	-106.87
gain	25	43	-103.09
gain	43	25	-108.88
gain	25	44	-102.62
gain	44	25	-104.91
gain	25	45	-106.41
gain	45	25	-108.80
gain	25	46	-98.66
gain	46	25	-105.08
gain	25	47	-101.14
gain	47	25	-101.43
gain	25	48	-100.00
gain	48	25	-103.06
gain	26	27	-80.30
gain	27	26	-87.69
gain	26	28	-110.12
gain	28	26	-112.31
gain	26	29	-106.88
gain	29	26	-104.77
gain	26	30	-102.79
gain	30	26	-104.59
gain	26	31	-100.28
gain	31	26	-97.64
gain	26	32	-95.60
gain	32	26	-93.33
gain	26	33	-81.79
gain	33	26	-85.10
gain	26	34	-102.09
gain	34	26	-104.23
gain	26	35	-115.41
gain	35	26	-118.30
gain	26	36	-110.32
gain	36	26	-111.70
gain	26	37	-106.91
gain	37	26	-105.42
gain	26	38	-107.52
gain	38	26	-104.06
gain	26	39	-100.33
gain	39	26	-100.02
gain	26	40	-100.61
gain	40	26	-98.32
gain	26	41	-97.60
gain	41	26	-93.93
gain	26	42	-116.37
gain	42	26	-114.69
gain	26	43	-111.58
gain	43	26	-114.69
gain	26	44	-106.90
gain	44	26	-106.51
gain	26	45	-109.33
gain	45	26	-109.04
gain	26	46	-104.43
gain	46	26	-108.16
gain	26	47	-105.43
gain	47	26	-103.04
gain	26	48	-104.35
gain	48	26	-104.73
gain	27	28	-117.74
gain	28	27	-112.54
gain	27	29	-119.91
gain	29	27	-110.40
gain	27	30	-115.84
gain	30	27	-110.24
gain	27	31	-108.48
gain	31	27	-98.44
gain	27	32	-105.22
gain	32	27	-95.55
gain	27	33	-98.95
gain	33	27	-94.86
gain	27	34	-94.83
gain	34	27	-89.57
gain	27	35	-117.81
gain	35	27	-113.30
gain	27	36	-115.76
gain	36	27	-109.74
gain	27	37	-109.54
gain	37	27	-100.65
gain	27	38	-118.79
gain	38	27	-107.93
gain	27	39	-112.33
gain	39	27	-104.61
gain	27	40	-104.80
gain	40	27	-95.10
gain	27	41	-105.56
gain	41	27	-94.50
gain	27	42	-117.90
gain	42	27	-108.82
gain	27	43	-113.72
gain	43	27	-109.43
gain	27	44	-118.23
gain	44	27	-110.44
gain	27	45	-115.99
gain	45	27	-108.31
gain	27	46	-114.13
gain	46	27	-110.47
gain	27	47	-108.84
gain	47	27	-99.06
gain	27	48	-112.74
gain	48	27	-105.73
gain	28	29	-89.34
gain	29	28	-85.03
gain	28	30	-97.18
gain	30	28	-96.78
gain	28	31	-110.74
gain	31	28	-105.91
gain	28	32	-110.88
gain	32	28	-106.42
gain	28	33	-113.69
gain	33	28	-114.81
gain	28	34	-113.27
gain	34	28	-113.21
gain	28	35	-89.07
gain	35	28	-89.77
gain	28	36	-95.10
gain	36	28	-94.29
gain	28	37	-99.78
gain	37	28	-96.09
gain	28	38	-102.20
gain	38	28	-96.54
gain	28	39	-108.82
gain	39	28	-106.31
gain	28	40	-111.35
gain	40	28	-106.86
gain	28	41	-119.50
gain	41	28	-113.64
gain	28	42	-97.53
gain	42	28	-93.66
gain	28	43	-98.50
gain	43	28	-99.41
gain	28	44	-105.14
gain	44	28	-102.56
gain	28	45	-105.64
gain	45	28	-103.17
gain	28	46	-116.44
gain	46	28	-117.98
gain	28	47	-110.04
gain	47	28	-105.46
gain	28	48	-116.54
gain	48	28	-114.73
gain	29	30	-94.67
gain	30	29	-98.58
gain	29	31	-94.70
gain	31	29	-94.17
gain	29	32	-110.62
gain	32	29	-110.46
gain	29	33	-103.72
gain	33	29	-109.14
gain	29	34	-109.15
gain	34	29	-113.39
gain	29	35	-93.99
gain	35	29	-98.99
gain	29	36	-83.35
gain	36	29	-86.84
gain	29	37	-100.69
gain	37	29	-101.31
gain	29	38	-98.98
gain	38	29	-97.63
gain	29	39	-103.48
gain	39	29	-105.28
gain	29	40	-106.13
gain	40	29	-105.94
gain	29	41	-108.61
gain	41	29	-107.06
gain	29	42	-94.74
gain	42	29	-95.17
gain	29	43	-93.60
gain	43	29	-98.82
gain	29	44	-96.57
gain	44	29	-98.29
gain	29	45	-105.33
gain	45	29	-107.15
gain	29	46	-109.26
gain	46	29	-115.10
gain	29	47	-103.04
gain	47	29	-102.76
gain	29	48	-115.81
gain	48	29	-118.30
gain	30	31	-93.38
gain	31	30	-88.95
gain	30	32	-99.60
gain	32	30	-95.53
gain	30	33	-104.07
gain	33	30	-105.58
gain	30	34	-108.97
gain	34	30	-109.31
gain	30	35	-108.40
gain	35	30	-109.49
gain	30	36	-88.74
gain	36	30	-88.32
gain	30	37	-91.45
gain	37	30	-88.17
gain	30	38	-90.21
gain	38	30	-84.94
gain	30	39	-99.85
gain	39	30	-97.74
gain	30	40	-104.64
gain	40	30	-100.55
gain	30	41	-104.38
gain	41	30	-98.92
gain	30	42	-99.18
gain	42	30	-95.70
gain	30	43	-102.76
gain	43	30	-104.07
gain	30	44	-96.59
gain	44	30	-94.40
gain	30	45	-102.78
gain	45	30	-100.70
gain	30	46	-106.51
gain	46	30	-108.45
gain	30	47	-108.39
gain	47	30	-104.21
gain	30	48	-108.80
gain	48	30	-107.39
gain	31	32	-88.23
gain	32	31	-88.60
gain	31	33	-95.06
gain	33	31	-101.01
gain	31	34	-98.91
gain	34	31	-103.69
gain	31	35	-96.65
gain	35	31	-102.18
gain	31	36	-94.86
gain	36	31	-98.88
gain	31	37	-93.30
gain	37	31	-94.45
gain	31	38	-82.47
gain	38	31	-81.65
gain	31	39	-85.47
gain	39	31	-87.79
gain	31	40	-98.82
gain	40	31	-99.17
gain	31	41	-95.15
gain	41	31	-94.12
gain	31	42	-99.44
gain	42	31	-100.40
gain	31	43	-103.97
gain	43	31	-109.71
gain	31	44	-95.98
gain	44	31	-98.23
gain	31	45	-94.28
gain	45	31	-96.64
gain	31	46	-96.60
gain	46	31	-102.98
gain	31	47	-99.30
gain	47	31	-99.56
gain	31	48	-99.12
gain	48	31	-102.14
gain	32	33	-88.26
gain	33	32	-93.85
gain	32	34	-91.61
gain	34	32	-96.01
gain	32	35	-108.87
gain	35	32	-114.03
gain	32	36	-98.68
gain	36	32	-102.32
gain	32	37	-96.04
gain	37	32	-96.83
gain	32	38	-93.80
gain	38	32	-92.60
gain	32	39	-88.58
gain	39	32	-90.54
gain	32	40	-88.15
gain	40	32	-88.13
gain	32	41	-83.90
gain	41	32	-82.51
gain	32	42	-106.68
gain	42	32	-107.27
gain	32	43	-93.35
gain	43	32	-98.73
gain	32	44	-93.57
gain	44	32	-95.45
gain	32	45	-96.44
gain	45	32	-98.42
gain	32	46	-89.34
gain	46	32	-95.35
gain	32	47	-97.19
gain	47	32	-97.07
gain	32	48	-96.10
gain	48	32	-98.76
gain	33	34	-86.72
gain	34	33	-85.54
gain	33	35	-111.64
gain	35	33	-111.22
gain	33	36	-108.21
gain	36	33	-106.27
gain	33	37	-105.96
gain	37	33	-101.16
gain	33	38	-103.76
gain	38	33	-96.98
gain	33	39	-106.48
gain	39	33	-102.85
gain	33	40	-95.56
gain	40	33	-89.95
gain	33	41	-95.82
gain	41	33	-88.84
gain	33	42	-112.12
gain	42	33	-107.13
gain	33	43	-112.39
gain	43	33	-112.18
gain	33	44	-110.30
gain	44	33	-106.60
gain	33	45	-106.05
gain	45	33	-102.46
gain	33	46	-96.33
gain	46	33	-96.76
gain	33	47	-106.36
gain	47	33	-100.67
gain	33	48	-103.10
gain	48	33	-100.17
gain	34	35	-120.03
gain	35	34	-120.78
gain	34	36	-111.58
gain	36	34	-110.82
gain	34	37	-104.50
gain	37	34	-100.88
gain	34	38	-111.54
gain	38	34	-105.94
gain	34	39	-98.33
gain	39	34	-95.88
gain	34	40	-90.82
gain	40	34	-86.39
gain	34	41	-86.21
gain	41	34	-80.41
gain	34	42	-118.33
gain	42	34	-114.51
gain	34	43	-112.14
gain	43	34	-113.11
gain	34	44	-107.46
gain	44	34	-104.93
gain	34	45	-109.98
gain	45	34	-107.56
gain	34	46	-102.39
gain	46	34	-103.99
gain	34	47	-96.33
gain	47	34	-91.81
gain	34	48	-89.77
gain	48	34	-88.02
gain	35	36	-97.33
gain	36	35	-95.82
gain	35	37	-103.85
gain	37	35	-99.47
gain	35	38	-108.19
gain	38	35	-101.83
gain	35	39	-108.94
gain	39	35	-105.74
gain	35	40	-114.67
gain	40	35	-109.49
gain	35	41	-117.08
gain	41	35	-110.52
gain	35	42	-83.68
gain	42	35	-79.10
gain	35	43	-93.38
gain	43	35	-93.60
gain	35	44	-102.58
gain	44	35	-99.30
gain	35	45	-111.34
gain	45	35	-108.17
gain	35	46	-111.14
gain	46	35	-111.99
gain	35	47	-116.97
gain	47	35	-111.70
gain	35	48	-119.37
gain	48	35	-116.86
gain	36	37	-91.63
gain	37	36	-88.77
gain	36	38	-93.03
gain	38	36	-88.19
gain	36	39	-101.03
gain	39	36	-99.34
gain	36	40	-107.45
gain	40	36	-103.78
gain	36	41	-112.65
gain	41	36	-107.61
gain	36	42	-96.79
gain	42	36	-93.73
gain	36	43	-88.43
gain	43	36	-90.16
gain	36	44	-92.43
gain	44	36	-90.66
gain	36	45	-103.05
gain	45	36	-101.39
gain	36	46	-107.75
gain	46	36	-110.11
gain	36	47	-101.47
gain	47	36	-97.71
gain	36	48	-108.62
gain	48	36	-107.63
gain	37	38	-79.68
gain	38	37	-77.70
gain	37	39	-91.37
gain	39	37	-92.55
gain	37	40	-100.99
gain	40	37	-100.18
gain	37	41	-109.68
gain	41	37	-107.50
gain	37	42	-97.44
gain	42	37	-97.25
gain	37	43	-92.01
gain	43	37	-96.61
gain	37	44	-91.49
gain	44	37	-92.59
gain	37	45	-95.98
gain	45	37	-97.18
gain	37	46	-100.49
gain	46	37	-105.72
gain	37	47	-99.68
gain	47	37	-98.78
gain	37	48	-108.84
gain	48	37	-110.71
gain	38	39	-89.29
gain	39	38	-92.44
gain	38	40	-96.29
gain	40	38	-97.47
gain	38	41	-99.05
gain	41	38	-98.85
gain	38	42	-96.88
gain	42	38	-98.66
gain	38	43	-93.84
gain	43	38	-100.41
gain	38	44	-93.30
gain	44	38	-96.38
gain	38	45	-95.50
gain	45	38	-98.68
gain	38	46	-94.20
gain	46	38	-101.40
gain	38	47	-99.97
gain	47	38	-101.05
gain	38	48	-96.90
gain	48	38	-100.74
gain	39	40	-95.21
gain	40	39	-93.23
gain	39	41	-95.55
gain	41	39	-92.20
gain	39	42	-109.41
gain	42	39	-108.04
gain	39	43	-95.16
gain	43	39	-98.58
gain	39	44	-90.50
gain	44	39	-90.42
gain	39	45	-84.82
gain	45	39	-84.85
gain	39	46	-88.20
gain	46	39	-92.25
gain	39	47	-94.19
gain	47	39	-92.12
gain	39	48	-104.63
gain	48	39	-105.32
gain	40	41	-75.12
gain	41	40	-73.74
gain	40	42	-105.05
gain	42	40	-105.66
gain	40	43	-106.28
gain	43	40	-111.68
gain	40	44	-103.86
gain	44	40	-105.76
gain	40	45	-99.48
gain	45	40	-101.49
gain	40	46	-89.70
gain	46	40	-95.73
gain	40	47	-83.19
gain	47	40	-83.10
gain	40	48	-85.85
gain	48	40	-88.52
gain	41	42	-112.54
gain	42	41	-114.52
gain	41	43	-97.71
gain	43	41	-104.49
gain	41	44	-100.67
gain	44	41	-103.94
gain	41	45	-101.15
gain	45	41	-104.53
gain	41	46	-88.08
gain	46	41	-95.48
gain	41	47	-82.01
gain	47	41	-83.29
gain	41	48	-85.79
gain	48	41	-89.84
gain	42	43	-88.32
gain	43	42	-93.11
gain	42	44	-99.83
gain	44	42	-101.12
gain	42	45	-105.50
gain	45	42	-106.90
gain	42	46	-109.53
gain	46	42	-114.94
gain	42	47	-108.31
gain	47	42	-107.61
gain	42	48	-110.33
gain	48	42	-112.39
gain	43	44	-94.36
gain	44	43	-90.86
gain	43	45	-103.48
gain	45	43	-100.09
gain	43	46	-106.88
gain	46	43	-107.51
gain	43	47	-109.87
gain	47	43	-104.38
gain	43	48	-110.75
gain	48	43	-108.03
gain	44	45	-91.89
gain	45	44	-92.00
gain	44	46	-102.14
gain	46	44	-106.26
gain	44	47	-100.42
gain	47	44	-98.43
gain	44	48	-108.25
gain	48	44	-109.02
gain	45	46	-88.67
gain	46	45	-92.69
gain	45	47	-96.05
gain	47	45	-93.95
gain	45	48	-102.02
gain	48	45	-102.69
gain	46	47	-86.94
gain	47	46	-80.82
gain	46	48	-94.90
gain	48	46	-91.55
gain	47	48	-86.75
gain	48	47	-89.52
noise	0	-104.74	4.00
noise	1	-106.35	4.00
noise	2	-106.78	4.00
noise	3	-106.63	4.00
noise	4	-102.47	4.00
noise	5	-106.01	4.00
noise	6	-104.92	4.00
noise	7	-103.37	4.00
noise	8	-108.13	4.00
noise	9	-103.76	4.00
noise	10	-101.89	4.00
noise	11	-101.64	4.00
noise	12	-103.61	4.00
noise	13	-104.11	4.00
noise	14	-103.01	4.00
noise	15	-105.23	4.00
noise	16	-103.67	4.00
noise	17	-106.90	4.00
noise	18	-104.97	4.00
noise	19	-104.12	4.00
noise	20	-105.28	4.00
noise	21	-103.75	4.00
noise	22	-104.39	4.00
noise	23	-109.89	4.00
noise	24	-105.37	4.00
noise	25	-106.12	4.00
noise	26	-108.14	4.00
noise	27	-101.75	4.00
noise	28	-101.63	4.00
noise	29	-106.12	4.00
noise	30	-103.43	4.00
noise	31	-108.35	4.00
noise	32	-107.69	4.00
noise	33	-104.45	4.00
noise	34	-102.61	4.00
noise	35	-100.80	4.00
noise	36	-107.12	4.00
noise	37	-104.51	4.00
noise	38	-106.17	4.00
noise	39	-105.83	4.00
noise	40	-106.86	4.00
noise	41	-107.88	4.00
noise	42	-106.75	4.00
noise	43	-103.41	4.00
noise	44	-103.69	4.00
noise	45	-106.84	4.00
noise	46	-102.98	4.00
noise	47	-110.22	4.00
noise	48	-105.28	4.00
