gain	0	1	-92.36
gain	1	0	-96.77
gain	0	2	-80.87
gain	2	0	-87.33
gain	0	3	-78.62
gain	3	0	-82.17
gain	0	4	-85.20
gain	4	0	-89.88
gain	0	5	-77.80
gain	5	0	-82.65
gain	0	6	-84.74
gain	6	0	-84.55
gain	0	7	-76.86
gain	7	0	-76.01
gain	0	8	-69.00
gain	8	0	-72.26
gain	0	9	-87.57
gain	9	0	-91.92
gain	0	10	-89.32
gain	10	0	-87.95
gain	0	11	-72.57
gain	11	0	-76.64
gain	0	12	-80.35
gain	12	0	-82.69
gain	0	13	-79.52
gain	13	0	-80.04
gain	0	14	-78.02
gain	14	0	-74.77
gain	0	15	-93.98
gain	15	0	-96.38
gain	0	16	-81.64
gain	16	0	-80.75
gain	0	17	-73.77
gain	17	0	-72.99
gain	0	18	-82.03
gain	18	0	-82.53
gain	0	19	-81.02
gain	19	0	-87.47
gain	0	20	-88.44
gain	20	0	-91.35
gain	0	21	-78.57
gain	21	0	-77.83
gain	0	22	-81.64
gain	22	0	-89.37
gain	0	23	-69.76
gain	23	0	-75.27
gain	0	24	-79.20
gain	24	0	-78.81
gain	0	25	-80.00
gain	25	0	-78.91
gain	0	26	-83.48
gain	26	0	-84.79
gain	0	27	-86.10
gain	27	0	-86.75
gain	0	28	-83.37
gain	28	0	-81.28
gain	0	29	-88.33
gain	29	0	-91.90
gain	0	30	-86.59
gain	30	0	-87.35
gain	0	31	-88.93
gain	31	0	-82.78
gain	0	32	-83.47
gain	32	0	-83.42
gain	0	33	-89.75
gain	33	0	-96.68
gain	0	34	-61.15
gain	34	0	-65.01
gain	0	35	-86.72
gain	35	0	-86.59
gain	0	36	-84.39
gain	36	0	-87.39
gain	0	37	-76.46
gain	37	0	-82.13
gain	0	38	-89.31
gain	38	0	-91.89
gain	0	39	-85.15
gain	39	0	-90.27
gain	0	40	-75.15
gain	40	0	-83.17
gain	0	41	-82.57
gain	41	0	-84.73
gain	0	42	-74.07
gain	42	0	-75.50
gain	0	43	-86.38
gain	43	0	-85.88
gain	0	44	-83.04
gain	44	0	-84.55
gain	0	45	-65.59
gain	45	0	-61.05
gain	0	46	-79.06
gain	46	0	-80.98
gain	0	47	-70.73
gain	47	0	-66.84
gain	0	48	-83.31
gain	48	0	-86.96
gain	1	2	-83.01
gain	2	1	-85.06
gain	1	3	-80.83
gain	3	1	-79.97
gain	1	4	-77.44
gain	4	1	-77.71
gain	1	5	-88.01
gain	5	1	-88.45
gain	1	6	-74.67
gain	6	1	-70.07
gain	1	7	-88.57
gain	7	1	-83.31
gain	1	8	-87.69
gain	8	1	-86.53
gain	1	9	-81.63
gain	9	1	-81.57
gain	1	10	-86.39
gain	10	1	-80.61
gain	1	11	-87.84
gain	11	1	-87.50
gain	1	12	-87.70
gain	12	1	-85.63
gain	1	13	-78.25
gain	13	1	-74.37
gain	1	14	-93.88
gain	14	1	-86.22
gain	1	15	-77.42
gain	15	1	-75.40
gain	1	16	-85.94
gain	16	1	-80.63
gain	1	17	-92.31
gain	17	1	-87.13
gain	1	18	-86.30
gain	18	1	-82.38
gain	1	19	-80.65
gain	19	1	-82.68
gain	1	20	-89.85
gain	20	1	-88.35
gain	1	21	-87.63
gain	21	1	-82.48
gain	1	22	-84.78
gain	22	1	-88.10
gain	1	23	-89.64
gain	23	1	-90.73
gain	1	24	-89.34
gain	24	1	-84.54
gain	1	25	-80.91
gain	25	1	-75.41
gain	1	26	-83.89
gain	26	1	-80.79
gain	1	27	-73.54
gain	27	1	-69.77
gain	1	28	-86.85
gain	28	1	-80.35
gain	1	29	-62.54
gain	29	1	-61.70
gain	1	30	-68.80
gain	30	1	-65.15
gain	1	31	-76.89
gain	31	1	-66.33
gain	1	32	-84.02
gain	32	1	-79.55
gain	1	33	-69.61
gain	33	1	-72.13
gain	1	34	-96.28
gain	34	1	-95.73
gain	1	35	-74.74
gain	35	1	-70.20
gain	1	36	-71.28
gain	36	1	-69.87
gain	1	37	-89.98
gain	37	1	-91.24
gain	1	38	-76.05
gain	38	1	-74.22
gain	1	39	-80.41
gain	39	1	-81.13
gain	1	40	-85.18
gain	40	1	-88.79
gain	1	41	-93.10
gain	41	1	-90.84
gain	1	42	-87.65
gain	42	1	-84.68
gain	1	43	-83.46
gain	43	1	-78.54
gain	1	44	-82.82
gain	44	1	-79.92
gain	1	45	-86.68
gain	45	1	-77.73
gain	1	46	-90.38
gain	46	1	-87.90
gain	1	47	-90.68
gain	47	1	-82.38
gain	1	48	-82.97
gain	48	1	-82.20
gain	2	3	-82.32
gain	3	2	-79.42
gain	2	4	-81.90
gain	4	2	-80.12
gain	2	5	-89.71
gain	5	2	-88.10
gain	2	6	-77.50
gain	6	2	-70.86
gain	2	7	-87.45
gain	7	2	-80.13
gain	2	8	-79.72
gain	8	2	-76.51
gain	2	9	-73.16
gain	9	2	-71.05
gain	2	10	-89.13
gain	10	2	-81.29
gain	2	11	-90.44
gain	11	2	-88.05
gain	2	12	-76.16
gain	12	2	-72.05
gain	2	13	-69.54
gain	13	2	-63.61
gain	2	14	-82.74
gain	14	2	-73.02
gain	2	15	-82.55
gain	15	2	-78.48
gain	2	16	-67.65
gain	16	2	-60.29
gain	2	17	-82.59
gain	17	2	-75.36
gain	2	18	-82.33
gain	18	2	-76.37
gain	2	19	-69.20
gain	19	2	-69.19
gain	2	20	-89.82
gain	20	2	-86.26
gain	2	21	-90.66
gain	21	2	-83.46
gain	2	22	-90.56
gain	22	2	-91.83
gain	2	23	-82.33
gain	23	2	-81.37
gain	2	24	-83.39
gain	24	2	-76.53
gain	2	25	-55.97
gain	25	2	-48.41
gain	2	26	-83.29
gain	26	2	-78.14
gain	2	27	-89.15
gain	27	2	-83.33
gain	2	28	-90.11
gain	28	2	-81.56
gain	2	29	-83.04
gain	29	2	-80.14
gain	2	30	-73.30
gain	30	2	-67.60
gain	2	31	-87.08
gain	31	2	-74.47
gain	2	32	-84.88
gain	32	2	-78.37
gain	2	33	-78.70
gain	33	2	-79.17
gain	2	34	-83.21
gain	34	2	-80.60
gain	2	35	-88.56
gain	35	2	-81.97
gain	2	36	-75.04
gain	36	2	-71.58
gain	2	37	-81.64
gain	37	2	-80.85
gain	2	38	-82.15
gain	38	2	-78.27
gain	2	39	-74.03
gain	39	2	-72.69
gain	2	40	-75.17
gain	40	2	-76.73
gain	2	41	-86.26
gain	41	2	-81.95
gain	2	42	-77.09
gain	42	2	-72.05
gain	2	43	-84.77
gain	43	2	-77.81
gain	2	44	-74.86
gain	44	2	-69.91
gain	2	45	-81.80
gain	45	2	-70.81
gain	2	46	-93.32
gain	46	2	-88.79
gain	2	47	-74.41
gain	47	2	-64.06
gain	2	48	-75.26
gain	48	2	-72.45
gain	3	4	-64.83
gain	4	3	-65.95
gain	3	5	-82.52
gain	5	3	-83.81
gain	3	6	-80.20
gain	6	3	-76.46
gain	3	7	-82.42
gain	7	3	-78.00
gain	3	8	-84.30
gain	8	3	-84.00
gain	3	9	-77.78
gain	9	3	-78.57
gain	3	10	-78.31
gain	10	3	-73.38
gain	3	11	-87.22
gain	11	3	-87.73
gain	3	12	-83.10
gain	12	3	-81.88
gain	3	13	-80.84
gain	13	3	-77.81
gain	3	14	-87.62
gain	14	3	-80.81
gain	3	15	-79.21
gain	15	3	-78.05
gain	3	16	-76.36
gain	16	3	-71.91
gain	3	17	-86.73
gain	17	3	-82.40
gain	3	18	-78.32
gain	18	3	-75.26
gain	3	19	-68.27
gain	19	3	-71.16
gain	3	20	-82.25
gain	20	3	-81.60
gain	3	21	-82.24
gain	21	3	-77.94
gain	3	22	-81.13
gain	22	3	-85.31
gain	3	23	-79.47
gain	23	3	-81.41
gain	3	24	-81.29
gain	24	3	-77.34
gain	3	25	-78.36
gain	25	3	-73.71
gain	3	26	-69.55
gain	26	3	-67.30
gain	3	27	-71.79
gain	27	3	-68.87
gain	3	28	-82.65
gain	28	3	-77.00
gain	3	29	-72.62
gain	29	3	-72.63
gain	3	30	-75.65
gain	30	3	-72.85
gain	3	31	-69.44
gain	31	3	-59.73
gain	3	32	-71.54
gain	32	3	-67.93
gain	3	33	-71.54
gain	33	3	-74.92
gain	3	34	-87.29
gain	34	3	-87.59
gain	3	35	-70.91
gain	35	3	-67.23
gain	3	36	-67.10
gain	36	3	-66.54
gain	3	37	-90.83
gain	37	3	-92.94
gain	3	38	-79.62
gain	38	3	-78.64
gain	3	39	-80.32
gain	39	3	-81.89
gain	3	40	-67.16
gain	40	3	-71.62
gain	3	41	-82.74
gain	41	3	-81.34
gain	3	42	-74.61
gain	42	3	-72.49
gain	3	43	-67.97
gain	43	3	-63.91
gain	3	44	-65.90
gain	44	3	-63.86
gain	3	45	-84.22
gain	45	3	-76.13
gain	3	46	-85.12
gain	46	3	-83.49
gain	3	47	-84.34
gain	47	3	-76.90
gain	3	48	-85.25
gain	48	3	-85.34
gain	4	5	-82.68
gain	5	4	-82.85
gain	4	6	-77.39
gain	6	4	-72.52
gain	4	7	-87.74
gain	7	4	-82.20
gain	4	8	-87.60
gain	8	4	-86.18
gain	4	9	-79.70
gain	9	4	-79.37
gain	4	10	-84.99
gain	10	4	-78.93
gain	4	11	-88.25
gain	11	4	-87.64
gain	4	12	-72.38
gain	12	4	-70.05
gain	4	13	-73.16
gain	13	4	-69.00
gain	4	14	-83.94
gain	14	4	-76.01
gain	4	15	-82.57
gain	15	4	-80.28
gain	4	16	-73.76
gain	16	4	-68.19
gain	4	17	-91.36
gain	17	4	-85.91
gain	4	18	-79.25
gain	18	4	-75.07
gain	4	19	-60.60
gain	19	4	-62.37
gain	4	20	-85.80
gain	20	4	-84.03
gain	4	21	-81.18
gain	21	4	-75.76
gain	4	22	-80.70
gain	22	4	-83.75
gain	4	23	-78.47
gain	23	4	-79.29
gain	4	24	-83.27
gain	24	4	-78.20
gain	4	25	-81.59
gain	25	4	-75.81
gain	4	26	-76.73
gain	26	4	-73.36
gain	4	27	-78.68
gain	27	4	-74.64
gain	4	28	-81.12
gain	28	4	-74.35
gain	4	29	-72.33
gain	29	4	-71.22
gain	4	30	-68.21
gain	30	4	-64.28
gain	4	31	-78.58
gain	31	4	-67.75
gain	4	32	-73.58
gain	32	4	-68.85
gain	4	33	-71.06
gain	33	4	-73.31
gain	4	34	-81.74
gain	34	4	-80.92
gain	4	35	-78.44
gain	35	4	-73.64
gain	4	36	-61.35
gain	36	4	-59.68
gain	4	37	-85.86
gain	37	4	-86.86
gain	4	38	-76.27
gain	38	4	-74.16
gain	4	39	-69.51
gain	39	4	-69.95
gain	4	40	-76.57
gain	40	4	-79.91
gain	4	41	-86.03
gain	41	4	-83.50
gain	4	42	-77.57
gain	42	4	-74.32
gain	4	43	-77.69
gain	43	4	-72.50
gain	4	44	-63.32
gain	44	4	-60.16
gain	4	45	-87.32
gain	45	4	-78.11
gain	4	46	-92.26
gain	46	4	-89.51
gain	4	47	-85.69
gain	47	4	-77.12
gain	4	48	-79.76
gain	48	4	-78.73
gain	5	6	-88.34
gain	6	5	-83.30
gain	5	7	-58.81
gain	7	5	-53.10
gain	5	8	-85.10
gain	8	5	-83.50
gain	5	9	-91.86
gain	9	5	-91.36
gain	5	10	-87.27
gain	10	5	-81.05
gain	5	11	-66.57
gain	11	5	-65.79
gain	5	12	-90.54
gain	12	5	-88.04
gain	5	13	-86.89
gain	13	5	-82.57
gain	5	14	-91.42
gain	14	5	-83.31
gain	5	15	-95.50
gain	15	5	-93.05
gain	5	16	-86.26
gain	16	5	-80.52
gain	5	17	-87.28
gain	17	5	-81.66
gain	5	18	-73.74
gain	18	5	-69.38
gain	5	19	-83.83
gain	19	5	-85.43
gain	5	20	-77.06
gain	20	5	-75.12
gain	5	21	-89.51
gain	21	5	-83.91
gain	5	22	-69.79
gain	22	5	-72.67
gain	5	23	-75.00
gain	23	5	-75.65
gain	5	24	-64.13
gain	24	5	-58.88
gain	5	25	-86.06
gain	25	5	-80.12
gain	5	26	-80.48
gain	26	5	-76.94
gain	5	27	-87.38
gain	27	5	-83.17
gain	5	28	-83.59
gain	28	5	-76.65
gain	5	29	-91.60
gain	29	5	-90.31
gain	5	30	-91.17
gain	30	5	-87.07
gain	5	31	-84.29
gain	31	5	-73.28
gain	5	32	-77.57
gain	32	5	-72.66
gain	5	33	-89.20
gain	33	5	-91.29
gain	5	34	-83.91
gain	34	5	-82.92
gain	5	35	-86.09
gain	35	5	-81.12
gain	5	36	-82.75
gain	36	5	-80.90
gain	5	37	-96.17
gain	37	5	-96.98
gain	5	38	-90.46
gain	38	5	-88.18
gain	5	39	-91.74
gain	39	5	-92.01
gain	5	40	-79.84
gain	40	5	-83.00
gain	5	41	-72.00
gain	41	5	-69.30
gain	5	42	-80.44
gain	42	5	-77.02
gain	5	43	-80.77
gain	43	5	-75.42
gain	5	44	-84.90
gain	44	5	-81.56
gain	5	45	-87.23
gain	45	5	-77.85
gain	5	46	-66.09
gain	46	5	-63.17
gain	5	47	-86.24
gain	47	5	-77.50
gain	5	48	-93.67
gain	48	5	-92.46
gain	6	7	-92.41
gain	7	6	-91.74
gain	6	8	-84.91
gain	8	6	-88.36
gain	6	9	-72.03
gain	9	6	-76.56
gain	6	10	-87.27
gain	10	6	-86.09
gain	6	11	-89.67
gain	11	6	-93.92
gain	6	12	-68.40
gain	12	6	-70.93
gain	6	13	-63.64
gain	13	6	-64.36
gain	6	14	-80.91
gain	14	6	-77.84
gain	6	15	-53.29
gain	15	6	-55.87
gain	6	16	-76.37
gain	16	6	-75.66
gain	6	17	-84.89
gain	17	6	-84.31
gain	6	18	-84.67
gain	18	6	-85.35
gain	6	19	-75.87
gain	19	6	-82.50
gain	6	20	-86.15
gain	20	6	-89.25
gain	6	21	-82.72
gain	21	6	-82.17
gain	6	22	-83.67
gain	22	6	-91.59
gain	6	23	-82.06
gain	23	6	-87.75
gain	6	24	-84.68
gain	24	6	-84.48
gain	6	25	-72.48
gain	25	6	-71.58
gain	6	26	-80.23
gain	26	6	-81.73
gain	6	27	-79.41
gain	27	6	-80.24
gain	6	28	-79.05
gain	28	6	-77.15
gain	6	29	-60.53
gain	29	6	-64.29
gain	6	30	-60.87
gain	30	6	-61.81
gain	6	31	-77.07
gain	31	6	-71.10
gain	6	32	-88.49
gain	32	6	-88.62
gain	6	33	-73.89
gain	33	6	-81.01
gain	6	34	-84.63
gain	34	6	-88.67
gain	6	35	-83.26
gain	35	6	-83.32
gain	6	36	-69.88
gain	36	6	-73.07
gain	6	37	-78.96
gain	37	6	-84.82
gain	6	38	-62.42
gain	38	6	-65.18
gain	6	39	-56.04
gain	39	6	-61.35
gain	6	40	-81.63
gain	40	6	-89.83
gain	6	41	-83.15
gain	41	6	-85.49
gain	6	42	-81.89
gain	42	6	-83.51
gain	6	43	-82.84
gain	43	6	-82.53
gain	6	44	-75.83
gain	44	6	-77.53
gain	6	45	-87.64
gain	45	6	-83.29
gain	6	46	-90.24
gain	46	6	-92.35
gain	6	47	-78.33
gain	47	6	-74.62
gain	6	48	-68.80
gain	48	6	-72.63
gain	7	8	-83.72
gain	8	7	-87.84
gain	7	9	-86.33
gain	9	7	-91.54
gain	7	10	-72.72
gain	10	7	-72.20
gain	7	11	-68.89
gain	11	7	-73.82
gain	7	12	-86.85
gain	12	7	-90.06
gain	7	13	-82.55
gain	13	7	-83.94
gain	7	14	-83.00
gain	14	7	-80.60
gain	7	15	-83.57
gain	15	7	-86.83
gain	7	16	-81.23
gain	16	7	-81.19
gain	7	17	-86.65
gain	17	7	-86.73
gain	7	18	-70.17
gain	18	7	-71.52
gain	7	19	-80.61
gain	19	7	-87.92
gain	7	20	-64.89
gain	20	7	-68.66
gain	7	21	-87.37
gain	21	7	-87.49
gain	7	22	-60.81
gain	22	7	-69.39
gain	7	23	-66.44
gain	23	7	-72.80
gain	7	24	-67.62
gain	24	7	-68.08
gain	7	25	-80.78
gain	25	7	-80.54
gain	7	26	-77.60
gain	26	7	-79.77
gain	7	27	-78.74
gain	27	7	-80.24
gain	7	28	-83.18
gain	28	7	-81.94
gain	7	29	-81.20
gain	29	7	-85.63
gain	7	30	-84.75
gain	30	7	-86.36
gain	7	31	-77.62
gain	31	7	-72.33
gain	7	32	-75.49
gain	32	7	-76.29
gain	7	33	-85.45
gain	33	7	-93.24
gain	7	34	-83.13
gain	34	7	-87.85
gain	7	35	-70.32
gain	35	7	-71.05
gain	7	36	-79.96
gain	36	7	-83.82
gain	7	37	-84.28
gain	37	7	-90.81
gain	7	38	-86.59
gain	38	7	-90.03
gain	7	39	-81.50
gain	39	7	-87.47
gain	7	40	-74.09
gain	40	7	-82.96
gain	7	41	-59.03
gain	41	7	-62.04
gain	7	42	-77.91
gain	42	7	-80.20
gain	7	43	-75.91
gain	43	7	-76.27
gain	7	44	-78.36
gain	44	7	-80.74
gain	7	45	-81.15
gain	45	7	-77.47
gain	7	46	-57.91
gain	46	7	-60.69
gain	7	47	-79.04
gain	47	7	-76.01
gain	7	48	-83.24
gain	48	7	-87.74
gain	8	9	-85.10
gain	9	8	-86.20
gain	8	10	-94.93
gain	10	8	-90.30
gain	8	11	-87.07
gain	11	8	-87.89
gain	8	12	-82.38
gain	12	8	-81.47
gain	8	13	-87.16
gain	13	8	-84.43
gain	8	14	-72.36
gain	14	8	-65.85
gain	8	15	-90.28
gain	15	8	-89.42
gain	8	16	-82.02
gain	16	8	-77.87
gain	8	17	-71.63
gain	17	8	-67.61
gain	8	18	-87.03
gain	18	8	-84.27
gain	8	19	-81.04
gain	19	8	-84.23
gain	8	20	-92.29
gain	20	8	-91.94
gain	8	21	-75.53
gain	21	8	-71.53
gain	8	22	-91.63
gain	22	8	-96.10
gain	8	23	-84.19
gain	23	8	-86.44
gain	8	24	-88.58
gain	24	8	-84.94
gain	8	25	-82.57
gain	25	8	-78.22
gain	8	26	-85.24
gain	26	8	-83.29
gain	8	27	-90.65
gain	27	8	-88.04
gain	8	28	-91.75
gain	28	8	-86.40
gain	8	29	-86.26
gain	29	8	-86.57
gain	8	30	-87.98
gain	30	8	-85.48
gain	8	31	-82.41
gain	31	8	-73.00
gain	8	32	-90.02
gain	32	8	-86.71
gain	8	33	-92.27
gain	33	8	-95.95
gain	8	34	-59.22
gain	34	8	-59.82
gain	8	35	-91.76
gain	35	8	-88.38
gain	8	36	-91.84
gain	36	8	-91.59
gain	8	37	-72.26
gain	37	8	-74.67
gain	8	38	-95.20
gain	38	8	-94.52
gain	8	39	-89.01
gain	39	8	-90.87
gain	8	40	-79.95
gain	40	8	-84.71
gain	8	41	-92.39
gain	41	8	-91.29
gain	8	42	-73.40
gain	42	8	-71.57
gain	8	43	-83.31
gain	43	8	-79.55
gain	8	44	-86.23
gain	44	8	-84.49
gain	8	45	-61.93
gain	45	8	-54.14
gain	8	46	-87.74
gain	46	8	-86.41
gain	8	47	-73.67
gain	47	8	-66.53
gain	8	48	-86.65
gain	48	8	-87.04
gain	9	10	-90.12
gain	10	9	-84.39
gain	9	11	-91.61
gain	11	9	-91.32
gain	9	12	-65.96
gain	12	9	-63.95
gain	9	13	-61.31
gain	13	9	-57.48
gain	9	14	-86.03
gain	14	9	-78.43
gain	9	15	-81.08
gain	15	9	-79.12
gain	9	16	-69.89
gain	16	9	-64.65
gain	9	17	-82.28
gain	17	9	-77.15
gain	9	18	-87.84
gain	18	9	-83.99
gain	9	19	-77.13
gain	19	9	-79.23
gain	9	20	-93.02
gain	20	9	-91.58
gain	9	21	-78.35
gain	21	9	-73.26
gain	9	22	-83.88
gain	22	9	-87.26
gain	9	23	-86.89
gain	23	9	-88.04
gain	9	24	-86.00
gain	24	9	-81.26
gain	9	25	-65.27
gain	25	9	-59.83
gain	9	26	-88.55
gain	26	9	-85.51
gain	9	27	-90.72
gain	27	9	-87.02
gain	9	28	-91.49
gain	28	9	-85.04
gain	9	29	-78.30
gain	29	9	-77.52
gain	9	30	-67.09
gain	30	9	-63.49
gain	9	31	-83.50
gain	31	9	-73.00
gain	9	32	-84.50
gain	32	9	-80.10
gain	9	33	-84.13
gain	33	9	-86.72
gain	9	34	-81.04
gain	34	9	-80.55
gain	9	35	-89.66
gain	35	9	-85.19
gain	9	36	-75.38
gain	36	9	-74.03
gain	9	37	-86.66
gain	37	9	-87.98
gain	9	38	-81.35
gain	38	9	-79.58
gain	9	39	-72.15
gain	39	9	-72.92
gain	9	40	-78.32
gain	40	9	-81.98
gain	9	41	-89.09
gain	41	9	-86.89
gain	9	42	-80.40
gain	42	9	-77.48
gain	9	43	-91.95
gain	43	9	-87.10
gain	9	44	-74.74
gain	44	9	-71.91
gain	9	45	-82.76
gain	45	9	-73.88
gain	9	46	-86.27
gain	46	9	-83.85
gain	9	47	-79.23
gain	47	9	-70.99
gain	9	48	-61.77
gain	48	9	-61.06
gain	10	11	-78.87
gain	11	10	-84.32
gain	10	12	-85.51
gain	12	10	-89.22
gain	10	13	-83.93
gain	13	10	-85.83
gain	10	14	-91.50
gain	14	10	-89.61
gain	10	15	-84.01
gain	15	10	-87.78
gain	10	16	-86.51
gain	16	10	-86.99
gain	10	17	-87.68
gain	17	10	-88.28
gain	10	18	-81.50
gain	18	10	-83.37
gain	10	19	-80.85
gain	19	10	-88.67
gain	10	20	-60.79
gain	20	10	-65.07
gain	10	21	-85.18
gain	21	10	-85.81
gain	10	22	-77.83
gain	22	10	-86.93
gain	10	23	-79.69
gain	23	10	-86.56
gain	10	24	-77.18
gain	24	10	-78.16
gain	10	25	-86.14
gain	25	10	-86.41
gain	10	26	-70.70
gain	26	10	-73.38
gain	10	27	-70.61
gain	27	10	-72.63
gain	10	28	-45.94
gain	28	10	-45.23
gain	10	29	-85.27
gain	29	10	-90.21
gain	10	30	-78.49
gain	30	10	-80.62
gain	10	31	-71.10
gain	31	10	-66.32
gain	10	32	-68.57
gain	32	10	-69.89
gain	10	33	-75.07
gain	33	10	-83.38
gain	10	34	-89.88
gain	34	10	-95.11
gain	10	35	-71.41
gain	35	10	-72.65
gain	10	36	-81.63
gain	36	10	-86.00
gain	10	37	-90.41
gain	37	10	-97.45
gain	10	38	-78.26
gain	38	10	-82.21
gain	10	39	-85.96
gain	39	10	-92.45
gain	10	40	-79.18
gain	40	10	-88.57
gain	10	41	-74.42
gain	41	10	-77.95
gain	10	42	-87.05
gain	42	10	-89.86
gain	10	43	-73.26
gain	43	10	-74.13
gain	10	44	-81.38
gain	44	10	-84.27
gain	10	45	-84.37
gain	45	10	-81.20
gain	10	46	-79.45
gain	46	10	-82.75
gain	10	47	-85.69
gain	47	10	-83.17
gain	10	48	-84.76
gain	48	10	-89.77
gain	11	12	-90.18
gain	12	11	-88.45
gain	11	13	-93.49
gain	13	11	-89.95
gain	11	14	-87.97
gain	14	11	-80.65
gain	11	15	-89.93
gain	15	11	-88.26
gain	11	16	-87.60
gain	16	11	-82.63
gain	11	17	-90.21
gain	17	11	-85.37
gain	11	18	-72.53
gain	18	11	-68.96
gain	11	19	-83.86
gain	19	11	-86.23
gain	11	20	-84.48
gain	20	11	-83.32
gain	11	21	-85.48
gain	21	11	-80.67
gain	11	22	-76.63
gain	22	11	-80.29
gain	11	23	-70.67
gain	23	11	-72.10
gain	11	24	-68.77
gain	24	11	-64.31
gain	11	25	-84.89
gain	25	11	-79.72
gain	11	26	-80.82
gain	26	11	-78.06
gain	11	27	-90.95
gain	27	11	-87.52
gain	11	28	-86.90
gain	28	11	-80.74
gain	11	29	-92.86
gain	29	11	-92.36
gain	11	30	-86.72
gain	30	11	-83.41
gain	11	31	-84.88
gain	31	11	-74.66
gain	11	32	-80.36
gain	32	11	-76.23
gain	11	33	-84.33
gain	33	11	-87.19
gain	11	34	-89.93
gain	34	11	-89.72
gain	11	35	-88.29
gain	35	11	-84.09
gain	11	36	-92.32
gain	36	11	-91.26
gain	11	37	-83.62
gain	37	11	-85.22
gain	11	38	-89.13
gain	38	11	-87.64
gain	11	39	-92.71
gain	39	11	-93.76
gain	11	40	-77.82
gain	40	11	-81.77
gain	11	41	-79.02
gain	41	11	-77.10
gain	11	42	-85.01
gain	42	11	-82.37
gain	11	43	-77.00
gain	43	11	-72.42
gain	11	44	-82.11
gain	44	11	-79.56
gain	11	45	-84.25
gain	45	11	-75.64
gain	11	46	-62.22
gain	46	11	-60.08
gain	11	47	-82.04
gain	47	11	-74.08
gain	11	48	-88.61
gain	48	11	-88.18
gain	12	13	-70.16
gain	13	12	-68.34
gain	12	14	-82.27
gain	14	12	-76.67
gain	12	15	-80.12
gain	15	12	-80.17
gain	12	16	-77.26
gain	16	12	-74.03
gain	12	17	-80.85
gain	17	12	-77.74
gain	12	18	-95.13
gain	18	12	-93.28
gain	12	19	-81.94
gain	19	12	-86.04
gain	12	20	-92.71
gain	20	12	-93.27
gain	12	21	-75.71
gain	21	12	-72.63
gain	12	22	-91.58
gain	22	12	-96.97
gain	12	23	-88.33
gain	23	12	-91.49
gain	12	24	-88.83
gain	24	12	-86.09
gain	12	25	-65.56
gain	25	12	-62.12
gain	12	26	-88.21
gain	26	12	-87.17
gain	12	27	-82.57
gain	27	12	-80.87
gain	12	28	-88.70
gain	28	12	-84.27
gain	12	29	-84.98
gain	29	12	-86.21
gain	12	30	-79.26
gain	30	12	-77.67
gain	12	31	-82.91
gain	31	12	-74.42
gain	12	32	-85.75
gain	32	12	-83.35
gain	12	33	-83.63
gain	33	12	-88.23
gain	12	34	-83.17
gain	34	12	-84.69
gain	12	35	-83.06
gain	35	12	-80.59
gain	12	36	-79.27
gain	36	12	-79.93
gain	12	37	-71.57
gain	37	12	-74.90
gain	12	38	-84.29
gain	38	12	-84.52
gain	12	39	-78.03
gain	39	12	-80.81
gain	12	40	-80.20
gain	40	12	-85.87
gain	12	41	-91.24
gain	41	12	-91.05
gain	12	42	-79.38
gain	42	12	-78.47
gain	12	43	-86.21
gain	43	12	-83.37
gain	12	44	-80.78
gain	44	12	-79.95
gain	12	45	-77.27
gain	45	12	-70.40
gain	12	46	-85.66
gain	46	12	-85.24
gain	12	47	-79.77
gain	47	12	-73.54
gain	12	48	-64.95
gain	48	12	-66.25
gain	13	14	-80.51
gain	14	13	-76.73
gain	13	15	-73.95
gain	15	13	-75.82
gain	13	16	-73.19
gain	16	13	-71.77
gain	13	17	-82.09
gain	17	13	-80.79
gain	13	18	-85.92
gain	18	13	-85.89
gain	13	19	-69.68
gain	19	13	-75.60
gain	13	20	-84.75
gain	20	13	-87.13
gain	13	21	-81.74
gain	21	13	-80.47
gain	13	22	-84.44
gain	22	13	-91.65
gain	13	23	-78.95
gain	23	13	-83.92
gain	13	24	-80.84
gain	24	13	-79.93
gain	13	25	-67.25
gain	25	13	-65.63
gain	13	26	-75.25
gain	26	13	-76.03
gain	13	27	-76.33
gain	27	13	-76.44
gain	13	28	-84.92
gain	28	13	-82.30
gain	13	29	-63.41
gain	29	13	-66.45
gain	13	30	-56.91
gain	30	13	-57.13
gain	13	31	-79.61
gain	31	13	-72.93
gain	13	32	-82.48
gain	32	13	-81.90
gain	13	33	-76.81
gain	33	13	-83.22
gain	13	34	-87.64
gain	34	13	-90.97
gain	13	35	-73.72
gain	35	13	-73.06
gain	13	36	-64.18
gain	36	13	-66.65
gain	13	37	-80.63
gain	37	13	-85.77
gain	13	38	-73.42
gain	38	13	-75.47
gain	13	39	-58.10
gain	39	13	-62.69
gain	13	40	-75.47
gain	40	13	-82.96
gain	13	41	-81.79
gain	41	13	-83.41
gain	13	42	-77.04
gain	42	13	-77.95
gain	13	43	-77.74
gain	43	13	-76.71
gain	13	44	-72.27
gain	44	13	-73.26
gain	13	45	-84.40
gain	45	13	-79.34
gain	13	46	-83.83
gain	46	13	-85.23
gain	13	47	-79.81
gain	47	13	-75.39
gain	13	48	-66.63
gain	48	13	-69.75
gain	14	15	-85.78
gain	15	14	-91.43
gain	14	16	-71.13
gain	16	14	-73.49
gain	14	17	-47.23
gain	17	14	-49.71
gain	14	18	-86.51
gain	18	14	-90.26
gain	14	19	-77.68
gain	19	14	-87.38
gain	14	20	-85.96
gain	20	14	-92.12
gain	14	21	-60.26
gain	21	14	-62.77
gain	14	22	-81.21
gain	22	14	-92.19
gain	14	23	-78.67
gain	23	14	-87.43
gain	14	24	-83.13
gain	24	14	-85.99
gain	14	25	-76.18
gain	25	14	-78.33
gain	14	26	-81.99
gain	26	14	-86.55
gain	14	27	-84.84
gain	27	14	-88.74
gain	14	28	-81.14
gain	28	14	-82.30
gain	14	29	-86.57
gain	29	14	-93.39
gain	14	30	-79.39
gain	30	14	-83.40
gain	14	31	-82.49
gain	31	14	-79.59
gain	14	32	-87.58
gain	32	14	-90.78
gain	14	33	-82.75
gain	33	14	-92.94
gain	14	34	-69.40
gain	34	14	-76.51
gain	14	35	-87.30
gain	35	14	-90.43
gain	14	36	-83.32
gain	36	14	-89.57
gain	14	37	-64.92
gain	37	14	-73.84
gain	14	38	-81.96
gain	38	14	-87.79
gain	14	39	-81.87
gain	39	14	-90.24
gain	14	40	-75.93
gain	40	14	-87.20
gain	14	41	-83.63
gain	41	14	-89.03
gain	14	42	-75.95
gain	42	14	-80.63
gain	14	43	-86.64
gain	43	14	-89.39
gain	14	44	-82.94
gain	44	14	-87.71
gain	14	45	-65.49
gain	45	14	-64.21
gain	14	46	-83.79
gain	46	14	-88.96
gain	14	47	-68.01
gain	47	14	-67.38
gain	14	48	-81.67
gain	48	14	-88.57
gain	15	16	-77.94
gain	16	15	-74.65
gain	15	17	-83.74
gain	17	15	-80.57
gain	15	18	-85.99
gain	18	15	-84.09
gain	15	19	-82.92
gain	19	15	-86.97
gain	15	20	-86.18
gain	20	15	-86.69
gain	15	21	-88.21
gain	21	15	-85.07
gain	15	22	-91.59
gain	22	15	-96.93
gain	15	23	-86.36
gain	23	15	-89.46
gain	15	24	-94.12
gain	24	15	-91.33
gain	15	25	-77.04
gain	25	15	-73.55
gain	15	26	-88.00
gain	26	15	-86.91
gain	15	27	-81.59
gain	27	15	-79.84
gain	15	28	-85.43
gain	28	15	-80.94
gain	15	29	-64.63
gain	29	15	-65.80
gain	15	30	-75.65
gain	30	15	-74.01
gain	15	31	-83.19
gain	31	15	-74.64
gain	15	32	-83.52
gain	32	15	-81.07
gain	15	33	-83.14
gain	33	15	-87.68
gain	15	34	-90.19
gain	34	15	-91.66
gain	15	35	-80.83
gain	35	15	-78.30
gain	15	36	-72.88
gain	36	15	-73.49
gain	15	37	-88.97
gain	37	15	-92.24
gain	15	38	-64.23
gain	38	15	-64.41
gain	15	39	-69.34
gain	39	15	-72.07
gain	15	40	-80.75
gain	40	15	-86.37
gain	15	41	-84.09
gain	41	15	-83.85
gain	15	42	-79.94
gain	42	15	-78.98
gain	15	43	-86.57
gain	43	15	-83.67
gain	15	44	-80.42
gain	44	15	-79.54
gain	15	45	-90.57
gain	45	15	-83.64
gain	15	46	-87.99
gain	46	15	-87.52
gain	15	47	-84.91
gain	47	15	-78.62
gain	15	48	-72.90
gain	48	15	-74.15
gain	16	17	-74.21
gain	17	16	-74.33
gain	16	18	-83.57
gain	18	16	-84.95
gain	16	19	-59.49
gain	19	16	-66.83
gain	16	20	-85.36
gain	20	16	-89.16
gain	16	21	-72.86
gain	21	16	-73.01
gain	16	22	-83.40
gain	22	16	-92.02
gain	16	23	-74.44
gain	23	16	-80.83
gain	16	24	-80.61
gain	24	16	-81.11
gain	16	25	-52.25
gain	25	16	-52.05
gain	16	26	-79.68
gain	26	16	-81.88
gain	16	27	-87.31
gain	27	16	-88.84
gain	16	28	-86.74
gain	28	16	-85.54
gain	16	29	-76.05
gain	29	16	-80.51
gain	16	30	-72.71
gain	30	16	-74.36
gain	16	31	-86.97
gain	31	16	-81.71
gain	16	32	-81.72
gain	32	16	-82.56
gain	16	33	-77.80
gain	33	16	-85.63
gain	16	34	-77.15
gain	34	16	-81.90
gain	16	35	-76.54
gain	35	16	-77.30
gain	16	36	-71.93
gain	36	16	-75.82
gain	16	37	-64.25
gain	37	16	-70.82
gain	16	38	-75.75
gain	38	16	-79.21
gain	16	39	-69.73
gain	39	16	-75.75
gain	16	40	-67.32
gain	40	16	-76.23
gain	16	41	-82.37
gain	41	16	-85.42
gain	16	42	-59.03
gain	42	16	-61.35
gain	16	43	-80.61
gain	43	16	-81.00
gain	16	44	-69.94
gain	44	16	-72.35
gain	16	45	-66.93
gain	45	16	-63.28
gain	16	46	-84.02
gain	46	16	-86.83
gain	16	47	-65.36
gain	47	16	-62.36
gain	16	48	-71.84
gain	48	16	-76.38
gain	17	18	-84.16
gain	18	17	-85.43
gain	17	19	-77.18
gain	19	17	-84.40
gain	17	20	-90.37
gain	20	17	-94.05
gain	17	21	-55.45
gain	21	17	-55.48
gain	17	22	-88.91
gain	22	17	-97.42
gain	17	23	-81.79
gain	23	17	-88.07
gain	17	24	-86.10
gain	24	17	-86.48
gain	17	25	-79.49
gain	25	17	-79.17
gain	17	26	-83.42
gain	26	17	-85.50
gain	17	27	-83.13
gain	27	17	-84.55
gain	17	28	-90.99
gain	28	17	-89.67
gain	17	29	-85.63
gain	29	17	-89.97
gain	17	30	-74.73
gain	30	17	-76.26
gain	17	31	-87.54
gain	31	17	-82.16
gain	17	32	-91.76
gain	32	17	-92.48
gain	17	33	-91.15
gain	33	17	-98.86
gain	17	34	-71.35
gain	34	17	-75.98
gain	17	35	-85.14
gain	35	17	-85.79
gain	17	36	-84.88
gain	36	17	-88.65
gain	17	37	-55.38
gain	37	17	-61.82
gain	17	38	-86.58
gain	38	17	-89.92
gain	17	39	-84.52
gain	39	17	-90.42
gain	17	40	-84.94
gain	40	17	-93.73
gain	17	41	-86.06
gain	41	17	-88.98
gain	17	42	-69.77
gain	42	17	-71.97
gain	17	43	-80.98
gain	43	17	-81.25
gain	17	44	-84.57
gain	44	17	-86.86
gain	17	45	-70.08
gain	45	17	-66.32
gain	17	46	-83.51
gain	46	17	-86.21
gain	17	47	-72.97
gain	47	17	-69.85
gain	17	48	-82.02
gain	48	17	-86.44
gain	18	19	-75.72
gain	19	18	-81.67
gain	18	20	-72.12
gain	20	18	-74.53
gain	18	21	-86.37
gain	21	18	-85.13
gain	18	22	-63.64
gain	22	18	-70.88
gain	18	23	-69.05
gain	23	18	-74.06
gain	18	24	-57.37
gain	24	18	-56.49
gain	18	25	-83.39
gain	25	18	-81.80
gain	18	26	-64.78
gain	26	18	-65.60
gain	18	27	-80.93
gain	27	18	-81.08
gain	18	28	-70.67
gain	28	18	-68.08
gain	18	29	-78.24
gain	29	18	-81.31
gain	18	30	-81.34
gain	30	18	-81.60
gain	18	31	-69.88
gain	31	18	-63.23
gain	18	32	-72.51
gain	32	18	-71.97
gain	18	33	-83.84
gain	33	18	-90.28
gain	18	34	-83.39
gain	34	18	-86.75
gain	18	35	-76.25
gain	35	18	-75.63
gain	18	36	-77.96
gain	36	18	-80.47
gain	18	37	-83.77
gain	37	18	-88.95
gain	18	38	-86.20
gain	38	18	-88.29
gain	18	39	-82.27
gain	39	18	-86.90
gain	18	40	-67.99
gain	40	18	-75.52
gain	18	41	-56.00
gain	41	18	-57.66
gain	18	42	-75.26
gain	42	18	-76.20
gain	18	43	-62.74
gain	43	18	-61.74
gain	18	44	-72.76
gain	44	18	-73.78
gain	18	45	-83.53
gain	45	18	-78.50
gain	18	46	-67.24
gain	46	18	-68.67
gain	18	47	-77.08
gain	47	18	-72.69
gain	18	48	-82.47
gain	48	18	-85.62
gain	19	20	-89.49
gain	20	19	-85.96
gain	19	21	-90.52
gain	21	19	-83.33
gain	19	22	-89.46
gain	22	19	-90.75
gain	19	23	-81.33
gain	23	19	-80.38
gain	19	24	-79.25
gain	24	19	-72.41
gain	19	25	-68.69
gain	25	19	-61.15
gain	19	26	-78.10
gain	26	19	-72.96
gain	19	27	-83.77
gain	27	19	-77.97
gain	19	28	-89.61
gain	28	19	-81.08
gain	19	29	-82.17
gain	29	19	-79.29
gain	19	30	-74.85
gain	30	19	-69.16
gain	19	31	-77.65
gain	31	19	-65.05
gain	19	32	-87.53
gain	32	19	-81.03
gain	19	33	-84.02
gain	33	19	-84.51
gain	19	34	-82.94
gain	34	19	-80.35
gain	19	35	-79.96
gain	35	19	-73.38
gain	19	36	-74.63
gain	36	19	-71.19
gain	19	37	-82.03
gain	37	19	-81.25
gain	19	38	-85.20
gain	38	19	-81.33
gain	19	39	-75.64
gain	39	19	-74.32
gain	19	40	-69.02
gain	40	19	-70.59
gain	19	41	-88.07
gain	41	19	-83.78
gain	19	42	-73.60
gain	42	19	-68.59
gain	19	43	-82.54
gain	43	19	-75.59
gain	19	44	-66.74
gain	44	19	-61.81
gain	19	45	-81.66
gain	45	19	-70.68
gain	19	46	-89.17
gain	46	19	-84.65
gain	19	47	-75.82
gain	47	19	-65.49
gain	19	48	-78.10
gain	48	19	-75.30
gain	20	21	-90.27
gain	21	20	-86.62
gain	20	22	-72.86
gain	22	20	-77.68
gain	20	23	-88.20
gain	23	20	-90.80
gain	20	24	-83.85
gain	24	20	-80.55
gain	20	25	-83.62
gain	25	20	-79.62
gain	20	26	-82.78
gain	26	20	-81.18
gain	20	27	-80.61
gain	27	20	-78.34
gain	20	28	-61.75
gain	28	20	-56.75
gain	20	29	-88.18
gain	29	20	-88.84
gain	20	30	-83.83
gain	30	20	-81.68
gain	20	31	-70.15
gain	31	20	-61.09
gain	20	32	-75.10
gain	32	20	-72.14
gain	20	33	-81.20
gain	33	20	-85.22
gain	20	34	-87.96
gain	34	20	-88.91
gain	20	35	-76.40
gain	35	20	-73.36
gain	20	36	-86.27
gain	36	20	-86.36
gain	20	37	-87.57
gain	37	20	-90.33
gain	20	38	-90.80
gain	38	20	-90.46
gain	20	39	-87.44
gain	39	20	-89.65
gain	20	40	-81.92
gain	40	20	-87.02
gain	20	41	-70.10
gain	41	20	-69.34
gain	20	42	-85.73
gain	42	20	-84.25
gain	20	43	-71.72
gain	43	20	-68.31
gain	20	44	-83.08
gain	44	20	-81.69
gain	20	45	-87.67
gain	45	20	-80.23
gain	20	46	-80.26
gain	46	20	-79.27
gain	20	47	-91.34
gain	47	20	-84.54
gain	20	48	-87.56
gain	48	20	-88.30
gain	21	22	-87.46
gain	22	21	-95.93
gain	21	23	-77.74
gain	23	21	-83.99
gain	21	24	-83.04
gain	24	21	-83.39
gain	21	25	-75.28
gain	25	21	-74.93
gain	21	26	-82.93
gain	26	21	-84.98
gain	21	27	-88.24
gain	27	21	-89.63
gain	21	28	-85.88
gain	28	21	-84.53
gain	21	29	-85.62
gain	29	21	-89.93
gain	21	30	-79.73
gain	30	21	-81.22
gain	21	31	-87.39
gain	31	21	-81.98
gain	21	32	-79.64
gain	32	21	-80.33
gain	21	33	-85.78
gain	33	21	-93.46
gain	21	34	-77.15
gain	34	21	-81.74
gain	21	35	-92.80
gain	35	21	-93.42
gain	21	36	-85.25
gain	36	21	-88.99
gain	21	37	-64.69
gain	37	21	-71.10
gain	21	38	-87.99
gain	38	21	-91.30
gain	21	39	-84.21
gain	39	21	-90.08
gain	21	40	-79.41
gain	40	21	-88.17
gain	21	41	-86.31
gain	41	21	-89.21
gain	21	42	-74.54
gain	42	21	-76.71
gain	21	43	-83.08
gain	43	21	-83.32
gain	21	44	-80.86
gain	44	21	-83.12
gain	21	45	-71.54
gain	45	21	-67.75
gain	21	46	-81.00
gain	46	21	-83.67
gain	21	47	-70.36
gain	47	21	-67.21
gain	21	48	-79.30
gain	48	21	-83.69
gain	22	23	-82.42
gain	23	22	-80.19
gain	22	24	-78.44
gain	24	22	-70.32
gain	22	25	-89.40
gain	25	22	-80.57
gain	22	26	-81.68
gain	26	22	-75.26
gain	22	27	-87.13
gain	27	22	-80.04
gain	22	28	-79.42
gain	28	22	-69.59
gain	22	29	-93.98
gain	29	22	-89.82
gain	22	30	-91.42
gain	30	22	-84.45
gain	22	31	-81.41
gain	31	22	-67.53
gain	22	32	-80.81
gain	32	22	-73.02
gain	22	33	-91.27
gain	33	22	-90.47
gain	22	34	-92.79
gain	34	22	-88.91
gain	22	35	-91.44
gain	35	22	-83.59
gain	22	36	-87.43
gain	36	22	-82.70
gain	22	37	-90.73
gain	37	22	-88.67
gain	22	38	-87.06
gain	38	22	-81.91
gain	22	39	-96.40
gain	39	22	-93.79
gain	22	40	-85.65
gain	40	22	-85.93
gain	22	41	-64.75
gain	41	22	-59.17
gain	22	42	-87.19
gain	42	22	-80.89
gain	22	43	-72.83
gain	43	22	-64.60
gain	22	44	-91.62
gain	44	22	-85.41
gain	22	45	-92.66
gain	45	22	-80.39
gain	22	46	-77.13
gain	46	22	-71.33
gain	22	47	-87.81
gain	47	22	-76.19
gain	22	48	-96.03
gain	48	22	-91.94
gain	23	24	-70.61
gain	24	23	-64.72
gain	23	25	-88.54
gain	25	23	-81.95
gain	23	26	-81.31
gain	26	23	-77.12
gain	23	27	-87.35
gain	27	23	-82.49
gain	23	28	-94.31
gain	28	23	-86.72
gain	23	29	-86.86
gain	29	23	-84.93
gain	23	30	-88.74
gain	30	23	-84.00
gain	23	31	-85.84
gain	31	23	-74.19
gain	23	32	-79.16
gain	32	23	-73.60
gain	23	33	-88.19
gain	33	23	-89.62
gain	23	34	-78.58
gain	34	23	-76.94
gain	23	35	-84.66
gain	35	23	-79.03
gain	23	36	-82.39
gain	36	23	-79.89
gain	23	37	-88.87
gain	37	23	-89.04
gain	23	38	-94.88
gain	38	23	-91.96
gain	23	39	-92.69
gain	39	23	-92.31
gain	23	40	-70.69
gain	40	23	-73.21
gain	23	41	-81.81
gain	41	23	-78.46
gain	23	42	-73.84
gain	42	23	-69.77
gain	23	43	-79.04
gain	43	23	-73.04
gain	23	44	-82.44
gain	44	23	-78.46
gain	23	45	-81.64
gain	45	23	-71.60
gain	23	46	-74.37
gain	46	23	-70.79
gain	23	47	-79.09
gain	47	23	-69.70
gain	23	48	-92.27
gain	48	23	-90.42
gain	24	25	-80.78
gain	25	24	-80.08
gain	24	26	-69.00
gain	26	24	-70.70
gain	24	27	-85.51
gain	27	24	-86.55
gain	24	28	-74.41
gain	28	24	-72.71
gain	24	29	-84.92
gain	29	24	-88.88
gain	24	30	-83.39
gain	30	24	-84.54
gain	24	31	-74.83
gain	31	24	-69.07
gain	24	32	-77.87
gain	32	24	-78.21
gain	24	33	-83.21
gain	33	24	-90.53
gain	24	34	-76.70
gain	34	24	-80.95
gain	24	35	-79.83
gain	35	24	-80.09
gain	24	36	-78.15
gain	36	24	-81.55
gain	24	37	-80.21
gain	37	24	-86.27
gain	24	38	-83.83
gain	38	24	-86.80
gain	24	39	-83.06
gain	39	24	-88.57
gain	24	40	-73.34
gain	40	24	-81.75
gain	24	41	-62.75
gain	41	24	-65.29
gain	24	42	-74.87
gain	42	24	-76.69
gain	24	43	-66.92
gain	43	24	-66.80
gain	24	44	-72.63
gain	44	24	-74.54
gain	24	45	-79.52
gain	45	24	-75.38
gain	24	46	-63.52
gain	46	24	-65.83
gain	24	47	-75.26
gain	47	24	-71.76
gain	24	48	-89.42
gain	48	24	-93.45
gain	25	26	-73.52
gain	26	25	-75.92
gain	25	27	-77.69
gain	27	25	-79.42
gain	25	28	-84.51
gain	28	25	-83.51
gain	25	29	-79.20
gain	29	25	-83.86
gain	25	30	-65.37
gain	30	25	-67.22
gain	25	31	-83.02
gain	31	25	-77.96
gain	25	32	-78.17
gain	32	25	-79.21
gain	25	33	-82.49
gain	33	25	-90.52
gain	25	34	-72.69
gain	34	25	-77.64
gain	25	35	-82.80
gain	35	25	-83.76
gain	25	36	-71.48
gain	36	25	-75.58
gain	25	37	-68.68
gain	37	25	-75.44
gain	25	38	-73.87
gain	38	25	-77.54
gain	25	39	-70.37
gain	39	25	-76.58
gain	25	40	-68.83
gain	40	25	-77.94
gain	25	41	-79.41
gain	41	25	-82.66
gain	25	42	-68.84
gain	42	25	-71.37
gain	25	43	-74.30
gain	43	25	-74.89
gain	25	44	-67.21
gain	44	25	-69.82
gain	25	45	-76.00
gain	45	25	-72.56
gain	25	46	-80.79
gain	46	25	-83.81
gain	25	47	-65.68
gain	47	25	-62.89
gain	25	48	-67.50
gain	48	25	-72.24
gain	26	27	-71.42
gain	27	26	-70.76
gain	26	28	-65.96
gain	28	26	-62.56
gain	26	29	-81.18
gain	29	26	-83.44
gain	26	30	-73.89
gain	30	26	-73.34
gain	26	31	-60.86
gain	31	26	-53.40
gain	26	32	-65.60
gain	32	26	-64.24
gain	26	33	-68.64
gain	33	26	-74.27
gain	26	34	-81.28
gain	34	26	-83.83
gain	26	35	-70.69
gain	35	26	-69.26
gain	26	36	-72.12
gain	36	26	-73.81
gain	26	37	-88.99
gain	37	26	-93.35
gain	26	38	-83.76
gain	38	26	-85.03
gain	26	39	-83.14
gain	39	26	-86.96
gain	26	40	-71.61
gain	40	26	-78.32
gain	26	41	-68.10
gain	41	26	-68.94
gain	26	42	-82.14
gain	42	26	-82.26
gain	26	43	-60.21
gain	43	26	-58.40
gain	26	44	-72.59
gain	44	26	-72.80
gain	26	45	-84.75
gain	45	26	-78.91
gain	26	46	-78.28
gain	46	26	-78.90
gain	26	47	-84.46
gain	47	26	-79.26
gain	26	48	-79.41
gain	48	26	-81.75
gain	27	28	-67.25
gain	28	27	-64.52
gain	27	29	-79.53
gain	29	27	-82.46
gain	27	30	-78.34
gain	30	27	-78.46
gain	27	31	-58.67
gain	31	27	-51.87
gain	27	32	-76.48
gain	32	27	-75.79
gain	27	33	-59.75
gain	33	27	-66.04
gain	27	34	-87.69
gain	34	27	-90.90
gain	27	35	-64.24
gain	35	27	-63.47
gain	27	36	-77.81
gain	36	27	-80.17
gain	27	37	-89.06
gain	37	27	-94.08
gain	27	38	-75.86
gain	38	27	-77.79
gain	27	39	-82.41
gain	39	27	-86.88
gain	27	40	-84.15
gain	40	27	-91.52
gain	27	41	-78.34
gain	41	27	-79.85
gain	27	42	-80.31
gain	42	27	-81.10
gain	27	43	-71.71
gain	43	27	-70.56
gain	27	44	-74.94
gain	44	27	-75.81
gain	27	45	-88.65
gain	45	27	-83.47
gain	27	46	-82.57
gain	46	27	-83.85
gain	27	47	-88.86
gain	47	27	-84.33
gain	27	48	-86.92
gain	48	27	-89.93
gain	28	29	-83.61
gain	29	28	-89.26
gain	28	30	-75.98
gain	30	28	-78.82
gain	28	31	-61.49
gain	31	28	-57.43
gain	28	32	-63.89
gain	32	28	-65.93
gain	28	33	-74.93
gain	33	28	-83.96
gain	28	34	-87.15
gain	34	28	-93.10
gain	28	35	-70.51
gain	35	28	-72.48
gain	28	36	-75.34
gain	36	28	-80.43
gain	28	37	-86.83
gain	37	28	-94.59
gain	28	38	-80.71
gain	38	28	-85.37
gain	28	39	-79.95
gain	39	28	-87.17
gain	28	40	-71.89
gain	40	28	-82.00
gain	28	41	-64.94
gain	41	28	-69.18
gain	28	42	-81.33
gain	42	28	-84.85
gain	28	43	-67.93
gain	43	28	-69.52
gain	28	44	-73.46
gain	44	28	-77.07
gain	28	45	-89.48
gain	45	28	-87.03
gain	28	46	-80.27
gain	46	28	-84.29
gain	28	47	-77.63
gain	47	28	-75.83
gain	28	48	-84.85
gain	48	28	-90.58
gain	29	30	-64.63
gain	30	29	-61.82
gain	29	31	-81.43
gain	31	29	-71.71
gain	29	32	-80.27
gain	32	29	-76.65
gain	29	33	-81.50
gain	33	29	-84.87
gain	29	34	-90.02
gain	34	29	-90.31
gain	29	35	-82.46
gain	35	29	-78.76
gain	29	36	-67.44
gain	36	29	-66.87
gain	29	37	-88.75
gain	37	29	-90.86
gain	29	38	-71.54
gain	38	29	-70.54
gain	29	39	-66.34
gain	39	29	-67.89
gain	29	40	-83.27
gain	40	29	-87.72
gain	29	41	-86.70
gain	41	29	-85.29
gain	29	42	-79.85
gain	42	29	-77.71
gain	29	43	-79.68
gain	43	29	-75.61
gain	29	44	-78.03
gain	44	29	-75.98
gain	29	45	-90.76
gain	45	29	-82.66
gain	29	46	-87.37
gain	46	29	-85.73
gain	29	47	-84.05
gain	47	29	-76.59
gain	29	48	-81.05
gain	48	29	-81.13
gain	30	31	-84.47
gain	31	30	-77.56
gain	30	32	-89.24
gain	32	30	-88.43
gain	30	33	-73.09
gain	33	30	-79.27
gain	30	34	-83.84
gain	34	30	-86.94
gain	30	35	-77.54
gain	35	30	-76.66
gain	30	36	-61.60
gain	36	30	-63.84
gain	30	37	-80.75
gain	37	30	-85.66
gain	30	38	-70.61
gain	38	30	-72.43
gain	30	39	-58.02
gain	39	30	-62.39
gain	30	40	-80.25
gain	40	30	-87.51
gain	30	41	-83.38
gain	41	30	-84.77
gain	30	42	-81.52
gain	42	30	-82.19
gain	30	43	-76.93
gain	43	30	-75.67
gain	30	44	-69.96
gain	44	30	-70.72
gain	30	45	-81.45
gain	45	30	-76.16
gain	30	46	-86.93
gain	46	30	-88.10
gain	30	47	-81.78
gain	47	30	-77.13
gain	30	48	-71.68
gain	48	30	-74.57
gain	31	32	-52.37
gain	32	31	-58.47
gain	31	33	-60.14
gain	33	31	-73.23
gain	31	34	-87.21
gain	34	31	-97.22
gain	31	35	-59.24
gain	35	31	-65.26
gain	31	36	-71.81
gain	36	31	-80.97
gain	31	37	-79.72
gain	37	31	-91.55
gain	31	38	-71.23
gain	38	31	-79.96
gain	31	39	-72.37
gain	39	31	-83.65
gain	31	40	-68.15
gain	40	31	-82.32
gain	31	41	-66.20
gain	41	31	-74.50
gain	31	42	-77.70
gain	42	31	-85.28
gain	31	43	-58.50
gain	43	31	-64.14
gain	31	44	-66.74
gain	44	31	-74.41
gain	31	45	-78.76
gain	45	31	-80.37
gain	31	46	-72.80
gain	46	31	-80.88
gain	31	47	-77.75
gain	47	31	-80.01
gain	31	48	-80.60
gain	48	31	-90.40
gain	32	33	-72.49
gain	33	32	-79.48
gain	32	34	-83.91
gain	34	32	-87.82
gain	32	35	-68.49
gain	35	32	-68.42
gain	32	36	-76.66
gain	36	32	-79.71
gain	32	37	-85.46
gain	37	32	-91.18
gain	32	38	-85.82
gain	38	32	-88.45
gain	32	39	-79.06
gain	39	32	-84.23
gain	32	40	-74.59
gain	40	32	-82.66
gain	32	41	-55.89
gain	41	32	-58.09
gain	32	42	-81.09
gain	42	32	-82.58
gain	32	43	-54.73
gain	43	32	-54.28
gain	32	44	-77.42
gain	44	32	-78.99
gain	32	45	-85.72
gain	45	32	-81.24
gain	32	46	-77.28
gain	46	32	-79.25
gain	32	47	-85.27
gain	47	32	-81.44
gain	32	48	-87.66
gain	48	32	-91.36
gain	33	34	-93.53
gain	34	33	-90.45
gain	33	35	-59.19
gain	35	33	-52.13
gain	33	36	-76.93
gain	36	33	-72.99
gain	33	37	-93.09
gain	37	33	-91.82
gain	33	38	-80.41
gain	38	33	-76.05
gain	33	39	-80.76
gain	39	33	-78.94
gain	33	40	-78.38
gain	40	33	-79.46
gain	33	41	-84.87
gain	41	33	-80.08
gain	33	42	-92.46
gain	42	33	-86.96
gain	33	43	-80.36
gain	43	33	-72.92
gain	33	44	-81.85
gain	44	33	-76.44
gain	33	45	-90.83
gain	45	33	-79.36
gain	33	46	-86.16
gain	46	33	-81.15
gain	33	47	-89.53
gain	47	33	-78.70
gain	33	48	-81.31
gain	48	33	-78.02
gain	34	35	-94.16
gain	35	34	-90.17
gain	34	36	-81.85
gain	36	34	-81.00
gain	34	37	-72.94
gain	37	34	-74.76
gain	34	38	-92.60
gain	38	34	-91.32
gain	34	39	-90.17
gain	39	34	-91.43
gain	34	40	-79.44
gain	40	34	-83.60
gain	34	41	-81.35
gain	41	34	-79.64
gain	34	42	-73.90
gain	42	34	-71.47
gain	34	43	-84.04
gain	43	34	-79.69
gain	34	44	-82.58
gain	44	34	-80.24
gain	34	45	-56.45
gain	45	34	-48.06
gain	34	46	-88.78
gain	46	34	-86.85
gain	34	47	-71.00
gain	47	34	-63.26
gain	34	48	-76.61
gain	48	34	-76.40
gain	35	36	-74.25
gain	36	35	-77.38
gain	35	37	-83.29
gain	37	35	-89.09
gain	35	38	-78.62
gain	38	35	-81.32
gain	35	39	-75.14
gain	39	35	-80.39
gain	35	40	-69.19
gain	40	35	-77.33
gain	35	41	-76.49
gain	41	35	-78.77
gain	35	42	-76.66
gain	42	35	-78.22
gain	35	43	-69.97
gain	43	35	-69.59
gain	35	44	-70.90
gain	44	35	-72.55
gain	35	45	-87.10
gain	45	35	-82.70
gain	35	46	-80.09
gain	46	35	-82.15
gain	35	47	-78.96
gain	47	35	-75.20
gain	35	48	-81.62
gain	48	35	-85.40
gain	36	37	-82.71
gain	37	36	-85.38
gain	36	38	-74.49
gain	38	36	-74.07
gain	36	39	-70.01
gain	39	36	-72.13
gain	36	40	-76.97
gain	40	36	-81.99
gain	36	41	-74.40
gain	41	36	-73.55
gain	36	42	-83.50
gain	42	36	-81.93
gain	36	43	-79.16
gain	43	36	-75.66
gain	36	44	-68.95
gain	44	36	-67.47
gain	36	45	-86.13
gain	45	36	-78.60
gain	36	46	-79.66
gain	46	36	-78.58
gain	36	47	-80.92
gain	47	36	-74.03
gain	36	48	-77.42
gain	48	36	-78.06
gain	37	38	-88.49
gain	38	37	-85.40
gain	37	39	-85.65
gain	39	37	-85.10
gain	37	40	-82.05
gain	40	37	-84.40
gain	37	41	-91.42
gain	41	37	-87.90
gain	37	42	-75.42
gain	42	37	-71.18
gain	37	43	-86.46
gain	43	37	-80.29
gain	37	44	-88.90
gain	44	37	-84.75
gain	37	45	-73.36
gain	45	37	-63.16
gain	37	46	-86.26
gain	46	37	-82.51
gain	37	47	-68.89
gain	47	37	-59.33
gain	37	48	-88.80
gain	48	37	-86.78
gain	38	39	-67.34
gain	39	38	-69.89
gain	38	40	-87.08
gain	40	38	-92.52
gain	38	41	-87.65
gain	41	38	-87.23
gain	38	42	-89.99
gain	42	38	-88.85
gain	38	43	-87.72
gain	43	38	-84.64
gain	38	44	-77.25
gain	44	38	-76.19
gain	38	45	-87.44
gain	45	38	-80.33
gain	38	46	-85.78
gain	46	38	-85.12
gain	38	47	-86.12
gain	47	38	-79.65
gain	38	48	-74.45
gain	48	38	-75.52
gain	39	40	-81.88
gain	40	39	-84.78
gain	39	41	-90.26
gain	41	39	-87.29
gain	39	42	-82.22
gain	42	39	-78.53
gain	39	43	-81.97
gain	43	39	-76.35
gain	39	44	-78.20
gain	44	39	-74.60
gain	39	45	-83.98
gain	45	39	-74.32
gain	39	46	-90.47
gain	46	39	-87.27
gain	39	47	-83.02
gain	47	39	-74.01
gain	39	48	-70.51
gain	48	39	-69.04
gain	40	41	-83.22
gain	41	40	-77.36
gain	40	42	-81.06
gain	42	40	-74.47
gain	40	43	-80.70
gain	43	40	-72.18
gain	40	44	-69.22
gain	44	40	-62.72
gain	40	45	-91.47
gain	45	40	-78.92
gain	40	46	-85.53
gain	46	40	-79.44
gain	40	47	-82.38
gain	47	40	-70.48
gain	40	48	-85.72
gain	48	40	-81.35
gain	41	42	-87.36
gain	42	41	-86.64
gain	41	43	-63.48
gain	43	41	-60.82
gain	41	44	-80.39
gain	44	41	-79.75
gain	41	45	-81.58
gain	45	41	-74.89
gain	41	46	-75.03
gain	46	41	-74.80
gain	41	47	-84.76
gain	47	41	-78.72
gain	41	48	-86.71
gain	48	41	-88.21
gain	42	43	-84.95
gain	43	42	-83.01
gain	42	44	-74.87
gain	44	42	-74.96
gain	42	45	-73.44
gain	45	42	-67.48
gain	42	46	-78.51
gain	46	42	-79.00
gain	42	47	-63.19
gain	47	42	-57.87
gain	42	48	-83.93
gain	48	42	-86.15
gain	43	44	-71.76
gain	44	43	-73.78
gain	43	45	-86.97
gain	45	43	-82.93
gain	43	46	-73.60
gain	46	43	-76.02
gain	43	47	-78.67
gain	47	43	-75.29
gain	43	48	-84.36
gain	48	43	-88.51
gain	44	45	-87.75
gain	45	44	-81.70
gain	44	46	-77.48
gain	46	44	-77.89
gain	44	47	-71.24
gain	47	44	-65.83
gain	44	48	-77.78
gain	48	44	-79.91
gain	45	46	-79.50
gain	46	45	-85.96
gain	45	47	-58.19
gain	47	45	-58.83
gain	45	48	-77.20
gain	48	45	-85.38
gain	46	47	-81.85
gain	47	46	-76.03
gain	46	48	-82.18
gain	48	46	-83.90
gain	47	48	-73.55
gain	48	47	-81.08
noise	0	-105.49	4.00
noise	1	-100.60	4.00
noise	2	-103.74	4.00
noise	3	-104.93	4.00
noise	4	-101.92	4.00
noise	5	-102.18	4.00
noise	6	-106.85	4.00
noise	7	-106.75	4.00
noise	8	-103.29	4.00
noise	9	-104.00	4.00
noise	10	-105.23	4.00
noise	11	-104.19	4.00
noise	12	-104.06	4.00
noise	13	-105.80	4.00
noise	14	-106.22	4.00
noise	15	-105.19	4.00
noise	16	-107.83	4.00
noise	17	-105.11	4.00
noise	18	-108.75	4.00
noise	19	-102.83	4.00
noise	20	-102.24	4.00
noise	21	-105.90	4.00
noise	22	-104.56	4.00
noise	23	-103.03	4.00
noise	24	-104.36	4.00
noise	25	-105.43	4.00
noise	26	-106.55	4.00
noise	27	-105.21	4.00
noise	28	-107.94	4.00
noise	29	-102.95	4.00
noise	30	-107.76	4.00
noise	31	-109.65	4.00
noise	32	-105.42	4.00
noise	33	-102.34	4.00
noise	34	-105.41	4.00
noise	35	-107.39	4.00
noise	36	-105.06	4.00
noise	37	-101.89	4.00
noise	38	-107.00	4.00
noise	39	-102.81	4.00
noise	40	-101.51	4.00
noise	41	-104.83	4.00
noise	42	-104.76	4.00
noise	43	-105.70	4.00
noise	44	-105.57	4.00
noise	45	-107.21	4.00
noise	46	-106.66	4.00
noise	47	-110.87	4.00
noise	48	-104.87	4.00
